#       Ef[Ry] T [K]            N         DOS(Ef)           S             s/t               R_H        kappa0         c                 chi
   0.48316  350.0000     16.66523492  0.22381094E+03  0.44031666E-05  0.40651068E+21  0.12104256E-12  0.34448292E+16  0.64490510E+01  0.33413055E-08
   0.48366  350.0000     16.60933115  0.22340150E+03  0.46027673E-05  0.40500861E+21 -0.20631134E-11  0.34340818E+16  0.64446131E+01  0.33351930E-08
   0.48416  350.0000     16.55354213  0.22289634E+03  0.47849983E-05  0.40347241E+21 -0.41755214E-11  0.34230996E+16  0.64364077E+01  0.33276514E-08
   0.48466  350.0000     16.49788953  0.22231235E+03  0.49493063E-05  0.40191829E+21 -0.61968071E-11  0.34116028E+16  0.64233708E+01  0.33189328E-08
   0.48516  350.0000     16.44239179  0.22165797E+03  0.50987749E-05  0.40036105E+21 -0.81184151E-11  0.33993301E+16  0.64050074E+01  0.33091636E-08
   0.48566  350.0000     16.38706660  0.22093050E+03  0.52400274E-05  0.39881136E+21 -0.99444106E-11  0.33860843E+16  0.63815798E+01  0.32983030E-08
   0.48616  350.0000     16.33193381  0.22011549E+03  0.53824611E-05  0.39727361E+21 -0.11692376E-10  0.33717709E+16  0.63541615E+01  0.32861356E-08
   0.48666  350.0000     16.27701815  0.21918875E+03  0.55369178E-05  0.39574462E+21 -0.13393083E-10  0.33564207E+16  0.63245375E+01  0.32723002E-08
   0.48716  350.0000     16.22235122  0.21812054E+03  0.57140177E-05  0.39421356E+21 -0.15088739E-10  0.33401943E+16  0.62949615E+01  0.32563527E-08
   0.48766  350.0000     16.16797216  0.21688125E+03  0.59224411E-05  0.39266296E+21 -0.16829848E-10  0.33233672E+16  0.62678213E+01  0.32378512E-08
   0.48816  350.0000     16.11392684  0.21544748E+03  0.61674325E-05  0.39107080E+21 -0.18670944E-10  0.33063002E+16  0.62452790E+01  0.32164463E-08
   0.48866  350.0000     16.06026566  0.21380726E+03  0.64497281E-05  0.38941311E+21 -0.20665676E-10  0.32893995E+16  0.62289632E+01  0.31919591E-08
   0.48916  350.0000     16.00704022  0.21196344E+03  0.67650226E-05  0.38766699E+21 -0.22861852E-10  0.32730730E+16  0.62197717E+01  0.31644325E-08
   0.48966  350.0000     15.95429937  0.20993499E+03  0.71040001E-05  0.38581347E+21 -0.25296983E-10  0.32576879E+16  0.62178072E+01  0.31341495E-08
   0.49016  350.0000     15.90208530  0.20775609E+03  0.74528968E-05  0.38384001E+21 -0.27994806E-10  0.32435341E+16  0.62224317E+01  0.31016203E-08
   0.49066  350.0000     15.85042998  0.20547372E+03  0.77945276E-05  0.38174238E+21 -0.30963033E-10  0.32307968E+16  0.62323984E+01  0.30675465E-08
   0.49116  350.0000     15.79935236  0.20314450E+03  0.81096851E-05  0.37952572E+21 -0.34192460E-10  0.32195417E+16  0.62460108E+01  0.30327733E-08
   0.49166  350.0000     15.74885641  0.20083120E+03  0.83787892E-05  0.37720456E+21 -0.37657491E-10  0.32097139E+16  0.62612745E+01  0.29982378E-08
   0.49216  350.0000     15.69892997  0.19859929E+03  0.85836271E-05  0.37480191E+21 -0.41318092E-10  0.32011524E+16  0.62760298E+01  0.29649172E-08
   0.49266  350.0000     15.64954457  0.19651350E+03  0.87089772E-05  0.37234741E+21 -0.45123194E-10  0.31936179E+16  0.62880730E+01  0.29337781E-08
   0.49316  350.0000     15.60065598  0.19463436E+03  0.87438863E-05  0.36987480E+21 -0.49015443E-10  0.31868318E+16  0.62952832E+01  0.29057242E-08
   0.49366  350.0000     15.55220575  0.19301459E+03  0.86823999E-05  0.36741907E+21 -0.52936956E-10  0.31805184E+16  0.62957638E+01  0.28815424E-08
   0.49416  350.0000     15.50412358  0.19169561E+03  0.85236298E-05  0.36501379E+21 -0.56835454E-10  0.31744444E+16  0.62879946E+01  0.28618512E-08
   0.49466  350.0000     15.45633057  0.19070453E+03  0.82711774E-05  0.36268898E+21 -0.60669889E-10  0.31684479E+16  0.62709739E+01  0.28470552E-08
   0.49516  350.0000     15.40874306  0.19005194E+03  0.79320627E-05  0.36046973E+21 -0.64414568E-10  0.31624533E+16  0.62443232E+01  0.28373126E-08
   0.49566  350.0000     15.36127690  0.18973115E+03  0.75154035E-05  0.35837584E+21 -0.68060926E-10  0.31564701E+16  0.62083316E+01  0.28325234E-08
   0.49616  350.0000     15.31385175  0.18971874E+03  0.70311143E-05  0.35642222E+21 -0.71616529E-10  0.31505782E+16  0.61639229E+01  0.28323381E-08
   0.49666  350.0000     15.26639497  0.18997670E+03  0.64888505E-05  0.35461985E+21 -0.75101357E-10  0.31449053E+16  0.61125493E+01  0.28361893E-08
   0.49716  350.0000     15.21884496  0.19045566E+03  0.58973299E-05  0.35297703E+21 -0.78542026E-10  0.31396001E+16  0.60560280E+01  0.28433397E-08
   0.49766  350.0000     15.17115346  0.19109878E+03  0.52640615E-05  0.35150063E+21 -0.81964999E-10  0.31348085E+16  0.59963494E+01  0.28529410E-08
   0.49816  350.0000     15.12328692  0.19184572E+03  0.45954139E-05  0.35019698E+21 -0.85390060E-10  0.31306565E+16  0.59354970E+01  0.28640922E-08
   0.49866  350.0000     15.07522699  0.19263600E+03  0.38969017E-05  0.34907253E+21 -0.88825229E-10  0.31272393E+16  0.58753126E+01  0.28758904E-08
   0.49916  350.0000     15.02697017  0.19341145E+03  0.31735500E-05  0.34813399E+21 -0.92263981E-10  0.31246194E+16  0.58174325E+01  0.28874672E-08
   0.49966  350.0000     14.97852705  0.19411767E+03  0.24302262E-05  0.34738828E+21 -0.95685052E-10  0.31228280E+16  0.57632938E+01  0.28980105E-08
   0.50016  350.0000     14.92992127  0.19470482E+03  0.16718796E-05  0.34684227E+21 -0.99054601E-10  0.31218702E+16  0.57141813E+01  0.29067761E-08
   0.50066  350.0000     14.88118829  0.19512837E+03  0.90368588E-06  0.34650251E+21 -0.10233000E-09  0.31217291E+16  0.56712665E+01  0.29130993E-08
   0.50116  350.0000     14.83237389  0.19535058E+03  0.13113090E-06  0.34637494E+21 -0.10546436E-09  0.31223695E+16  0.56355842E+01  0.29164167E-08
   0.50166  350.0000     14.78353219  0.19534294E+03 -0.63992486E-06  0.34646465E+21 -0.10841098E-09  0.31237399E+16  0.56079166E+01  0.29163027E-08
   0.50216  350.0000     14.73472296  0.19508938E+03 -0.14031682E-05  0.34677561E+21 -0.11112695E-09  0.31257752E+16  0.55885980E+01  0.29125172E-08
   0.50266  350.0000     14.68600809  0.19458937E+03 -0.21517379E-05  0.34731034E+21 -0.11357580E-09  0.31284000E+16  0.55772968E+01  0.29050525E-08
   0.50316  350.0000     14.63744746  0.19385971E+03 -0.28781369E-05  0.34806951E+21 -0.11572887E-09  0.31315345E+16  0.55728616E+01  0.28941593E-08
   0.50366  350.0000     14.58909462  0.19293385E+03 -0.35742063E-05  0.34905136E+21 -0.11756589E-09  0.31351030E+16  0.55733126E+01  0.28803370E-08
   0.50416  350.0000     14.54099303  0.19185832E+03 -0.42312299E-05  0.35025116E+21 -0.11907480E-09  0.31390453E+16  0.55760176E+01  0.28642804E-08
   0.50466  350.0000     14.49317348  0.19068660E+03 -0.48402348E-05  0.35166055E+21 -0.12025118E-09  0.31433281E+16  0.55780319E+01  0.28467875E-08
   0.50516  350.0000     14.44565332  0.18947156E+03 -0.53925148E-05  0.35326722E+21 -0.12109736E-09  0.31479560E+16  0.55765294E+01  0.28286480E-08
   0.50566  350.0000     14.39843751  0.18825826E+03 -0.58803411E-05  0.35505478E+21 -0.12162127E-09  0.31529765E+16  0.55692173E+01  0.28105345E-08
   0.50616  350.0000     14.35152135  0.18707838E+03 -0.62977548E-05  0.35700316E+21 -0.12183507E-09  0.31584782E+16  0.55546436E+01  0.27929199E-08
   0.50666  350.0000     14.30489421  0.18594734E+03 -0.66412824E-05  0.35908954E+21 -0.12175366E-09  0.31645802E+16  0.55323369E+01  0.27760345E-08
   0.50716  350.0000     14.25854364  0.18486431E+03 -0.69104031E-05  0.36128959E+21 -0.12139341E-09  0.31714137E+16  0.55027706E+01  0.27598658E-08
   0.50766  350.0000     14.21245924  0.18381472E+03 -0.71076455E-05  0.36357914E+21 -0.12077130E-09  0.31790996E+16  0.54671852E+01  0.27441963E-08
   0.50816  350.0000     14.16663550  0.18277437E+03 -0.72382658E-05  0.36593564E+21 -0.11990467E-09  0.31877254E+16  0.54273225E+01  0.27286647E-08
   0.50866  350.0000     14.12107370  0.18171429E+03 -0.73095637E-05  0.36833950E+21 -0.11881175E-09  0.31973264E+16  0.53851343E+01  0.27128386E-08
   0.50916  350.0000     14.07578243  0.18060540E+03 -0.73299651E-05  0.37077484E+21 -0.11751279E-09  0.32078761E+16  0.53425176E+01  0.26962838E-08
   0.50966  350.0000     14.03077719  0.17942239E+03 -0.73080439E-05  0.37322970E+21 -0.11603139E-09  0.32192855E+16  0.53011105E+01  0.26786225E-08
   0.51016  350.0000     13.98607901  0.17814643E+03 -0.72516471E-05  0.37569567E+21 -0.11439576E-09  0.32314114E+16  0.52621652E+01  0.26595735E-08
   0.51066  350.0000     13.94171265  0.17676669E+03 -0.71672445E-05  0.37816708E+21 -0.11263952E-09  0.32440723E+16  0.52264968E+01  0.26389752E-08
   0.51116  350.0000     13.89770453  0.17528076E+03 -0.70595640E-05  0.38063992E+21 -0.11080150E-09  0.32570667E+16  0.51944903E+01  0.26167916E-08
   0.51166  350.0000     13.85408066  0.17369433E+03 -0.69315091E-05  0.38311073E+21 -0.10892472E-09  0.32701924E+16  0.51661429E+01  0.25931075E-08
   0.51216  350.0000     13.81086468  0.17202040E+03 -0.67843107E-05  0.38557560E+21 -0.10705423E-09  0.32832627E+16  0.51411192E+01  0.25681172E-08
   0.51266  350.0000     13.76807616  0.17027827E+03 -0.66178362E-05  0.38802933E+21 -0.10523442E-09  0.32961184E+16  0.51188052E+01  0.25421086E-08
   0.51316  350.0000     13.72572921  0.16849230E+03 -0.64309740E-05  0.39046493E+21 -0.10350578E-09  0.33086352E+16  0.50983585E+01  0.25154457E-08
   0.51366  350.0000     13.68383132  0.16669061E+03 -0.62220229E-05  0.39287345E+21 -0.10190200E-09  0.33207258E+16  0.50787601E+01  0.24885480E-08
   0.51416  350.0000     13.64238270  0.16490336E+03 -0.59890396E-05  0.39524393E+21 -0.10044753E-09  0.33323388E+16  0.50588760E+01  0.24618658E-08
   0.51466  350.0000     13.60137591  0.16316087E+03 -0.57301249E-05  0.39756372E+21 -0.99156135E-10  0.33434551E+16  0.50375338E+01  0.24358520E-08
   0.51516  350.0000     13.56079615  0.16149154E+03 -0.54436506E-05  0.39981880E+21 -0.98030588E-10  0.33540825E+16  0.50136146E+01  0.24109304E-08
   0.51566  350.0000     13.52062200  0.15991965E+03 -0.51284447E-05  0.40199428E+21 -0.97063455E-10  0.33642501E+16  0.49861536E+01  0.23874633E-08
   0.51616  350.0000     13.48082668  0.15846329E+03 -0.47839512E-05  0.40407488E+21 -0.96238809E-10  0.33740023E+16  0.49544399E+01  0.23657211E-08
   0.51666  350.0000     13.44137985  0.15713273E+03 -0.44103729E-05  0.40604553E+21 -0.95534600E-10  0.33833927E+16  0.49181052E+01  0.23458571E-08
   0.51716  350.0000     13.40224970  0.15592926E+03 -0.40087902E-05  0.40789192E+21 -0.94925341E-10  0.33924781E+16  0.48771880E+01  0.23278902E-08
   0.51766  350.0000     13.36340528  0.15484478E+03 -0.35812359E-05  0.40960107E+21 -0.94384765E-10  0.34013113E+16  0.48321638E+01  0.23116999E-08
   0.51816  350.0000     13.32481878  0.15386239E+03 -0.31307011E-05  0.41116196E+21 -0.93888153E-10  0.34099345E+16  0.47839298E+01  0.22970336E-08
   0.51866  350.0000     13.28646759  0.15295781E+03 -0.26610512E-05  0.41256606E+21 -0.93414104E-10  0.34183715E+16  0.47337399E+01  0.22835290E-08
   0.51916  350.0000     13.24833583  0.15210177E+03 -0.21768394E-05  0.41380780E+21 -0.92945616E-10  0.34266210E+16  0.46830889E+01  0.22707491E-08
   0.51966  350.0000     13.21041526  0.15126309E+03 -0.16830233E-05  0.41488491E+21 -0.92470479E-10  0.34346506E+16  0.46335566E+01  0.22582283E-08
   0.52016  350.0000     13.17270533  0.15041200E+03 -0.11846007E-05  0.41579854E+21 -0.91981094E-10  0.34423935E+16  0.45866338E+01  0.22455223E-08
   0.52066  350.0000     13.13521241  0.14952334E+03 -0.68619903E-06  0.41655319E+21 -0.91473885E-10  0.34497482E+16  0.45435569E+01  0.22322553E-08
   0.52116  350.0000     13.09794832  0.14857903E+03 -0.19166151E-06  0.41715626E+21 -0.90948525E-10  0.34565824E+16  0.45051818E+01  0.22181576E-08
   0.52166  350.0000     13.06092835  0.14756956E+03  0.29631822E-06  0.41761745E+21 -0.90407135E-10  0.34627403E+16  0.44719201E+01  0.22030870E-08
   0.52216  350.0000     13.02416906  0.14649414E+03  0.77645905E-06  0.41794785E+21 -0.89853574E-10  0.34680541E+16  0.44437459E+01  0.21870320E-08
   0.52266  350.0000     12.98768620  0.14535984E+03  0.12490084E-05  0.41815890E+21 -0.89292868E-10  0.34723574E+16  0.44202686E+01  0.21700978E-08
   0.52316  350.0000     12.95149297  0.14417973E+03  0.17156828E-05  0.41826135E+21 -0.88730756E-10  0.34754995E+16  0.44008525E+01  0.21524798E-08
   0.52366  350.0000     12.91559875  0.14297067E+03  0.21794284E-05  0.41826434E+21 -0.88173316E-10  0.34773573E+16  0.43847557E+01  0.21344296E-08
   0.52416  350.0000     12.88000851  0.14175106E+03  0.26440299E-05  0.41817464E+21 -0.87626605E-10  0.34778445E+16  0.43712617E+01  0.21162218E-08
   0.52466  350.0000     12.84472259  0.14053899E+03  0.31136234E-05  0.41799625E+21 -0.87096246E-10  0.34769161E+16  0.43597792E+01  0.20981267E-08
   0.52516  350.0000     12.80973700  0.13935100E+03  0.35921924E-05  0.41773032E+21 -0.86586948E-10  0.34745667E+16  0.43498976E+01  0.20803910E-08
   0.52566  350.0000     12.77504388  0.13820153E+03  0.40831314E-05  0.41737541E+21 -0.86101946E-10  0.34708255E+16  0.43413982E+01  0.20632305E-08
   0.52616  350.0000     12.74063199  0.13710292E+03  0.45889412E-05  0.41692790E+21 -0.85642449E-10  0.34657473E+16  0.43342314E+01  0.20468291E-08
   0.52666  350.0000     12.70648730  0.13606569E+03  0.51110813E-05  0.41638253E+21 -0.85207156E-10  0.34594037E+16  0.43284764E+01  0.20313442E-08
   0.52716  350.0000     12.67259327  0.13509899E+03  0.56499630E-05  0.41573294E+21 -0.84791944E-10  0.34518759E+16  0.43243018E+01  0.20169122E-08
   0.52766  350.0000     12.63893125  0.13421084E+03  0.62050271E-05  0.41497209E+21 -0.84389763E-10  0.34432504E+16  0.43219396E+01  0.20036529E-08
   0.52816  350.0000     12.60548071  0.13340826E+03  0.67748334E-05  0.41409252E+21 -0.83990775E-10  0.34336168E+16  0.43216775E+01  0.19916710E-08
   0.52866  350.0000     12.57221949  0.13269717E+03  0.73571009E-05  0.41308663E+21 -0.83582652E-10  0.34230684E+16  0.43238677E+01  0.19810550E-08
   0.52916  350.0000     12.53912411  0.13208231E+03  0.79486609E-05  0.41194693E+21 -0.83150980E-10  0.34117021E+16  0.43289426E+01  0.19718757E-08
   0.52966  350.0000     12.50617002  0.13156722E+03  0.85453274E-05  0.41066630E+21 -0.82679673E-10  0.33996173E+16  0.43374252E+01  0.19641859E-08
   0.53016  350.0000     12.47333196  0.13115456E+03  0.91417140E-05  0.40923847E+21 -0.82151316E-10  0.33869123E+16  0.43499225E+01  0.19580252E-08
   0.53066  350.0000     12.44058401  0.13084672E+03  0.97310544E-05  0.40765846E+21 -0.81547379E-10  0.33736785E+16  0.43670926E+01  0.19534294E-08
   0.53116  350.0000     12.40789960  0.13064699E+03  0.10305085E-04  0.40592318E+21 -0.80848284E-10  0.33599923E+16  0.43895795E+01  0.19504476E-08
   0.53166  350.0000     12.37525105  0.13056100E+03  0.10854054E-04  0.40403199E+21 -0.80033317E-10  0.33459072E+16  0.44179177E+01  0.19491638E-08
   0.53216  350.0000     12.34260883  0.13059835E+03  0.11366914E-04  0.40198717E+21 -0.79080401E-10  0.33314445E+16  0.44524179E+01  0.19497214E-08
   0.53266  350.0000     12.30994037  0.13077402E+03  0.11831748E-04  0.39979425E+21 -0.77965801E-10  0.33165863E+16  0.44930572E+01  0.19523440E-08
   0.53316  350.0000     12.27720856  0.13110909E+03  0.12236465E-04  0.39746213E+21 -0.76663837E-10  0.33012709E+16  0.45394052E+01  0.19573464E-08
   0.53366  350.0000     12.24437032  0.13163028E+03  0.12569760E-04  0.39500289E+21 -0.75146770E-10  0.32853924E+16  0.45906197E+01  0.19651273E-08
   0.53416  350.0000     12.21137536  0.13236811E+03  0.12822271E-04  0.39243123E+21 -0.73384953E-10  0.32688055E+16  0.46455331E+01  0.19761424E-08
   0.53466  350.0000     12.17816561  0.13335366E+03  0.12987834E-04  0.38976356E+21 -0.71347381E-10  0.32513363E+16  0.47028298E+01  0.19908559E-08
   0.53516  350.0000     12.14467556  0.13461460E+03  0.13064630E-04  0.38701680E+21 -0.69002635E-10  0.32327976E+16  0.47612824E+01  0.20096806E-08
   0.53566  350.0000     12.11083365  0.13617115E+03  0.13056041E-04  0.38420700E+21 -0.66320142E-10  0.32130076E+16  0.48199940E+01  0.20329186E-08
   0.53616  350.0000     12.07656451  0.13803306E+03  0.12971024E-04  0.38134801E+21 -0.63271554E-10  0.31918091E+16  0.48785850E+01  0.20607153E-08
   0.53666  350.0000     12.04179180  0.14019837E+03  0.12823867E-04  0.37845029E+21 -0.59832019E-10  0.31690856E+16  0.49372682E+01  0.20930416E-08
   0.53716  350.0000     12.00644107  0.14265439E+03  0.12633300E-04  0.37552002E+21 -0.55981106E-10  0.31447730E+16  0.49967833E+01  0.21297077E-08
   0.53766  350.0000     11.97044207  0.14538076E+03  0.12421061E-04  0.37255868E+21 -0.51703259E-10  0.31188658E+16  0.50581964E+01  0.21704101E-08
   0.53816  350.0000     11.93373013  0.14835401E+03  0.12210084E-04  0.36956303E+21 -0.46987770E-10  0.30914170E+16  0.51226043E+01  0.22147983E-08
   0.53866  350.0000     11.89624631  0.15155251E+03  0.12022615E-04  0.36652540E+21 -0.41828402E-10  0.30625329E+16  0.51908120E+01  0.22625492E-08
   0.53916  350.0000     11.85793643  0.15496058E+03  0.11878529E-04  0.36343443E+21 -0.36222895E-10  0.30323644E+16  0.52630588E+01  0.23134287E-08
   0.53966  350.0000     11.81874919  0.15857092E+03  0.11794069E-04  0.36027591E+21 -0.30172556E-10  0.30010962E+16  0.53388567E+01  0.23673280E-08
   0.54016  350.0000     11.77863403  0.16238475E+03  0.11781132E-04  0.35703382E+21 -0.23682057E-10  0.29689347E+16  0.54169721E+01  0.24242652E-08
   0.54066  350.0000     11.73753923  0.16640964E+03  0.11847078E-04  0.35369135E+21 -0.16759410E-10  0.29360971E+16  0.54955490E+01  0.24843534E-08
   0.54116  350.0000     11.69541078  0.17065556E+03  0.11994954E-04  0.35023190E+21 -0.94159489E-11  0.29028021E+16  0.55723482E+01  0.25477412E-08
   0.54166  350.0000     11.65219242  0.17512966E+03  0.12223961E-04  0.34664003E+21 -0.16660889E-11  0.28692616E+16  0.56450577E+01  0.26145358E-08
   0.54216  350.0000     11.60782699  0.17983081E+03  0.12530019E-04  0.34290226E+21  0.64733126E-11  0.28356748E+16  0.57116370E+01  0.26847199E-08
   0.54266  350.0000     11.56225926  0.18474432E+03  0.12906284E-04  0.33900781E+21  0.14984039E-10  0.28022231E+16  0.57706493E+01  0.27580744E-08
   0.54316  350.0000     11.51543977  0.18983791E+03  0.13343558E-04  0.33494924E+21  0.23847900E-10  0.27690647E+16  0.58215417E+01  0.28341174E-08
   0.54366  350.0000     11.46732958  0.19505957E+03  0.13830597E-04  0.33072316E+21  0.33048129E-10  0.27363277E+16  0.58648260E+01  0.29120723E-08
   0.54416  350.0000     11.41790521  0.20033795E+03  0.14354375E-04  0.32633081E+21  0.42570439E-10  0.27041024E+16  0.59021197E+01  0.29908739E-08
   0.54466  350.0000     11.36716313  0.20558562E+03  0.14900393E-04  0.32177858E+21  0.52403419E-10  0.26724321E+16  0.59360206E+01  0.30692171E-08
   0.54516  350.0000     11.31512308  0.21070502E+03  0.15453148E-04  0.31707826E+21  0.62538126E-10  0.26413076E+16  0.59698236E+01  0.31456454E-08
   0.54566  350.0000     11.26182965  0.21559625E+03  0.15996780E-04  0.31224695E+21  0.72966928E-10  0.26106649E+16  0.60071274E+01  0.32186673E-08
   0.54616  350.0000     11.20735183  0.22016545E+03  0.16515895E-04  0.30730641E+21  0.83681876E-10  0.25803916E+16  0.60514075E+01  0.32868816E-08
   0.54666  350.0000     11.15178050  0.22433239E+03  0.16996432E-04  0.30228204E+21  0.94672966E-10  0.25503405E+16  0.61056426E+01  0.33490904E-08
   0.54716  350.0000     11.09522429  0.22803627E+03  0.17426432E-04  0.29720139E+21  0.10592668E-09  0.25203483E+16  0.61720525E+01  0.34043860E-08
   0.54766  350.0000     11.03780418  0.23123930E+03  0.17796570E-04  0.29209260E+21  0.11742502E-09  0.24902576E+16  0.62519612E+01  0.34522046E-08
   0.54816  350.0000     10.97964753  0.23392849E+03  0.18100369E-04  0.28698290E+21  0.12914519E-09  0.24599348E+16  0.63457540E+01  0.34923519E-08
   0.54866  350.0000     10.92088181  0.23611599E+03  0.18334114E-04  0.28189745E+21  0.14105971E-09  0.24292842E+16  0.64528752E+01  0.35250094E-08
   0.54916  350.0000     10.86162832  0.23783882E+03  0.18496536E-04  0.27685865E+21  0.15313695E-09  0.23982526E+16  0.65718261E+01  0.35507297E-08
   0.54966  350.0000     10.80199612  0.23915778E+03  0.18588408E-04  0.27188575E+21  0.16534183E-09  0.23668279E+16  0.67001524E+01  0.35704208E-08
   0.55016  350.0000     10.74207625  0.24015555E+03  0.18612126E-04  0.26699498E+21  0.17763673E-09  0.23350319E+16  0.68344500E+01  0.35853165E-08
   0.55066  350.0000     10.68193673  0.24093307E+03  0.18571384E-04  0.26219990E+21  0.18998252E-09  0.23029085E+16  0.69704323E+01  0.35969242E-08
   0.55116  350.0000     10.62161860  0.24160414E+03  0.18470949E-04  0.25751180E+21  0.20233976E-09  0.22705111E+16  0.71031028E+01  0.36069427E-08
   0.55166  350.0000     10.56113360  0.24228788E+03  0.18316556E-04  0.25294026E+21  0.21467016E-09  0.22378908E+16  0.72270469E+01  0.36171505E-08
   0.55216  350.0000     10.50046395  0.24309974E+03  0.18114888E-04  0.24849353E+21  0.22693814E-09  0.22050860E+16  0.73368255E+01  0.36292709E-08
   0.55266  350.0000     10.43956448  0.24414178E+03  0.17873626E-04  0.24417881E+21  0.23911264E-09  0.21721156E+16  0.74274219E+01  0.36448276E-08
   0.55316  350.0000     10.37836716  0.24549355E+03  0.17601514E-04  0.24000231E+21  0.25116898E-09  0.21389769E+16  0.74946776E+01  0.36650083E-08
   0.55366  350.0000     10.31678767  0.24720459E+03  0.17308380E-04  0.23596903E+21  0.26309089E-09  0.21056470E+16  0.75356480E+01  0.36905527E-08
   0.55416  350.0000     10.25473359  0.24928967E+03  0.17005061E-04  0.23208243E+21  0.27487248E-09  0.20720894E+16  0.75488252E+01  0.37216812E-08
   0.55466  350.0000     10.19211337  0.25172715E+03  0.16703211E-04  0.22834398E+21  0.28651994E-09  0.20382611E+16  0.75341946E+01  0.37580706E-08
   0.55516  350.0000     10.12884527  0.25446057E+03  0.16415007E-04  0.22475266E+21  0.29805273E-09  0.20041216E+16  0.74931303E+01  0.37988783E-08
   0.55566  350.0000     10.06486560  0.25740292E+03  0.16152825E-04  0.22130461E+21  0.30950395E-09  0.19696395E+16  0.74281697E+01  0.38428050E-08
   0.55616  350.0000     10.00013566  0.26044241E+03  0.15928951E-04  0.21799297E+21  0.32091987E-09  0.19347960E+16  0.73427359E+01  0.38881820E-08
   0.55666  350.0000      9.93464712  0.26344887E+03  0.15755401E-04  0.21480787E+21  0.33235863E-09  0.18995868E+16  0.72408748E+01  0.39330659E-08
   0.55716  350.0000      9.86842581  0.26628012E+03  0.15643835E-04  0.21173660E+21  0.34388859E-09  0.18640204E+16  0.71270412E+01  0.39753340E-08
   0.55766  350.0000      9.80153400  0.26878816E+03  0.15605543E-04  0.20876392E+21  0.35558665E-09  0.18281160E+16  0.70059160E+01  0.40127769E-08
   0.55816  350.0000      9.73407094  0.27082598E+03  0.15651453E-04  0.20587240E+21  0.36753683E-09  0.17919000E+16  0.68822026E+01  0.40431998E-08
   0.55866  350.0000      9.66617178  0.27225509E+03  0.15792124E-04  0.20304286E+21  0.37982925E-09  0.17554039E+16  0.67603520E+01  0.40645352E-08
   0.55916  350.0000      9.59800435  0.27295360E+03  0.16037721E-04  0.20025470E+21  0.39255948E-09  0.17186620E+16  0.66442267E+01  0.40749634E-08
   0.55966  350.0000      9.52976411  0.27282353E+03  0.16398007E-04  0.19748629E+21  0.40582830E-09  0.16817114E+16  0.65367828E+01  0.40730216E-08
   0.56016  350.0000      9.46166748  0.27179566E+03  0.16882336E-04  0.19471519E+21  0.41974173E-09  0.16445939E+16  0.64398911E+01  0.40576763E-08
   0.56066  350.0000      9.39394444  0.26983068E+03  0.17499640E-04  0.19191835E+21  0.43441157E-09  0.16073595E+16  0.63543791E+01  0.40283408E-08
   0.56116  350.0000      9.32683127  0.26691698E+03  0.18258357E-04  0.18907221E+21  0.44995631E-09  0.15700726E+16  0.62802805E+01  0.39848417E-08
   0.56166  350.0000      9.26056407  0.26306655E+03  0.19166229E-04  0.18615291E+21  0.46650244E-09  0.15328175E+16  0.62171700E+01  0.39273582E-08
   0.56216  350.0000      9.19537344  0.25831134E+03  0.20229972E-04  0.18313650E+21  0.48418623E-09  0.14957017E+16  0.61644287E+01  0.38563670E-08
   0.56266  350.0000      9.13147969  0.25270126E+03  0.21454848E-04  0.17999943E+21  0.50315570E-09  0.14588574E+16  0.61213380E+01  0.37726132E-08
   0.56316  350.0000      9.06908846  0.24630402E+03  0.22844226E-04  0.17671919E+21  0.52357289E-09  0.14224380E+16  0.60870111E+01  0.36771079E-08
   0.56366  350.0000      9.00838617  0.23920547E+03  0.24399228E-04  0.17327509E+21  0.54561649E-09  0.13866122E+16  0.60602588E+01  0.35711327E-08
   0.56416  350.0000      8.94953560  0.23150891E+03  0.26118498E-04  0.16964917E+21  0.56948445E-09  0.13515570E+16  0.60395077E+01  0.34562297E-08
   0.56466  350.0000      8.89267173  0.22333249E+03  0.27998101E-04  0.16582702E+21  0.59539683E-09  0.13174498E+16  0.60228407E+01  0.33341627E-08
   0.56516  350.0000      8.83789865  0.21480464E+03  0.30031456E-04  0.16179860E+21  0.62359827E-09  0.12844618E+16  0.60081658E+01  0.32068492E-08
   0.56566  350.0000      8.78528761  0.20605833E+03  0.32209210E-04  0.15755893E+21  0.65436018E-09  0.12527509E+16  0.59934634E+01  0.30762743E-08
   0.56616  350.0000      8.73487672  0.19722498E+03  0.34518927E-04  0.15310886E+21  0.68798202E-09  0.12224529E+16  0.59770522E+01  0.29444000E-08
   0.56666  350.0000      8.68667196  0.18842915E+03  0.36944548E-04  0.14845574E+21  0.72479176E-09  0.11936708E+16  0.59578126E+01  0.28130858E-08
   0.56716  350.0000      8.64064950  0.17978455E+03  0.39465604E-04  0.14361416E+21  0.76514518E-09  0.11664601E+16  0.59353295E+01  0.26840293E-08
   0.56766  350.0000      8.59675866  0.17139190E+03  0.42056279E-04  0.13860654E+21  0.80942369E-09  0.11408143E+16  0.59099282E+01  0.25587343E-08
   0.56816  350.0000      8.55492523  0.16333869E+03  0.44684428E-04  0.13346332E+21  0.85803035E-09  0.11166523E+16  0.58826005E+01  0.24385067E-08
   0.56866  350.0000      8.51505469  0.15570059E+03  0.47310728E-04  0.12822276E+21  0.91138318E-09  0.10938129E+16  0.58548369E+01  0.23244764E-08
   0.56916  350.0000      8.47703478  0.14854414E+03  0.49888081E-04  0.12292982E+21  0.96990426E-09  0.10720609E+16  0.58283951E+01  0.22176368E-08
   0.56966  350.0000      8.44073743  0.14192992E+03  0.52361416E-04  0.11763444E+21  0.10340029E-08  0.10511045E+16  0.58050439E+01  0.21188921E-08
   0.57016  350.0000      8.40601983  0.13591565E+03  0.54667985E-04  0.11238905E+21  0.11040506E-08  0.10306246E+16  0.57863209E+01  0.20291041E-08
   0.57066  350.0000      8.37272484  0.13055862E+03  0.56738261E-04  0.10724585E+21  0.11803449E-08  0.10103094E+16  0.57733388E+01  0.19491284E-08
   0.57116  350.0000      8.34068090  0.12591701E+03  0.58497580E-04  0.10225396E+21  0.12630611E-08  0.98988966E+15  0.57666647E+01  0.18798330E-08
   0.57166  350.0000      8.30970180  0.12204976E+03  0.59868638E-04  0.97456960E+20  0.13521897E-08  0.96916984E+15  0.57662862E+01  0.18220983E-08
   0.57216  350.0000      8.27958662  0.11901517E+03  0.60774934E-04  0.92891023E+20  0.14474622E-08  0.94804932E+15  0.57716632E+01  0.17767945E-08
   0.57266  350.0000      8.25012022  0.11686828E+03  0.61145030E-04  0.88583786E+20  0.15482686E-08  0.92653301E+15  0.57818511E+01  0.17447433E-08
   0.57316  350.0000      8.22107444  0.11565756E+03  0.60917296E-04  0.84554067E+20  0.16535738E-08  0.90472974E+15  0.57956687E+01  0.17266682E-08
   0.57366  350.0000      8.19221020  0.11542133E+03  0.60044498E-04  0.80812374E+20  0.17618430E-08  0.88283928E+15  0.58118810E+01  0.17231416E-08
   0.57416  350.0000      8.16328045  0.11618447E+03  0.58497428E-04  0.77362114E+20  0.18709844E-08  0.86112979E+15  0.58293752E+01  0.17345346E-08
   0.57466  350.0000      8.13403393  0.11795536E+03  0.56266808E-04  0.74201286E+20  0.19783190E-08  0.83990894E+15  0.58473234E+01  0.17609725E-08
   0.57516  350.0000      8.10421961  0.12072348E+03  0.53363002E-04  0.71324414E+20  0.20805813E-08  0.81949281E+15  0.58653343E+01  0.18022981E-08
   0.57566  350.0000      8.07359164  0.12445748E+03  0.49813595E-04  0.68724460E+20  0.21739592E-08  0.80017645E+15  0.58835950E+01  0.18580435E-08
   0.57616  350.0000      8.04191475  0.12910416E+03  0.45659570E-04  0.66394501E+20  0.22541781E-08  0.78220963E+15  0.59029899E+01  0.19274144E-08
   0.57666  350.0000      8.00896968  0.13458880E+03  0.40951362E-04  0.64329000E+20  0.23166480E-08  0.76577950E+15  0.59251645E+01  0.20092954E-08
   0.57716  350.0000      7.97455831  0.14081743E+03  0.35746320E-04  0.62524610E+20  0.23566931E-08  0.75100123E+15  0.59524854E+01  0.21022836E-08
   0.57766  350.0000      7.93850798  0.14768156E+03  0.30108775E-04  0.60980473E+20  0.23698924E-08  0.73791623E+15  0.59878562E+01  0.22047591E-08
   0.57816  350.0000      7.90067423  0.15506527E+03  0.24112983E-04  0.59698055E+20  0.23525366E-08  0.72649759E+15  0.60343775E+01  0.23149916E-08
   0.57866  350.0000      7.86094162  0.16285403E+03  0.17847901E-04  0.58680549E+20  0.23021756E-08  0.71666139E+15  0.60948895E+01  0.24312711E-08
   0.57916  350.0000      7.81922219  0.17094378E+03  0.11421525E-04  0.57931970E+20  0.22181706E-08  0.70828274E+15  0.61714808E+01  0.25520441E-08
   0.57966  350.0000      7.77545188  0.17924850E+03  0.49620496E-05  0.57456033E+20  0.21021117E-08  0.70121459E+15  0.62650750E+01  0.26760265E-08
   0.58016  350.0000      7.72958537  0.18770490E+03 -0.13862114E-05  0.57254978E+20  0.19579475E-08  0.69530729E+15  0.63751916E+01  0.28022733E-08
   0.58066  350.0000      7.68159016  0.19627322E+03 -0.74724692E-05  0.57328468E+20  0.17917228E-08  0.69042663E+15  0.64999299E+01  0.29301910E-08
   0.58116  350.0000      7.63144105  0.20493456E+03 -0.13152921E-04  0.57672709E+20  0.16109295E-08  0.68646863E+15  0.66361622E+01  0.30594973E-08
   0.58166  350.0000      7.57911545  0.21368534E+03 -0.18304821E-04  0.58279881E+20  0.14236077E-08  0.68336941E+15  0.67798738E+01  0.31901390E-08
   0.58216  350.0000      7.52459051  0.22253052E+03 -0.22837778E-04  0.59137957E+20  0.12374096E-08  0.68110929E+15  0.69265640E+01  0.33221900E-08
   0.58266  350.0000      7.46784178  0.23147645E+03 -0.26699992E-04  0.60230940E+20  0.10588397E-08  0.67971049E+15  0.70716371E+01  0.34557450E-08
   0.58316  350.0000      7.40884376  0.24052438E+03 -0.29878782E-04  0.61539505E+20  0.89280027E-09  0.67922859E+15  0.72107383E+01  0.35908229E-08
   0.58366  350.0000      7.34757183  0.24966501E+03 -0.32396230E-04  0.63041989E+20  0.74246658E-09  0.67973861E+15  0.73400244E+01  0.37272846E-08
   0.58416  350.0000      7.28400551  0.25887396E+03 -0.34301564E-04  0.64715625E+20  0.60942449E-09  0.68131697E+15  0.74563829E+01  0.38647664E-08
   0.58466  350.0000      7.21813268  0.26810818E+03 -0.35662029E-04  0.66537883E+20  0.49396706E-09  0.68402164E+15  0.75576269E+01  0.40026254E-08
   0.58516  350.0000      7.14995463  0.27730301E+03 -0.36553667E-04  0.68487734E+20  0.39544695E-09  0.68787297E+15  0.76426881E+01  0.41398963E-08
   0.58566  350.0000      7.07949175  0.28637010E+03 -0.37053022E-04  0.70546678E+20  0.31261033E-09  0.69283817E+15  0.77118082E+01  0.42752602E-08
   0.58616  350.0000      7.00678956  0.29519673E+03 -0.37230339E-04  0.72699352E+20  0.24387160E-09  0.69882227E+15  0.77666967E+01  0.44070342E-08
   0.58666  350.0000      6.93192467  0.30364739E+03 -0.37144607E-04  0.74933594E+20  0.18751580E-09  0.70566777E+15  0.78105870E+01  0.45331954E-08
   0.58716  350.0000      6.85500994  0.31156878E+03 -0.36840618E-04  0.77239935E+20  0.14183356E-09  0.71316406E+15  0.78481111E+01  0.46514549E-08
   0.58766  350.0000      6.77619791  0.31879868E+03 -0.36348072E-04  0.79610535E+20  0.10520241E-09  0.72106608E+15  0.78849308E+01  0.47593911E-08
   0.58816  350.0000      6.69568148  0.32517868E+03 -0.35682662E-04  0.82037749E+20  0.76130281E-10  0.72911972E+15  0.79271155E+01  0.48546391E-08
   0.58866  350.0000      6.61369110  0.33056946E+03 -0.34848838E-04  0.84512559E+20  0.53275419E-10  0.73708981E+15  0.79803292E+01  0.49351187E-08
   0.58916  350.0000      6.53048805  0.33486620E+03 -0.33843732E-04  0.87023162E+20  0.35453125E-10  0.74478552E+15  0.80489618E+01  0.49992654E-08
   0.58966  350.0000      6.44635411  0.33801146E+03 -0.32661496E-04  0.89554005E+20  0.21635428E-10  0.75207853E+15  0.81353864E+01  0.50462215E-08
   0.59016  350.0000      6.36157866  0.34000248E+03 -0.31297301E-04  0.92085425E+20  0.10946530E-10  0.75891086E+15  0.82395259E+01  0.50759456E-08
   0.59066  350.0000      6.27644488  0.34089104E+03 -0.29750317E-04  0.94593939E+20  0.26547319E-11  0.76529209E+15  0.83588550E+01  0.50892111E-08
   0.59116  350.0000      6.19121688  0.34077580E+03 -0.28025380E-04  0.97053076E+20 -0.38390028E-11  0.77128810E+15  0.84888626E+01  0.50874906E-08
   0.59166  350.0000      6.10612972  0.33978821E+03 -0.26133366E-04  0.99434541E+20 -0.90155043E-11  0.77700535E+15  0.86238838E+01  0.50727468E-08
   0.59216  350.0000      6.02138322  0.33807520E+03 -0.24090620E-04  0.10170949E+21 -0.13254092E-10  0.78257458E+15  0.87581212E+01  0.50471731E-08
   0.59266  350.0000      5.93714043  0.33578180E+03 -0.21917881E-04  0.10384977E+21 -0.16850465E-10  0.78813715E+15  0.88866444E+01  0.50129346E-08
   0.59316  350.0000      5.85352988  0.33303685E+03 -0.19639169E-04  0.10582890E+21 -0.20034645E-10  0.79383541E+15  0.90061774E+01  0.49719548E-08
   0.59366  350.0000      5.77065092  0.32994399E+03 -0.17280928E-04  0.10762301E+21 -0.22987841E-10  0.79980664E+15  0.91155521E+01  0.49257810E-08
   0.59416  350.0000      5.68858050  0.32657892E+03 -0.14871596E-04  0.10921151E+21 -0.25857084E-10  0.80617907E+15  0.92157738E+01  0.48755435E-08
   0.59466  350.0000      5.60737983  0.32299284E+03 -0.12441625E-04  0.11057779E+21 -0.28766638E-10  0.81306760E+15  0.93097105E+01  0.48220063E-08
   0.59516  350.0000      5.52709953  0.31922117E+03 -0.10023779E-04  0.11170992E+21 -0.31825461E-10  0.82056697E+15  0.94014623E+01  0.47656985E-08
   0.59566  350.0000      5.44778207  0.31529596E+03 -0.76535014E-05  0.11260150E+21 -0.35130520E-10  0.82874110E+15  0.94955077E+01  0.47070984E-08
   0.59616  350.0000      5.36946088  0.31125971E+03 -0.53689972E-05  0.11325244E+21 -0.38766249E-10  0.83760884E+15  0.95957547E+01  0.46468407E-08
   0.59666  350.0000      5.29215609  0.30717813E+03 -0.32107257E-05  0.11366973E+21 -0.42800986E-10  0.84712867E+15  0.97046445E+01  0.45859063E-08
   0.59716  350.0000      5.21586752  0.30314929E+03 -0.12200556E-05  0.11386781E+21 -0.47281485E-10  0.85718601E+15  0.98224597E+01  0.45257591E-08
   0.59766  350.0000      5.14056598  0.29930718E+03  0.56299851E-06  0.11386849E+21 -0.52226815E-10  0.86758761E+15  0.99469571E+01  0.44683997E-08
   0.59816  350.0000      5.06618452  0.29581872E+03  0.21028371E-05  0.11370010E+21 -0.57622962E-10  0.87806643E+15  0.10073390E+02  0.44163200E-08
   0.59866  350.0000      4.99261133  0.29287400E+03  0.33718051E-05  0.11339596E+21 -0.63419460E-10  0.88829814E+15  0.10194928E+02  0.43723578E-08
   0.59916  350.0000      4.91968569  0.29067096E+03  0.43536898E-05  0.11299218E+21 -0.69529231E-10  0.89792777E+15  0.10303416E+02  0.43394684E-08
   0.59966  350.0000      4.84719840  0.28939624E+03  0.50465929E-05  0.11252518E+21 -0.75832470E-10  0.90660273E+15  0.10390373E+02  0.43204379E-08
   0.60016  350.0000      4.77489717  0.28920449E+03  0.54645890E-05  0.11202905E+21 -0.82184804E-10  0.91400693E+15  0.10448115E+02  0.43175752E-08
   0.60066  350.0000      4.70249710  0.29019909E+03  0.56377293E-05  0.11153324E+21 -0.88429030E-10  0.91989053E+15  0.10470824E+02  0.43324237E-08
   0.60116  350.0000      4.62969548  0.29241696E+03  0.56102211E-05  0.11106088E+21 -0.94408803E-10  0.92409092E+15  0.10455418E+02  0.43655346E-08
   0.60166  350.0000      4.55618966  0.29581991E+03  0.54369603E-05  0.11062774E+21 -0.99981997E-10  0.92654199E+15  0.10402083E+02  0.44163377E-08
   0.60216  350.0000      4.48169608  0.30029392E+03  0.51789179E-05  0.11024206E+21 -0.10503142E-09  0.92727129E+15  0.10314367E+02  0.44831309E-08
   0.60266  350.0000      4.40596849  0.30565660E+03  0.48980970E-05  0.10990514E+21 -0.10947123E-09  0.92638590E+15  0.10198839E+02  0.45631911E-08
   0.60316  350.0000      4.32881332  0.31167167E+03  0.46528137E-05  0.10961252E+21 -0.11324835E-09  0.92405009E+15  0.10064378E+02  0.46529910E-08
   0.60366  350.0000      4.25010080  0.31806852E+03  0.44939333E-05  0.10935552E+21 -0.11633947E-09  0.92045805E+15  0.99211984E+01  0.47484904E-08
   0.60416  350.0000      4.16977087  0.32456397E+03  0.44624497E-05  0.10912293E+21 -0.11874483E-09  0.91580623E+15  0.97797911E+01  0.48454620E-08
   0.60466  350.0000      4.08783353  0.33088381E+03  0.45885029E-05  0.10890260E+21 -0.12048049E-09  0.91026922E+15  0.96499055E+01  0.49398117E-08
   0.60516  350.0000      4.00436426  0.33678149E+03  0.48916665E-05  0.10868260E+21 -0.12157082E-09  0.90398302E+15  0.95397164E+01  0.50278590E-08
   0.60566  350.0000      3.91949515  0.34205250E+03  0.53821507E-05  0.10845193E+21 -0.12204240E-09  0.89703779E+15  0.94552457E+01  0.51065507E-08
   0.60616  350.0000      3.83340317  0.34654347E+03  0.60624984E-05  0.10820073E+21 -0.12192011E-09  0.88948042E+15  0.94000761E+01  0.51735971E-08
   0.60666  350.0000      3.74629678  0.35015587E+03  0.69293925E-05  0.10791995E+21 -0.12122532E-09  0.88132504E+15  0.93753445E+01  0.52275271E-08
   0.60716  350.0000      3.65840234  0.35284465E+03  0.79752988E-05  0.10760089E+21 -0.11997570E-09  0.87256784E+15  0.93799831E+01  0.52676682E-08
   0.60766  350.0000      3.56995129  0.35461271E+03  0.91898081E-05  0.10723455E+21 -0.11818592E-09  0.86320212E+15  0.94111567E+01  0.52940639E-08
   0.60816  350.0000      3.48116927  0.35550219E+03  0.10560654E-04  0.10681123E+21 -0.11586820E-09  0.85323007E+15  0.94648362E+01  0.53073430E-08
   0.60866  350.0000      3.39226757  0.35558385E+03  0.12074467E-04  0.10632038E+21 -0.11303222E-09  0.84266915E+15  0.95364338E+01  0.53085621E-08
   0.60916  350.0000      3.30343730  0.35494636E+03  0.13717353E-04  0.10575068E+21 -0.10968419E-09  0.83155310E+15  0.96214072E+01  0.52990449E-08
   0.60966  350.0000      3.21484622  0.35368699E+03  0.15475372E-04  0.10509036E+21 -0.10582498E-09  0.81992896E+15  0.97157358E+01  0.52802436E-08
   0.61016  350.0000      3.12663734  0.35190518E+03  0.17334950E-04  0.10432769E+21 -0.10144787E-09  0.80785253E+15  0.98161840E+01  0.52536427E-08
   0.61066  350.0000      3.03892893  0.34969977E+03  0.19283203E-04  0.10345132E+21 -0.96536155E-10  0.79538418E+15  0.99203049E+01  0.52207179E-08
   0.61116  350.0000      2.95181451  0.34716984E+03  0.21308122E-04  0.10245073E+21 -0.91060956E-10  0.78258629E+15  0.10026193E+02  0.51829482E-08
   0.61166  350.0000      2.86536251  0.34441816E+03  0.23398552E-04  0.10131645E+21 -0.84979153E-10  0.76952223E+15  0.10132049E+02  0.51418680E-08
   0.61216  350.0000      2.77961469  0.34155574E+03  0.25543937E-04  0.10004032E+21 -0.78231202E-10  0.75625637E+15  0.10235661E+02  0.50991345E-08
   0.61266  350.0000      2.69458367  0.33870534E+03  0.27733816E-04  0.98615699E+20 -0.70738359E-10  0.74285388E+15  0.10333940E+02  0.50565805E-08
   0.61316  350.0000      2.61024977  0.33600225E+03  0.29957127E-04  0.97037744E+20 -0.62398778E-10  0.72937942E+15  0.10422636E+02  0.50162257E-08
   0.61366  350.0000      2.52655824  0.33359095E+03  0.32201368E-04  0.95303668E+20 -0.53082127E-10  0.71589446E+15  0.10496311E+02  0.49802270E-08
   0.61416  350.0000      2.44341778  0.33161751E+03  0.34451681E-04  0.93413101E+20 -0.42622674E-10  0.70245278E+15  0.10548601E+02  0.49507653E-08
   0.61466  350.0000      2.36070155  0.33021852E+03  0.36689984E-04  0.91368445E+20 -0.30811295E-10  0.68909472E+15  0.10572719E+02  0.49298795E-08
   0.61516  350.0000      2.27825103  0.32950825E+03  0.38894280E-04  0.89175224E+20 -0.17387438E-10  0.67584022E+15  0.10562076E+02  0.49192759E-08
   0.61566  350.0000      2.19588326  0.32956638E+03  0.41038392E-04  0.86842377E+20 -0.20326645E-11  0.66268157E+15  0.10510904E+02  0.49201437E-08
   0.61616  350.0000      2.11340074  0.33042799E+03  0.43092460E-04  0.84382432E+20  0.15632044E-10  0.64957676E+15  0.10414748E+02  0.49330067E-08
   0.61666  350.0000      2.03060349  0.33207714E+03  0.45024585E-04  0.81811469E+20  0.36042714E-10  0.63644512E+15  0.10270762E+02  0.49576271E-08
   0.61716  350.0000      1.94730222  0.33444392E+03  0.46803960E-04  0.79148765E+20  0.59680267E-10  0.62316747E+15  0.10077852E+02  0.49929611E-08
   0.61766  350.0000      1.86333195  0.33740384E+03  0.48405596E-04  0.76416059E+20  0.87048682E-10  0.60959254E+15  0.98367354E+01  0.50371502E-08
   0.61816  350.0000      1.77856562  0.34077818E+03  0.49816294E-04  0.73636384E+20  0.11864446E-09  0.59555071E+15  0.95500546E+01  0.50875262E-08
   0.61866  350.0000      1.69292756  0.34433437E+03  0.51040948E-04  0.70832576E+20  0.15492172E-09  0.58087432E+15  0.92226176E+01  0.51406171E-08
   0.61916  350.0000      1.60640692  0.34778700E+03  0.52107675E-04  0.68025605E+20  0.19626088E-09  0.56542171E+15  0.88617286E+01  0.51921619E-08
   0.61966  350.0000      1.51907045  0.35080154E+03  0.53070098E-04  0.65233019E+20  0.24295101E-09  0.54910061E+15  0.84774545E+01  0.52371665E-08
   0.62016  350.0000      1.43107376  0.35300395E+03  0.54005481E-04  0.62467745E+20  0.29519546E-09  0.53188605E+15  0.80825866E+01  0.52700464E-08
   0.62066  350.0000      1.34266914  0.35399851E+03  0.55008498E-04  0.59737481E+20  0.35314545E-09  0.51382914E+15  0.76920864E+01  0.52848943E-08
   0.62116  350.0000      1.25420784  0.35339441E+03  0.56181745E-04  0.57044765E+20  0.41695878E-09  0.49505496E+15  0.73219469E+01  0.52758757E-08
   0.62166  350.0000      1.16613479  0.35083853E+03  0.57625156E-04  0.54387690E+20  0.48687396E-09  0.47575039E+15  0.69875951E+01  0.52377187E-08
   0.62216  350.0000      1.07897494  0.34604970E+03  0.59426691E-04  0.51761118E+20  0.56328627E-09  0.45614447E+15  0.67021166E+01  0.51662254E-08
   0.62266  350.0000      0.99331128  0.33884896E+03  0.61656036E-04  0.49158180E+20  0.64681418E-09  0.43648482E+15  0.64746391E+01  0.50587246E-08
   0.62316  350.0000      0.90975642  0.32918112E+03  0.64361948E-04  0.46571846E+20  0.73835020E-09  0.41701382E+15  0.63091592E+01  0.49143921E-08
   0.62366  350.0000      0.82892016  0.31712434E+03  0.67572887E-04  0.43996365E+20  0.83909671E-09  0.39794740E+15  0.62039904E+01  0.47343947E-08
   0.62416  350.0000      0.75137632  0.30288655E+03  0.71300032E-04  0.41428426E+20  0.95059245E-09  0.37945887E+15  0.61519040E+01  0.45218366E-08
   0.62466  350.0000      0.67763211  0.28678901E+03  0.75541687E-04  0.38867911E+20  0.10747386E-08  0.36166928E+15  0.61409404E+01  0.42815142E-08
   0.62516  350.0000      0.60810300  0.26923897E+03  0.80288199E-04  0.36318199E+20  0.12138341E-08  0.34464496E+15  0.61557923E+01  0.40195071E-08
   0.62566  350.0000      0.54309551  0.25069468E+03  0.85526769E-04  0.33786023E+20  0.13706297E-08  0.32840204E+15  0.61795735E+01  0.37426567E-08
   0.62616  350.0000      0.48279918  0.23162734E+03  0.91245654E-04  0.31280952E+20  0.15484115E-08  0.31291630E+15  0.61957206E+01  0.34579976E-08
   0.62666  350.0000      0.42728794  0.21248497E+03  0.97437387E-04  0.28814651E+20  0.17511226E-08  0.29813593E+15  0.61897453E+01  0.31722186E-08
   0.62716  350.0000      0.37652982  0.19366261E+03  0.10410077E-03  0.26400047E+20  0.19835339E-08  0.28399449E+15  0.61505886E+01  0.28912169E-08
   0.62766  350.0000      0.33040293  0.17548188E+03  0.11124150E-03  0.24050560E+20  0.22514743E-08  0.27042170E+15  0.60714152E+01  0.26197940E-08
   0.62816  350.0000      0.28871530  0.15818127E+03  0.11887131E-03  0.21779470E+20  0.25621305E-08  0.25735085E+15  0.59497977E+01  0.23615109E-08
   0.62866  350.0000      0.25122575  0.14191673E+03  0.12700585E-03  0.19599463E+20  0.29244280E-08  0.24472260E+15  0.57873443E+01  0.21186952E-08
   0.62916  350.0000      0.21766359  0.12677043E+03  0.13566111E-03  0.17522307E+20  0.33495023E-08  0.23248610E+15  0.55889058E+01  0.18925739E-08
   0.62966  350.0000      0.18774532  0.11276530E+03  0.14484861E-03  0.15558628E+20  0.38512657E-08  0.22059875E+15  0.53615357E+01  0.16834893E-08
   0.63016  350.0000      0.16118737  0.99882120E+02  0.15456896E-03  0.13717710E+20  0.44470660E-08  0.20902589E+15  0.51133852E+01  0.14911545E-08
   0.63066  350.0000      0.13771444  0.88076462E+02  0.16480344E-03  0.12007289E+20  0.51584072E-08  0.19774154E+15  0.48526914E+01  0.13149061E-08
   0.63116  350.0000      0.11706393  0.77293325E+02  0.17550273E-03  0.10433312E+20  0.60116526E-08  0.18673043E+15  0.45869772E+01  0.11539231E-08
   0.63166  350.0000      0.09898715  0.67477946E+02  0.18657148E-03  0.89996913E+19  0.70385325E-08  0.17599136E+15  0.43225308E+01  0.10073879E-08
   0.63216  350.0000      0.08324835  0.58582158E+02  0.19784663E-03  0.77080761E+19  0.82760849E-08  0.16554089E+15  0.40641876E+01  0.87458141E-09
   0.63266  350.0000      0.06962275  0.50566464E+02  0.20906652E-03  0.65577161E+19  0.97653075E-08  0.15541657E+15  0.38153862E+01  0.75491398E-09
   0.63316  350.0000      0.05789447  0.43398691E+02  0.21982659E-03  0.55454552E+19  0.11547174E-07  0.14567863E+15  0.35784323E+01  0.64790527E-09
   0.63366  350.0000      0.04785510  0.37050565E+02  0.22951681E-03  0.46658969E+19  0.13653627E-07  0.13640927E+15  0.33548750E+01  0.55313319E-09
   0.63416  350.0000      0.03930324  0.31493754E+02  0.23723668E-03  0.39117468E+19  0.16089636E-07  0.12770954E+15  0.31458927E+01  0.47017476E-09
   0.63466  350.0000      0.03204490  0.26696697E+02  0.24168917E-03  0.32743044E+19  0.18800713E-07  0.11969408E+15  0.29526045E+01  0.39855881E-09
   0.63516  350.0000      0.02589459  0.22623064E+02  0.24107160E-03  0.27440506E+19  0.21620198E-07  0.11248468E+15  0.27762534E+01  0.33774296E-09
   0.63566  350.0000      0.02067647  0.19232089E+02  0.23301782E-03  0.23112656E+19  0.24197010E-07  0.10620354E+15  0.26182541E+01  0.28711861E-09
   0.63616  350.0000      0.01622526  0.16480490E+02  0.21470900E-03  0.19666163E+19  0.25927247E-07  0.10096746E+15  0.24801284E+01  0.24603959E-09
   0.63666  350.0000      0.01238653  0.14325393E+02  0.18333731E-03  0.17016686E+19  0.25960294E-07  0.96883223E+14  0.23633717E+01  0.21386585E-09
   0.63716  350.0000      0.00901614  0.12727634E+02  0.13708439E-03  0.15093039E+19  0.23399834E-07  0.94044612E+14  0.22692905E+01  0.19001268E-09
   0.63766  350.0000      0.00597899  0.11654891E+02  0.76496012E-04  0.13840380E+19  0.17773632E-07  0.92530698E+14  0.21988460E+01  0.17399754E-09
   0.63816  350.0000      0.00314688  0.11084330E+02  0.55622031E-05  0.13222563E+19  0.95819731E-08  0.92404974E+14  0.21525171E+01  0.16547955E-09
   0.63866  350.0000      0.00039595  0.11004589E+02 -0.68558985E-04  0.13223880E+19  0.41063100E-09  0.93714798E+14  0.21301909E+01  0.16428909E-09
   0.63916  350.0000     -0.00239639  0.11417035E+02 -0.13759036E-03  0.13850381E+19 -0.77315846E-08  0.96490589E+14  0.21310767E+01  0.17044654E-09
   0.63966  350.0000     -0.00535476  0.12336256E+02 -0.19489845E-03  0.15130945E+19 -0.13413281E-07  0.10074440E+15  0.21536423E+01  0.18416973E-09
   0.64016  350.0000     -0.00860901  0.13789734E+02 -0.23722565E-03  0.17118144E+19 -0.16288060E-07  0.10646763E+15  0.21955753E+01  0.20586891E-09
   0.64066  350.0000     -0.01229738  0.15816538E+02 -0.26462712E-03  0.19888854E+19 -0.16861371E-07  0.11362795E+15  0.22537773E+01  0.23612736E-09
   0.64116  350.0000     -0.01656906  0.18464858E+02 -0.27924907E-03  0.23544419E+19 -0.15951576E-07  0.12216569E+15  0.23244086E+01  0.27566450E-09
   0.64166  350.0000     -0.02158605  0.21788132E+02 -0.28399188E-03  0.28210038E+19 -0.14293083E-07  0.13199022E+15  0.24030062E+01  0.32527813E-09
   0.64216  350.0000     -0.02752383  0.25839616E+02 -0.28163163E-03  0.34032944E+19 -0.12391270E-07  0.14297725E+15  0.24846947E+01  0.38576332E-09
   0.64266  350.0000     -0.03457043  0.30665423E+02 -0.27444068E-03  0.41178875E+19 -0.10535268E-07  0.15496804E+15  0.25645025E+01  0.45780848E-09
   0.64316  350.0000     -0.04292370  0.36296401E+02 -0.26412589E-03  0.49826351E+19 -0.88624867E-08  0.16777167E+15  0.26377737E+01  0.54187416E-09
   0.64366  350.0000     -0.05278641  0.42739674E+02 -0.25190810E-03  0.60158447E+19 -0.74201104E-08  0.18117127E+15  0.27006338E+01  0.63806671E-09
   0.64416  350.0000     -0.06435932  0.49971084E+02 -0.23863747E-03  0.72352040E+19 -0.62080614E-08  0.19493476E+15  0.27504390E+01  0.74602547E-09
   0.64466  350.0000     -0.07783268  0.57929985E+02 -0.22489856E-03  0.86564975E+19 -0.52048075E-08  0.20882987E+15  0.27861169E+01  0.86484504E-09
   0.64516  350.0000     -0.09337681  0.66517679E+02 -0.21109136E-03  0.10292212E+20 -0.43813945E-08  0.22264207E+15  0.28083154E+01  0.99305194E-09
   0.64566  350.0000     -0.11113283  0.75600122E+02 -0.19748916E-03  0.12150176E+20 -0.37084270E-08  0.23619347E+15  0.28193154E+01  0.11286450E-08
   0.64616  350.0000     -0.13120460  0.85014622E+02 -0.18427790E-03  0.14232396E+20 -0.31591599E-08  0.24935988E+15  0.28227236E+01  0.12691954E-08
   0.64666  350.0000     -0.15365268  0.94579339E+02 -0.17158266E-03  0.16534269E+20 -0.27105752E-08  0.26208326E+15  0.28230225E+01  0.14119885E-08
   0.64716  350.0000     -0.17849092  0.10410397E+03 -0.15948535E-03  0.19044296E+20 -0.23434778E-08  0.27437754E+15  0.28250805E+01  0.15541831E-08
   0.64766  350.0000     -0.20568560  0.11340015E+03 -0.14803674E-03  0.21744348E+20 -0.20421595E-08  0.28632634E+15  0.28337087E+01  0.16929671E-08
   0.64816  350.0000     -0.23515714  0.12229066E+03 -0.13726489E-03  0.24610507E+20 -0.17939092E-08  0.29807301E+15  0.28533089E+01  0.18256947E-08
   0.64866  350.0000     -0.26678387  0.13061729E+03 -0.12718101E-03  0.27614354E+20 -0.15885038E-08  0.30980405E+15  0.28876037E+01  0.19500041E-08
   0.64916  350.0000     -0.30040765  0.13824743E+03 -0.11778374E-03  0.30724594E+20 -0.14177421E-08  0.32172840E+15  0.29394181E+01  0.20639156E-08
   0.64966  350.0000     -0.33584099  0.14507960E+03 -0.10906204E-03  0.33908798E+20 -0.12750446E-08  0.33405536E+15  0.30104892E+01  0.21659141E-08
   0.65016  350.0000     -0.37287534  0.15104763E+03 -0.10099725E-03  0.37135095E+20 -0.11551227E-08  0.34697432E+15  0.31013036E+01  0.22550117E-08
   0.65066  350.0000     -0.41129032  0.15612312E+03 -0.93564511E-04  0.40373633E+20 -0.10537143E-08  0.36063846E+15  0.32109896E+01  0.23307845E-08
   0.65116  350.0000     -0.45086322  0.16031570E+03 -0.86733746E-04  0.43597696E+20 -0.96737509E-09  0.37515435E+15  0.33372962E+01  0.23933761E-08
   0.65166  350.0000     -0.49137829  0.16367072E+03 -0.80470497E-04  0.46784416E+20 -0.89331692E-09  0.39057773E+15  0.34766821E+01  0.24434636E-08
   0.65216  350.0000     -0.53263508  0.16626446E+03 -0.74736774E-04  0.49915092E+20 -0.82928296E-09  0.40691516E+15  0.36245203E+01  0.24821859E-08
   0.65266  350.0000     -0.57445538  0.16819709E+03 -0.69492044E-04  0.52975158E+20 -0.77345057E-09  0.42413036E+15  0.37754044E+01  0.25110384E-08
   0.65316  350.0000     -0.61668813  0.16958402E+03 -0.64694449E-04  0.55953893E+20 -0.72435407E-09  0.44215351E+15  0.39235319E+01  0.25317442E-08
   0.65366  350.0000     -0.65921202  0.17054630E+03 -0.60302171E-04  0.58843978E+20 -0.68082153E-09  0.46089175E+15  0.40631312E+01  0.25461101E-08
   0.65416  350.0000     -0.70193567  0.17120084E+03 -0.56274817E-04  0.61640983E+20 -0.64192115E-09  0.48023914E+15  0.41888944E+01  0.25558819E-08
   0.65466  350.0000     -0.74479550  0.17165150E+03 -0.52574595E-04  0.64342891E+20 -0.60691487E-09  0.50008481E+15  0.42963708E+01  0.25626097E-08
   0.65516  350.0000     -0.78775145  0.17198160E+03 -0.49167104E-04  0.66949682E+20 -0.57521813E-09  0.52031875E+15  0.43822836E+01  0.25675379E-08
   0.65566  350.0000     -0.83078114  0.17224881E+03 -0.46021640E-04  0.69462997E+20 -0.54636569E-09  0.54083525E+15  0.44447349E+01  0.25715271E-08
   0.65616  350.0000     -0.87387314  0.17248250E+03 -0.43111072E-04  0.71885867E+20 -0.51998318E-09  0.56153477E+15  0.44832805E+01  0.25750159E-08
   0.65666  350.0000     -0.91701978  0.17268400E+03 -0.40411448E-04  0.74222467E+20 -0.49576449E-09  0.58232499E+15  0.44988714E+01  0.25780242E-08
   0.65716  350.0000     -0.96021051  0.17282932E+03 -0.37901552E-04  0.76477864E+20 -0.47345417E-09  0.60312193E+15  0.44936706E+01  0.25801937E-08
   0.65766  350.0000     -1.00342610  0.17287410E+03 -0.35562596E-04  0.78657757E+20 -0.45283424E-09  0.62385142E+15  0.44707702E+01  0.25808622E-08
   0.65816  350.0000     -1.04663434  0.17275999E+03 -0.33378133E-04  0.80768207E+20 -0.43371460E-09  0.64445085E+15  0.44338474E+01  0.25791586E-08
   0.65866  350.0000     -1.08978741  0.17242164E+03 -0.31334173E-04  0.82815398E+20 -0.41592637E-09  0.66487069E+15  0.43868072E+01  0.25741074E-08
   0.65916  350.0000     -1.13282099  0.17179345E+03 -0.29419394E-04  0.84805435E+20 -0.39931761E-09  0.68507531E+15  0.43334626E+01  0.25647290E-08
   0.65966  350.0000     -1.17565494  0.17081522E+03 -0.27625314E-04  0.86744227E+20 -0.38375094E-09  0.70504280E+15  0.42772917E+01  0.25501249E-08
   0.66016  350.0000     -1.21819520  0.16943651E+03 -0.25946295E-04  0.88637433E+20 -0.36910246E-09  0.72476361E+15  0.42212858E+01  0.25295419E-08
   0.66066  350.0000     -1.26033663  0.16761953E+03 -0.24379336E-04  0.90490465E+20 -0.35526152E-09  0.74423853E+15  0.41678781E+01  0.25024160E-08
   0.66116  350.0000     -1.30196647  0.16534114E+03 -0.22923640E-04  0.92308535E+20 -0.34213080E-09  0.76347616E+15  0.41189188E+01  0.24684015E-08
   0.66166  350.0000     -1.34296810  0.16259409E+03 -0.21580019E-04  0.94096705E+20 -0.32962645E-09  0.78249055E+15  0.40756595E+01  0.24273904E-08
   0.66216  350.0000     -1.38322522  0.15938811E+03 -0.20350205E-04  0.95859935E+20 -0.31767814E-09  0.80129919E+15  0.40387252E+01  0.23795279E-08
   0.66266  350.0000     -1.42262613  0.15575046E+03 -0.19236161E-04  0.97603105E+20 -0.30622903E-09  0.81992170E+15  0.40080750E+01  0.23252208E-08
   0.66316  350.0000     -1.46106815  0.15172581E+03 -0.18239478E-04  0.99331010E+20 -0.29523578E-09  0.83837912E+15  0.39829792E+01  0.22651363E-08
   0.66366  350.0000     -1.49846181  0.14737488E+03 -0.17360923E-04  0.10104834E+21 -0.28466871E-09  0.85669386E+15  0.39620511E+01  0.22001807E-08
   0.66416  350.0000     -1.53473453  0.14277150E+03 -0.16600176E-04  0.10275961E+21 -0.27451216E-09  0.87489001E+15  0.39433626E+01  0.21314561E-08
   0.66466  350.0000     -1.56983338  0.13799814E+03 -0.15955772E-04  0.10446919E+21 -0.26476489E-09  0.89299377E+15  0.39246465E+01  0.20601940E-08
   0.66516  350.0000     -1.60372658  0.13314051E+03 -0.15425210E-04  0.10618117E+21 -0.25544051E-09  0.91103348E+15  0.39035579E+01  0.19876737E-08
   0.66566  350.0000     -1.63640358  0.12828192E+03 -0.15005167E-04  0.10789950E+21 -0.24656757E-09  0.92903911E+15  0.38779422E+01  0.19151391E-08
   0.66616  350.0000     -1.66787382  0.12349834E+03 -0.14691721E-04  0.10962795E+21 -0.23818900E-09  0.94704093E+15  0.38460598E+01  0.18437244E-08
   0.66666  350.0000     -1.69816446  0.11885482E+03 -0.14480516E-04  0.11137025E+21 -0.23036073E-09  0.96506745E+15  0.38067282E+01  0.17744006E-08
   0.66716  350.0000     -1.72731728  0.11440342E+03 -0.14366796E-04  0.11313018E+21 -0.22314909E-09  0.98314300E+15  0.37593717E+01  0.17079450E-08
   0.66766  350.0000     -1.75538542  0.11018267E+03 -0.14345286E-04  0.11491165E+21 -0.21662682E-09  0.10012855E+16  0.37039894E+01  0.16449329E-08
   0.66816  350.0000     -1.78243000  0.10621820E+03 -0.14409970E-04  0.11671874E+21 -0.21086762E-09  0.10195055E+16  0.36410677E+01  0.15857467E-08
   0.66866  350.0000     -1.80851708  0.10252404E+03 -0.14553818E-04  0.11855563E+21 -0.20593942E-09  0.10378057E+16  0.35714665E+01  0.15305961E-08
   0.66916  350.0000     -1.83371492  0.99104347E+02 -0.14768578E-04  0.12042650E+21 -0.20189689E-09  0.10561836E+16  0.34963031E+01  0.14795430E-08
   0.66966  350.0000     -1.85809181  0.95955201E+02 -0.15044719E-04  0.12233531E+21 -0.19877409E-09  0.10746342E+16  0.34168471E+01  0.14325289E-08
   0.67016  350.0000     -1.88171423  0.93066374E+02 -0.15371597E-04  0.12428553E+21 -0.19657846E-09  0.10931542E+16  0.33344326E+01  0.13894012E-08
   0.67066  350.0000     -1.90464546  0.90423002E+02 -0.15737833E-04  0.12627998E+21 -0.19528750E-09  0.11117454E+16  0.32503856E+01  0.13499379E-08
   0.67116  350.0000     -1.92694469  0.88007144E+02 -0.16131869E-04  0.12832060E+21 -0.19484880E-09  0.11304175E+16  0.31659646E+01  0.13138712E-08
   0.67166  350.0000     -1.94866636  0.85799199E+02 -0.16542577E-04  0.13040852E+21 -0.19518397E-09  0.11491885E+16  0.30823124E+01  0.12809085E-08
   0.67216  350.0000     -1.96985995  0.83779132E+02 -0.16959833E-04  0.13254402E+21 -0.19619552E-09  0.11680836E+16  0.30004197E+01  0.12507506E-08
   0.67266  350.0000     -1.99056996  0.81927462E+02 -0.17374935E-04  0.13472674E+21 -0.19777549E-09  0.11871326E+16  0.29211030E+01  0.12231068E-08
   0.67316  350.0000     -2.01083619  0.80225986E+02 -0.17780827E-04  0.13695588E+21 -0.19981406E-09  0.12063666E+16  0.28449955E+01  0.11977052E-08
   0.67366  350.0000     -2.03069409  0.78658237E+02 -0.18172112E-04  0.13923045E+21 -0.20220655E-09  0.12258138E+16  0.27725516E+01  0.11743001E-08
   0.67416  350.0000     -2.05017524  0.77209714E+02 -0.18544884E-04  0.14154944E+21 -0.20485804E-09  0.12454963E+16  0.27040614E+01  0.11526749E-08
   0.67466  350.0000     -2.06930783  0.75867927E+02 -0.18896437E-04  0.14391199E+21 -0.20768552E-09  0.12654281E+16  0.26396705E+01  0.11326431E-08
   0.67516  350.0000     -2.08811721  0.74622310E+02 -0.19224916E-04  0.14631749E+21 -0.21061812E-09  0.12856141E+16  0.25794049E+01  0.11140471E-08
   0.67566  350.0000     -2.10662626  0.73464022E+02 -0.19528992E-04  0.14876548E+21 -0.21359656E-09  0.13060510E+16  0.25231973E+01  0.10967549E-08
   0.67616  350.0000     -2.12485588  0.72385678E+02 -0.19807609E-04  0.15125560E+21 -0.21657234E-09  0.13267303E+16  0.24709144E+01  0.10806561E-08
   0.67666  350.0000     -2.14282524  0.71381044E+02 -0.20059840E-04  0.15378741E+21 -0.21950742E-09  0.13476410E+16  0.24223832E+01  0.10656578E-08
   0.67716  350.0000     -2.16055209  0.70444742E+02 -0.20284853E-04  0.15636024E+21 -0.22237432E-09  0.13687730E+16  0.23774146E+01  0.10516796E-08
   0.67766  350.0000     -2.17805291  0.69572011E+02 -0.20481949E-04  0.15897306E+21 -0.22515612E-09  0.13901194E+16  0.23358209E+01  0.10386505E-08
   0.67816  350.0000     -2.19534304  0.68758557E+02 -0.20650638E-04  0.16162453E+21 -0.22784612E-09  0.14116766E+16  0.22974260E+01  0.10265063E-08
   0.67866  350.0000     -2.21243680  0.68000504E+02 -0.20790679E-04  0.16431296E+21 -0.23044662E-09  0.14334437E+16  0.22620675E+01  0.10151893E-08
   0.67916  350.0000     -2.22934762  0.67294413E+02 -0.20902088E-04  0.16703648E+21 -0.23296661E-09  0.14554208E+16  0.22295938E+01  0.10046479E-08
   0.67966  350.0000     -2.24608809  0.66637329E+02 -0.20985110E-04  0.16979309E+21 -0.23541876E-09  0.14776072E+16  0.21998589E+01  0.99483822E-09
   0.68016  350.0000     -2.26267016  0.66026816E+02 -0.21040181E-04  0.17258072E+21 -0.23781594E-09  0.15000012E+16  0.21727174E+01  0.98572379E-09
   0.68066  350.0000     -2.27910522  0.65460938E+02 -0.21067945E-04  0.17539722E+21 -0.24016806E-09  0.15226007E+16  0.21480244E+01  0.97727570E-09
   0.68116  350.0000     -2.29540422  0.64938183E+02 -0.21069333E-04  0.17824030E+21 -0.24247956E-09  0.15454055E+16  0.21256381E+01  0.96947142E-09
   0.68166  350.0000     -2.31157780  0.64457353E+02 -0.21045693E-04  0.18110744E+21 -0.24474815E-09  0.15684191E+16  0.21054256E+01  0.96229305E-09
   0.68216  350.0000     -2.32763631  0.64017450E+02 -0.20998953E-04  0.18399586E+21 -0.24696462E-09  0.15916509E+16  0.20872690E+01  0.95572567E-09
   0.68266  350.0000     -2.34358987  0.63617589E+02 -0.20931733E-04  0.18690258E+21 -0.24911386E-09  0.16151164E+16  0.20710692E+01  0.94975609E-09
   0.68316  350.0000     -2.35944838  0.63256974E+02 -0.20847371E-04  0.18982449E+21 -0.25117653E-09  0.16388360E+16  0.20567452E+01  0.94437241E-09
   0.68366  350.0000     -2.37522157  0.62934926E+02 -0.20749818E-04  0.19275862E+21 -0.25313106E-09  0.16628316E+16  0.20442304E+01  0.93956451E-09
   0.68416  350.0000     -2.39091901  0.62650959E+02 -0.20643406E-04  0.19570235E+21 -0.25495568E-09  0.16871231E+16  0.20334649E+01  0.93532514E-09
   0.68466  350.0000     -2.40655020  0.62404869E+02 -0.20532513E-04  0.19865366E+21 -0.25663018E-09  0.17117246E+16  0.20243872E+01  0.93165122E-09
   0.68516  350.0000     -2.42212461  0.62196800E+02 -0.20421200E-04  0.20161133E+21 -0.25813722E-09  0.17366407E+16  0.20169272E+01  0.92854492E-09
   0.68566  350.0000     -2.43765181  0.62027275E+02 -0.20312862E-04  0.20457505E+21 -0.25946310E-09  0.17618657E+16  0.20110012E+01  0.92601406E-09
   0.68616  350.0000     -2.45314153  0.61897173E+02 -0.20209992E-04  0.20754534E+21 -0.26059807E-09  0.17873833E+16  0.20065103E+01  0.92407175E-09
   0.68666  350.0000     -2.46860378  0.61807656E+02 -0.20114068E-04  0.21052353E+21 -0.26153631E-09  0.18131682E+16  0.20033422E+01  0.92273534E-09
   0.68716  350.0000     -2.48404886  0.61760061E+02 -0.20025590E-04  0.21351153E+21 -0.26227554E-09  0.18391892E+16  0.20013747E+01  0.92202479E-09
   0.68766  350.0000     -2.49948742  0.61755772E+02 -0.19944233E-04  0.21651164E+21 -0.26281661E-09  0.18654117E+16  0.20004797E+01  0.92196076E-09
   0.68816  350.0000     -2.51493046  0.61796091E+02 -0.19869077E-04  0.21952631E+21 -0.26316299E-09  0.18918008E+16  0.20005277E+01  0.92256269E-09
   0.68866  350.0000     -2.53038927  0.61882119E+02 -0.19798832E-04  0.22255801E+21 -0.26332023E-09  0.19183234E+16  0.20013914E+01  0.92384702E-09
   0.68916  350.0000     -2.54587540  0.62014646E+02 -0.19732030E-04  0.22560904E+21 -0.26329538E-09  0.19449492E+16  0.20029487E+01  0.92582553E-09
   0.68966  350.0000     -2.56140051  0.62194053E+02 -0.19667133E-04  0.22868144E+21 -0.26309642E-09  0.19716514E+16  0.20050849E+01  0.92850391E-09
   0.69016  350.0000     -2.57697632  0.62420219E+02 -0.19602561E-04  0.23177697E+21 -0.26273149E-09  0.19984061E+16  0.20076957E+01  0.93188038E-09
   0.69066  350.0000     -2.59261445  0.62692431E+02 -0.19536651E-04  0.23489706E+21 -0.26220828E-09  0.20251914E+16  0.20106906E+01  0.93594427E-09
   0.69116  350.0000     -2.60832626  0.63009280E+02 -0.19467589E-04  0.23804278E+21 -0.26153323E-09  0.20519871E+16  0.20139987E+01  0.94067456E-09
   0.69166  350.0000     -2.62412263  0.63368568E+02 -0.19393350E-04  0.24121485E+21 -0.26071111E-09  0.20787739E+16  0.20175748E+01  0.94603841E-09
   0.69216  350.0000     -2.64001383  0.63767225E+02 -0.19311697E-04  0.24441352E+21 -0.25974466E-09  0.21055341E+16  0.20214064E+01  0.95199002E-09
   0.69266  350.0000     -2.65600920  0.64201282E+02 -0.19220252E-04  0.24763854E+21 -0.25863467E-09  0.21322529E+16  0.20255192E+01  0.95847012E-09
   0.69316  350.0000     -2.67211702  0.64665919E+02 -0.19116635E-04  0.25088903E+21 -0.25738036E-09  0.21589198E+16  0.20299781E+01  0.96540675E-09
   0.69366  350.0000     -2.68834425  0.65155624E+02 -0.18998655E-04  0.25416347E+21 -0.25598014E-09  0.21855296E+16  0.20348821E+01  0.97271763E-09
   0.69416  350.0000     -2.70469642  0.65664466E+02 -0.18864499E-04  0.25745964E+21 -0.25443244E-09  0.22120829E+16  0.20403527E+01  0.98031421E-09
   0.69466  350.0000     -2.72117757  0.66186442E+02 -0.18712873E-04  0.26077475E+21 -0.25273669E-09  0.22385856E+16  0.20465163E+01  0.98810686E-09
   0.69516  350.0000     -2.73779026  0.66715847E+02 -0.18543068E-04  0.26410546E+21 -0.25089403E-09  0.22650474E+16  0.20534865E+01  0.99601043E-09
   0.69566  350.0000     -2.75453569  0.67247591E+02 -0.18354956E-04  0.26744810E+21 -0.24890778E-09  0.22914800E+16  0.20613485E+01  0.10039489E-08
   0.69616  350.0000     -2.77141389  0.67777408E+02 -0.18148919E-04  0.27079872E+21 -0.24678350E-09  0.23178959E+16  0.20701518E+01  0.10118586E-08
   0.69666  350.0000     -2.78842395  0.68301925E+02 -0.17925781E-04  0.27415329E+21 -0.24452875E-09  0.23443074E+16  0.20799098E+01  0.10196892E-08
   0.69716  350.0000     -2.80556420  0.68818632E+02 -0.17686739E-04  0.27750771E+21 -0.24215261E-09  0.23707265E+16  0.20906079E+01  0.10274032E-08
   0.69766  350.0000     -2.82283247  0.69325772E+02 -0.17433332E-04  0.28085793E+21 -0.23966513E-09  0.23971642E+16  0.21022128E+01  0.10349744E-08
   0.69816  350.0000     -2.84022620  0.69822232E+02 -0.17167417E-04  0.28420006E+21 -0.23707686E-09  0.24236305E+16  0.21146826E+01  0.10423861E-08
   0.69866  350.0000     -2.85774265  0.70307470E+02 -0.16891142E-04  0.28753046E+21 -0.23439861E-09  0.24501327E+16  0.21279722E+01  0.10496303E-08
   0.69916  350.0000     -2.87537900  0.70781487E+02 -0.16606882E-04  0.29084587E+21 -0.23164131E-09  0.24766749E+16  0.21420338E+01  0.10567069E-08
   0.69966  350.0000     -2.89313250  0.71244835E+02 -0.16317139E-04  0.29414353E+21 -0.22881622E-09  0.25032559E+16  0.21568150E+01  0.10636243E-08
   0.70016  350.0000     -2.91100062  0.71698628E+02 -0.16024417E-04  0.29742122E+21 -0.22593507E-09  0.25298688E+16  0.21722551E+01  0.10703991E-08
   0.70066  350.0000     -2.92898115  0.72144505E+02 -0.15731085E-04  0.30067731E+21 -0.22301028E-09  0.25565008E+16  0.21882847E+01  0.10770556E-08
   0.70116  350.0000     -2.94707238  0.72584549E+02 -0.15439265E-04  0.30391072E+21 -0.22005496E-09  0.25831343E+16  0.22048280E+01  0.10836251E-08
   0.70166  350.0000     -2.96527314  0.73021138E+02 -0.15150766E-04  0.30712082E+21 -0.21708264E-09  0.26097479E+16  0.22218097E+01  0.10901430E-08
   0.70216  350.0000     -2.98358287  0.73456784E+02 -0.14867065E-04  0.31030738E+21 -0.21410659E-09  0.26363182E+16  0.22391626E+01  0.10966468E-08
   0.70266  350.0000     -3.00200166  0.73893974E+02 -0.14589327E-04  0.31347046E+21 -0.21113888E-09  0.26628205E+16  0.22568351E+01  0.11031737E-08
   0.70316  350.0000     -3.02053018  0.74335053E+02 -0.14318427E-04  0.31661033E+21 -0.20818916E-09  0.26892299E+16  0.22747964E+01  0.11097586E-08
   0.70366  350.0000     -3.03916969  0.74782156E+02 -0.14054967E-04  0.31972750E+21 -0.20526359E-09  0.27155206E+16  0.22930376E+01  0.11164335E-08
   0.70416  350.0000     -3.05792192  0.75237194E+02 -0.13799267E-04  0.32282261E+21 -0.20236395E-09  0.27416656E+16  0.23115706E+01  0.11232268E-08
   0.70466  350.0000     -3.07678909  0.75701866E+02 -0.13551332E-04  0.32589644E+21 -0.19948732E-09  0.27676367E+16  0.23304258E+01  0.11301640E-08
   0.70516  350.0000     -3.09577379  0.76177685E+02 -0.13310815E-04  0.32894980E+21 -0.19662629E-09  0.27934053E+16  0.23496485E+01  0.11372676E-08
   0.70566  350.0000     -3.11487897  0.76666008E+02 -0.13077017E-04  0.33198341E+21 -0.19376972E-09  0.28189435E+16  0.23692975E+01  0.11445578E-08
   0.70616  350.0000     -3.13410794  0.77168060E+02 -0.12848923E-04  0.33499773E+21 -0.19090399E-09  0.28442270E+16  0.23894431E+01  0.11520530E-08
   0.70666  350.0000     -3.15346424  0.77684955E+02 -0.12625297E-04  0.33799287E+21 -0.18801449E-09  0.28692366E+16  0.24101670E+01  0.11597698E-08
   0.70716  350.0000     -3.17295174  0.78217732E+02 -0.12404833E-04  0.34096840E+21 -0.18508724E-09  0.28939604E+16  0.24315613E+01  0.11677237E-08
   0.70766  350.0000     -3.19257452  0.78767400E+02 -0.12186310E-04  0.34392337E+21 -0.18211027E-09  0.29183942E+16  0.24537267E+01  0.11759298E-08
   0.70816  350.0000     -3.21233693  0.79335001E+02 -0.11968749E-04  0.34685634E+21 -0.17907482E-09  0.29425408E+16  0.24767701E+01  0.11844036E-08
   0.70866  350.0000     -3.23224361  0.79921684E+02 -0.11751520E-04  0.34976546E+21 -0.17597605E-09  0.29664085E+16  0.25008014E+01  0.11931623E-08
   0.70916  350.0000     -3.25229947  0.80528779E+02 -0.11534392E-04  0.35264862E+21 -0.17281321E-09  0.29900085E+16  0.25259301E+01  0.12022257E-08
   0.70966  350.0000     -3.27250983  0.81157867E+02 -0.11317514E-04  0.35550367E+21 -0.16958938E-09  0.30133520E+16  0.25522624E+01  0.12116174E-08
   0.71016  350.0000     -3.29288040  0.81810833E+02 -0.11101343E-04  0.35832849E+21 -0.16631066E-09  0.30364480E+16  0.25798985E+01  0.12213656E-08
   0.71066  350.0000     -3.31341742  0.82489917E+02 -0.10886539E-04  0.36112121E+21 -0.16298510E-09  0.30593016E+16  0.26089308E+01  0.12315038E-08
   0.71116  350.0000     -3.33412775  0.83197741E+02 -0.10673836E-04  0.36388023E+21 -0.15962139E-09  0.30819121E+16  0.26394420E+01  0.12420710E-08
   0.71166  350.0000     -3.35501894  0.83937341E+02 -0.10463915E-04  0.36660434E+21 -0.15622772E-09  0.31042726E+16  0.26715029E+01  0.12531126E-08
   0.71216  350.0000     -3.37609935  0.84712194E+02 -0.10257294E-04  0.36929268E+21 -0.15281074E-09  0.31263700E+16  0.27051698E+01  0.12646805E-08
   0.71266  350.0000     -3.39737830  0.85526232E+02 -0.10054224E-04  0.37194478E+21 -0.14937490E-09  0.31481845E+16  0.27404814E+01  0.12768333E-08
   0.71316  350.0000     -3.41886610  0.86383862E+02 -0.98546291E-05  0.37456040E+21 -0.14592216E-09  0.31696917E+16  0.27774546E+01  0.12896370E-08
   0.71366  350.0000     -3.44057427  0.87289960E+02 -0.96580578E-05  0.37713953E+21 -0.14245194E-09  0.31908631E+16  0.28160810E+01  0.13031643E-08
   0.71416  350.0000     -3.46251556  0.88249842E+02 -0.94636916E-05  0.37968211E+21 -0.13896142E-09  0.32116696E+16  0.28563240E+01  0.13174945E-08
   0.71466  350.0000     -3.48470414  0.89269215E+02 -0.92703925E-05  0.38218794E+21 -0.13544594E-09  0.32320843E+16  0.28981160E+01  0.13327129E-08
   0.71516  350.0000     -3.50715563  0.90354101E+02 -0.90768050E-05  0.38465643E+21 -0.13189945E-09  0.32520857E+16  0.29413561E+01  0.13489093E-08
   0.71566  350.0000     -3.52988717  0.91510747E+02 -0.88815025E-05  0.38708645E+21 -0.12831507E-09  0.32716609E+16  0.29859079E+01  0.13661770E-08
   0.71616  350.0000     -3.55291751  0.92745525E+02 -0.86831582E-05  0.38947625E+21 -0.12468559E-09  0.32908073E+16  0.30315965E+01  0.13846112E-08
   0.71666  350.0000     -3.57626698  0.94064816E+02 -0.84807117E-05  0.39182348E+21 -0.12100398E-09  0.33095327E+16  0.30782048E+01  0.14043071E-08
   0.71716  350.0000     -3.59995749  0.95474879E+02 -0.82734985E-05  0.39412529E+21 -0.11726393E-09  0.33278540E+16  0.31254702E+01  0.14253581E-08
   0.71766  350.0000     -3.62401248  0.96981667E+02 -0.80613184E-05  0.39637853E+21 -0.11346034E-09  0.33457942E+16  0.31730832E+01  0.14478532E-08
   0.71816  350.0000     -3.64845683  0.98590587E+02 -0.78444298E-05  0.39857995E+21 -0.10958977E-09  0.33633792E+16  0.32206903E+01  0.14718730E-08
   0.71866  350.0000     -3.67331667  0.10030617E+03 -0.76234802E-05  0.40072645E+21 -0.10565087E-09  0.33806349E+16  0.32679010E+01  0.14974851E-08
   0.71916  350.0000     -3.69861908  0.10213166E+03 -0.73993934E-05  0.40281526E+21 -0.10164463E-09  0.33975845E+16  0.33143022E+01  0.15247381E-08
   0.71966  350.0000     -3.72439179  0.10406857E+03 -0.71732467E-05  0.40484405E+21 -0.97574502E-10  0.34142482E+16  0.33594757E+01  0.15536546E-08
   0.72016  350.0000     -3.75066260  0.10611619E+03 -0.69461636E-05  0.40681095E+21 -0.93446378E-10  0.34306432E+16  0.34030198E+01  0.15842238E-08
   0.72066  350.0000     -3.77745883  0.10827110E+03 -0.67192448E-05  0.40871460E+21 -0.89268320E-10  0.34467848E+16  0.34445736E+01  0.16163947E-08
   0.72116  350.0000     -3.80480655  0.11052668E+03 -0.64935443E-05  0.41055408E+21 -0.85050203E-10  0.34626881E+16  0.34838440E+01  0.16500687E-08
   0.72166  350.0000     -3.83272972  0.11287267E+03 -0.62700894E-05  0.41232889E+21 -0.80803238E-10  0.34783696E+16  0.35206398E+01  0.16850922E-08
   0.72216  350.0000     -3.86124922  0.11529459E+03 -0.60499374E-05  0.41403893E+21 -0.76539476E-10  0.34938481E+16  0.35549140E+01  0.17212494E-08
   0.72266  350.0000     -3.89038176  0.11777333E+03 -0.58342543E-05  0.41568451E+21 -0.72271360E-10  0.35091453E+16  0.35868132E+01  0.17582549E-08
   0.72316  350.0000     -3.92013863  0.12028482E+03 -0.56243993E-05  0.41726639E+21 -0.68011364E-10  0.35242854E+16  0.36167272E+01  0.17957493E-08
   0.72366  350.0000     -3.95052450  0.12280015E+03 -0.54219938E-05  0.41878595E+21 -0.63771740E-10  0.35392925E+16  0.36453202E+01  0.18333010E-08
   0.72416  350.0000     -3.98153629  0.12528633E+03 -0.52289545E-05  0.42024528E+21 -0.59564344E-10  0.35541879E+16  0.36735231E+01  0.18704176E-08
   0.72466  350.0000     -4.01316230  0.12770805E+03 -0.50474669E-05  0.42164748E+21 -0.55400466E-10  0.35689856E+16  0.37024684E+01  0.19065717E-08
   0.72516  350.0000     -4.04538201  0.13003031E+03 -0.48798852E-05  0.42299681E+21 -0.51290640E-10  0.35836867E+16  0.37333578E+01  0.19412411E-08
   0.72566  350.0000     -4.07816653  0.13222178E+03 -0.47285507E-05  0.42429893E+21 -0.47244378E-10  0.35982743E+16  0.37672804E+01  0.19739579E-08
   0.72616  350.0000     -4.11147995  0.13425818E+03 -0.45955369E-05  0.42556096E+21 -0.43269856E-10  0.36127093E+16  0.38050164E+01  0.20043595E-08
   0.72666  350.0000     -4.14528145  0.13612490E+03 -0.44823480E-05  0.42679146E+21 -0.39373597E-10  0.36269277E+16  0.38468812E+01  0.20322281E-08
   0.72716  350.0000     -4.17952792  0.13781818E+03 -0.43896126E-05  0.42800017E+21 -0.35560210E-10  0.36408413E+16  0.38926612E+01  0.20575073E-08
   0.72766  350.0000     -4.21417659  0.13934433E+03 -0.43168267E-05  0.42919755E+21 -0.31832250E-10  0.36543421E+16  0.39416686E+01  0.20802914E-08
   0.72816  350.0000     -4.24918730  0.14071728E+03 -0.42621957E-05  0.43039418E+21 -0.28190231E-10  0.36673092E+16  0.39929042E+01  0.21007884E-08
   0.72866  350.0000     -4.28452397  0.14195515E+03 -0.42226109E-05  0.43159996E+21 -0.24632803E-10  0.36796183E+16  0.40452784E+01  0.21192688E-08
   0.72916  350.0000     -4.32015521  0.14307689E+03 -0.41937687E-05  0.43282335E+21 -0.21157081E-10  0.36911517E+16  0.40978191E+01  0.21360154E-08
   0.72966  350.0000     -4.35605420  0.14409988E+03 -0.41704177E-05  0.43407066E+21 -0.17759078E-10  0.37018073E+16  0.41498054E+01  0.21512877E-08
   0.73016  350.0000     -4.39219817  0.14503902E+03 -0.41466929E-05  0.43534549E+21 -0.14434215E-10  0.37115058E+16  0.42007955E+01  0.21653083E-08
   0.73066  350.0000     -4.42856779  0.14590719E+03 -0.41164882E-05  0.43664838E+21 -0.11177806E-10  0.37201943E+16  0.42505577E+01  0.21782693E-08
   0.73116  350.0000     -4.46514686  0.14671652E+03 -0.40738170E-05  0.43797668E+21 -0.79854953E-11  0.37278469E+16  0.42989476E+01  0.21903519E-08
   0.73166  350.0000     -4.50192222  0.14747984E+03 -0.40131195E-05  0.43932468E+21 -0.48535390E-11  0.37344629E+16  0.43457787E+01  0.22017476E-08
   0.73216  350.0000     -4.53888414  0.14821157E+03 -0.39294916E-05  0.44068384E+21 -0.17789095E-11  0.37400619E+16  0.43907318E+01  0.22126717E-08
   0.73266  350.0000     -4.57602671  0.14892785E+03 -0.38188240E-05  0.44204320E+21  0.12408382E-11  0.37446787E+16  0.44333205E+01  0.22233651E-08
   0.73316  350.0000     -4.61334821  0.14964589E+03 -0.36778556E-05  0.44338988E+21  0.42079257E-11  0.37483573E+16  0.44729108E+01  0.22340849E-08
   0.73366  350.0000     -4.65085123  0.15038275E+03 -0.35041546E-05  0.44470954E+21  0.71248930E-11  0.37511457E+16  0.45087802E+01  0.22450855E-08
   0.73416  350.0000     -4.68854244  0.15115377E+03 -0.32960446E-05  0.44598682E+21  0.99952275E-11  0.37530912E+16  0.45401930E+01  0.22565962E-08
   0.73466  350.0000     -4.72643198  0.15197111E+03 -0.30524977E-05  0.44720577E+21  0.12823961E-10  0.37542384E+16  0.45664780E+01  0.22687985E-08
   0.73516  350.0000     -4.76453251  0.15284244E+03 -0.27730153E-05  0.44835014E+21  0.15618119E-10  0.37546285E+16  0.45870938E+01  0.22818066E-08
   0.73566  350.0000     -4.80285790  0.15376988E+03 -0.24575251E-05  0.44940359E+21  0.18386944E-10  0.37543007E+16  0.46016800E+01  0.22956525E-08
   0.73616  350.0000     -4.84142181  0.15474948E+03 -0.21063145E-05  0.45034979E+21  0.21141863E-10  0.37532955E+16  0.46100882E+01  0.23102771E-08
   0.73666  350.0000     -4.88023615  0.15577101E+03 -0.17200173E-05  0.45117256E+21  0.23896239E-10  0.37516591E+16  0.46123927E+01  0.23255277E-08
   0.73716  350.0000     -4.91930948  0.15681828E+03 -0.12996582E-05  0.45185592E+21  0.26664958E-10  0.37494474E+16  0.46088811E+01  0.23411625E-08
   0.73766  350.0000     -4.95864565  0.15786979E+03 -0.84674393E-06  0.45238428E+21  0.29463929E-10  0.37467284E+16  0.46000277E+01  0.23568606E-08
   0.73816  350.0000     -4.99824258  0.15889967E+03 -0.36338093E-06  0.45274270E+21  0.32309555E-10  0.37435843E+16  0.45864585E+01  0.23722358E-08
   0.73866  350.0000     -5.03809126  0.15987874E+03  0.14760104E-06  0.45291724E+21  0.35218218E-10  0.37401096E+16  0.45689165E+01  0.23868525E-08
   0.73916  350.0000     -5.07817509  0.16077555E+03  0.68253913E-06  0.45289543E+21  0.38205775E-10  0.37364087E+16  0.45482361E+01  0.24002412E-08
   0.73966  350.0000     -5.11846945  0.16155736E+03  0.12368519E-05  0.45266683E+21  0.41287093E-10  0.37325913E+16  0.45253289E+01  0.24119129E-08
   0.74016  350.0000     -5.15894142  0.16219102E+03  0.18049870E-05  0.45222356E+21  0.44475586E-10  0.37287663E+16  0.45011771E+01  0.24213730E-08
   0.74066  350.0000     -5.19954990  0.16264404E+03  0.23804114E-05  0.45156100E+21  0.47782760E-10  0.37250347E+16  0.44768248E+01  0.24281361E-08
   0.74116  350.0000     -5.24024582  0.16288569E+03  0.29556623E-05  0.45067830E+21  0.51217757E-10  0.37214809E+16  0.44533556E+01  0.24317438E-08
   0.74166  350.0000     -5.28097283  0.16288857E+03  0.35224806E-05  0.44957904E+21  0.54786895E-10  0.37181631E+16  0.44318470E+01  0.24317867E-08
   0.74216  350.0000     -5.32166832  0.16263032E+03  0.40720513E-05  0.44827165E+21  0.58493219E-10  0.37151048E+16  0.44132971E+01  0.24279313E-08
   0.74266  350.0000     -5.36226493  0.16209564E+03  0.45953640E-05  0.44676963E+21  0.62336066E-10  0.37122875E+16  0.43985297E+01  0.24199490E-08
   0.74316  350.0000     -5.40269255  0.16127815E+03  0.50836826E-05  0.44509153E+21  0.66310670E-10  0.37096478E+16  0.43880898E+01  0.24077446E-08
   0.74366  350.0000     -5.44288075  0.16018193E+03  0.55290850E-05  0.44326041E+21  0.70407792E-10  0.37070804E+16  0.43821506E+01  0.23913790E-08
   0.74416  350.0000     -5.48276153  0.15882227E+03  0.59250004E-05  0.44130294E+21  0.74613413E-10  0.37044474E+16  0.43804558E+01  0.23710803E-08
   0.74466  350.0000     -5.52227209  0.15722536E+03  0.62666557E-05  0.43924813E+21  0.78908515E-10  0.37015947E+16  0.43823170E+01  0.23472399E-08
   0.74516  350.0000     -5.56135740  0.15542695E+03  0.65513418E-05  0.43712581E+21  0.83268996E-10  0.36983713E+16  0.43866709E+01  0.23203912E-08
   0.74566  350.0000     -5.59997234  0.15347003E+03  0.67784389E-05  0.43496505E+21  0.87665764E-10  0.36946490E+16  0.43921876E+01  0.22911760E-08
   0.74616  350.0000     -5.63808314  0.15140193E+03  0.69491940E-05  0.43279290E+21  0.92065073E-10  0.36903392E+16  0.43974018E+01  0.22603011E-08
   0.74666  350.0000     -5.67566812  0.14927154E+03  0.70663042E-05  0.43063343E+21  0.96429120E-10  0.36854012E+16  0.44008390E+01  0.22284961E-08
   0.74716  350.0000     -5.71271771  0.14712665E+03  0.71334036E-05  0.42850737E+21  0.10071695E-09  0.36798431E+16  0.44011121E+01  0.21964748E-08
   0.74766  350.0000     -5.74923397  0.14501197E+03  0.71545724E-05  0.42643209E+21  0.10488562E-09  0.36737151E+16  0.43969835E+01  0.21649045E-08
   0.74816  350.0000     -5.78522956  0.14296748E+03  0.71339598E-05  0.42442203E+21  0.10889163E-09  0.36670979E+16  0.43874015E+01  0.21343820E-08
   0.74866  350.0000     -5.82072641  0.14102707E+03  0.70755700E-05  0.42248919E+21  0.11269238E-09  0.36600896E+16  0.43715258E+01  0.21054133E-08
   0.74916  350.0000     -5.85575401  0.13921726E+03  0.69832051E-05  0.42064364E+21  0.11624762E-09  0.36527946E+16  0.43487619E+01  0.20783944E-08
   0.74966  350.0000     -5.89034745  0.13755606E+03  0.68605169E-05  0.41889387E+21  0.11952061E-09  0.36453162E+16  0.43188054E+01  0.20535940E-08
   0.75016  350.0000     -5.92454515  0.13605187E+03  0.67110959E-05  0.41724700E+21  0.12247886E-09  0.36377542E+16  0.42816950E+01  0.20311378E-08
   0.75066  350.0000     -5.95838634  0.13470286E+03  0.65385268E-05  0.41570877E+21  0.12509453E-09  0.36302055E+16  0.42378562E+01  0.20109983E-08
   0.75116  350.0000     -5.99190853  0.13349700E+03  0.63463536E-05  0.41428344E+21  0.12734443E-09  0.36227684E+16  0.41881186E+01  0.19929958E-08
   0.75166  350.0000     -6.02514501  0.13241288E+03  0.61379317E-05  0.41297368E+21  0.12920997E-09  0.36155471E+16  0.41336896E+01  0.19768108E-08
   0.75216  350.0000     -6.05812272  0.13142153E+03  0.59161773E-05  0.41178056E+21  0.13067704E-09  0.36086550E+16  0.40760796E+01  0.19620108E-08
   0.75266  350.0000     -6.09086068  0.13048901E+03  0.56832597E-05  0.41070365E+21  0.13173619E-09  0.36022153E+16  0.40169816E+01  0.19480891E-08
   0.75316  350.0000     -6.12336914  0.12957953E+03  0.54403079E-05  0.40974138E+21  0.13238311E-09  0.35963581E+16  0.39581227E+01  0.19345113E-08
   0.75366  350.0000     -6.15564948  0.12865865E+03  0.51872105E-05  0.40889157E+21  0.13261919E-09  0.35912141E+16  0.39011086E+01  0.19207634E-08
   0.75416  350.0000     -6.18769499  0.12769627E+03  0.49225793E-05  0.40815201E+21  0.13245228E-09  0.35869052E+16  0.38472862E+01  0.19063959E-08
   0.75466  350.0000     -6.21949218  0.12666886E+03  0.46439119E-05  0.40752117E+21  0.13189709E-09  0.35835354E+16  0.37976426E+01  0.18910575E-08
   0.75516  350.0000     -6.25102268  0.12556092E+03  0.43479444E-05  0.40699865E+21  0.13097527E-09  0.35811834E+16  0.37527524E+01  0.18745170E-08
   0.75566  350.0000     -6.28226532  0.12436549E+03  0.40311311E-05  0.40658554E+21  0.12971477E-09  0.35798985E+16  0.37127751E+01  0.18566703E-08
   0.75616  350.0000     -6.31319822  0.12308381E+03  0.36901561E-05  0.40628443E+21  0.12814867E-09  0.35797018E+16  0.36774938E+01  0.18375357E-08
   0.75666  350.0000     -6.34380072  0.12172428E+03  0.33223763E-05  0.40609917E+21  0.12631313E-09  0.35805906E+16  0.36463840E+01  0.18172392E-08
   0.75716  350.0000     -6.37405505  0.12030112E+03  0.29261219E-05  0.40603457E+21  0.12424505E-09  0.35825445E+16  0.36186973E+01  0.17959927E-08
   0.75766  350.0000     -6.40394750  0.11883267E+03  0.25008282E-05  0.40609599E+21  0.12197919E-09  0.35855328E+16  0.35935472E+01  0.17740700E-08
   0.75816  350.0000     -6.43346934  0.11733975E+03  0.20470267E-05  0.40628901E+21  0.11954546E-09  0.35895181E+16  0.35699886E+01  0.17517820E-08
   0.75866  350.0000     -6.46261715  0.11584405E+03  0.15662554E-05  0.40661922E+21  0.11696662E-09  0.35944585E+16  0.35470876E+01  0.17294524E-08
   0.75916  350.0000     -6.49139290  0.11436665E+03  0.10609570E-05  0.40709209E+21  0.11425668E-09  0.36003072E+16  0.35239813E+01  0.17073960E-08
   0.75966  350.0000     -6.51980361  0.11292675E+03  0.53440895E-06  0.40771291E+21  0.11142053E-09  0.36070111E+16  0.34999244E+01  0.16858995E-08
   0.76016  350.0000     -6.54786076  0.11154060E+03 -0.93086206E-08  0.40848658E+21  0.10845478E-09  0.36145108E+16  0.34743279E+01  0.16652055E-08
   0.76066  350.0000     -6.57557944  0.11022067E+03 -0.56533635E-06  0.40941738E+21  0.10534986E-09  0.36227426E+16  0.34467849E+01  0.16455002E-08
   0.76116  350.0000     -6.60297731  0.10897511E+03 -0.11281007E-05  0.41050858E+21  0.10209300E-09  0.36316439E+16  0.34170885E+01  0.16269050E-08
   0.76166  350.0000     -6.63007350  0.10780743E+03 -0.16914656E-05  0.41176200E+21  0.98671786E-10  0.36411596E+16  0.33852373E+01  0.16094725E-08
   0.76216  350.0000     -6.65688744  0.10671657E+03 -0.22489930E-05  0.41317753E+21  0.95077643E-10  0.36512505E+16  0.33514308E+01  0.15931870E-08
   0.76266  350.0000     -6.68343775  0.10569727E+03 -0.27943009E-05  0.41475278E+21  0.91308918E-10  0.36618990E+16  0.33160479E+01  0.15779697E-08
   0.76316  350.0000     -6.70974131  0.10474077E+03 -0.33214762E-05  0.41648292E+21  0.87373095E-10  0.36731132E+16  0.32796109E+01  0.15636900E-08
   0.76366  350.0000     -6.73581244  0.10383587E+03 -0.38254779E-05  0.41836084E+21  0.83288002E-10  0.36849259E+16  0.32427321E+01  0.15501806E-08
   0.76416  350.0000     -6.76166251  0.10297015E+03 -0.43024604E-05  0.42037751E+21  0.79081962E-10  0.36973887E+16  0.32060496E+01  0.15372562E-08
   0.76466  350.0000     -6.78729975  0.10213129E+03 -0.47499554E-05  0.42252266E+21  0.74792944E-10  0.37105622E+16  0.31701622E+01  0.15247327E-08
   0.76516  350.0000     -6.81272946  0.10130817E+03 -0.51668742E-05  0.42478562E+21  0.70466886E-10  0.37245031E+16  0.31355733E+01  0.15124442E-08
   0.76566  350.0000     -6.83795439  0.10049176E+03 -0.55533214E-05  0.42715618E+21  0.66155375E-10  0.37392499E+16  0.31026543E+01  0.15002559E-08
   0.76616  350.0000     -6.86297535  0.99675564E+02 -0.59102410E-05  0.42962533E+21  0.61912932E-10  0.37548104E+16  0.30716295E+01  0.14880708E-08
   0.76666  350.0000     -6.88779187  0.98855756E+02 -0.62389493E-05  0.43218583E+21  0.57794166E-10  0.37711534E+16  0.30425820E+01  0.14758317E-08
   0.76716  350.0000     -6.91240281  0.98031012E+02 -0.65406278E-05  0.43483234E+21  0.53851073E-10  0.37882059E+16  0.30154726E+01  0.14635190E-08
   0.76766  350.0000     -6.93680703  0.97202176E+02 -0.68158671E-05  0.43756120E+21  0.50130714E-10  0.38058574E+16  0.29901662E+01  0.14511452E-08
   0.76816  350.0000     -6.96100377  0.96371807E+02 -0.70643489E-05  0.44036973E+21  0.46673391E-10  0.38239717E+16  0.29664607E+01  0.14387485E-08
   0.76866  350.0000     -6.98499312  0.95543685E+02 -0.72847344E-05  0.44325541E+21  0.43511404E-10  0.38424026E+16  0.29441152E+01  0.14263853E-08
   0.76916  350.0000     -7.00877617  0.94722286E+02 -0.74747889E-05  0.44621476E+21  0.40668337E-10  0.38610122E+16  0.29228790E+01  0.14141226E-08
   0.76966  350.0000     -7.03235521  0.93912284E+02 -0.76317185E-05  0.44924254E+21  0.38158866E-10  0.38796866E+16  0.29025159E+01  0.14020299E-08
   0.77016  350.0000     -7.05573364  0.93118121E+02 -0.77526460E-05  0.45233111E+21  0.35989040E-10  0.38983468E+16  0.28828252E+01  0.13901737E-08
   0.77066  350.0000     -7.07891592  0.92343708E+02 -0.78351206E-05  0.45547024E+21  0.34157056E-10  0.39169516E+16  0.28636537E+01  0.13786124E-08
   0.77116  350.0000     -7.10190741  0.91592282E+02 -0.78775501E-05  0.45864742E+21  0.32654502E-10  0.39354940E+16  0.28448968E+01  0.13673943E-08
   0.77166  350.0000     -7.12471419  0.90866417E+02 -0.78794750E-05  0.46184840E+21  0.31468022E-10  0.39539915E+16  0.28264917E+01  0.13565577E-08
   0.77216  350.0000     -7.14734292  0.90168134E+02 -0.78416484E-05  0.46505799E+21  0.30581273E-10  0.39724731E+16  0.28084030E+01  0.13461330E-08
   0.77266  350.0000     -7.16980069  0.89499068E+02 -0.77659328E-05  0.46826091E+21  0.29976957E-10  0.39909670E+16  0.27906074E+01  0.13361444E-08
   0.77316  350.0000     -7.19209500  0.88860614E+02 -0.76550643E-05  0.47144245E+21  0.29638690E-10  0.40094906E+16  0.27730793E+01  0.13266128E-08
   0.77366  350.0000     -7.21423365  0.88254016E+02 -0.75123461E-05  0.47458905E+21  0.29552474E-10  0.40280440E+16  0.27557826E+01  0.13175568E-08
   0.77416  350.0000     -7.23622476  0.87680385E+02 -0.73413369E-05  0.47768848E+21  0.29707616E-10  0.40466087E+16  0.27386658E+01  0.13089930E-08
   0.77466  350.0000     -7.25807667  0.87140661E+02 -0.71455832E-05  0.48072994E+21  0.30097012E-10  0.40651494E+16  0.27216638E+01  0.13009354E-08
   0.77516  350.0000     -7.27979797  0.86635513E+02 -0.69284232E-05  0.48370393E+21  0.30716843E-10  0.40836187E+16  0.27047011E+01  0.12933940E-08
   0.77566  350.0000     -7.30139734  0.86165229E+02 -0.66928734E-05  0.48660201E+21  0.31565782E-10  0.41019630E+16  0.26876982E+01  0.12863730E-08
   0.77616  350.0000     -7.32288347  0.85729584E+02 -0.64415848E-05  0.48941664E+21  0.32643896E-10  0.41201276E+16  0.26705782E+01  0.12798692E-08
   0.77666  350.0000     -7.34426495  0.85327719E+02 -0.61768478E-05  0.49214096E+21  0.33951428E-10  0.41380605E+16  0.26532737E+01  0.12738697E-08
   0.77716  350.0000     -7.36555002  0.84958023E+02 -0.59006249E-05  0.49476875E+21  0.35487696E-10  0.41557148E+16  0.26357346E+01  0.12683505E-08
   0.77766  350.0000     -7.38674643  0.84618031E+02 -0.56145929E-05  0.49729438E+21  0.37250233E-10  0.41730490E+16  0.26179355E+01  0.12632747E-08
   0.77816  350.0000     -7.40786123  0.84304351E+02 -0.53201901E-05  0.49971280E+21  0.39234308E-10  0.41900273E+16  0.25998835E+01  0.12585917E-08
   0.77866  350.0000     -7.42890044  0.84012646E+02 -0.50186687E-05  0.50201964E+21  0.41432830E-10  0.42066189E+16  0.25816229E+01  0.12542368E-08
   0.77916  350.0000     -7.44986895  0.83737701E+02 -0.47111573E-05  0.50421118E+21  0.43836583E-10  0.42227971E+16  0.25632369E+01  0.12501321E-08
   0.77966  350.0000     -7.47077020  0.83473599E+02 -0.43987305E-05  0.50628443E+21  0.46434700E-10  0.42385389E+16  0.25448415E+01  0.12461893E-08
   0.78016  350.0000     -7.49160612  0.83214026E+02 -0.40824803E-05  0.50823723E+21  0.49215244E-10  0.42538233E+16  0.25265727E+01  0.12423141E-08
   0.78066  350.0000     -7.51237706  0.82952679E+02 -0.37635742E-05  0.51006827E+21  0.52165797E-10  0.42686298E+16  0.25085658E+01  0.12384124E-08
   0.78116  350.0000     -7.53308183  0.82683724E+02 -0.34432829E-05  0.51177724E+21  0.55273979E-10  0.42829354E+16  0.24909308E+01  0.12343971E-08
   0.78166  350.0000     -7.55371788  0.82402218E+02 -0.31229679E-05  0.51336491E+21  0.58527866E-10  0.42967124E+16  0.24737294E+01  0.12301945E-08
   0.78216  350.0000     -7.57428157  0.82104406E+02 -0.28040260E-05  0.51483315E+21  0.61916261E-10  0.43099257E+16  0.24569590E+01  0.12257484E-08
   0.78266  350.0000     -7.59476851  0.81787822E+02 -0.24878005E-05  0.51618493E+21  0.65428808E-10  0.43225329E+16  0.24405481E+01  0.12210221E-08
   0.78316  350.0000     -7.61517381  0.81451171E+02 -0.21754800E-05  0.51742411E+21  0.69055915E-10  0.43344845E+16  0.24243664E+01  0.12159962E-08
   0.78366  350.0000     -7.63549239  0.81094030E+02 -0.18680089E-05  0.51855522E+21  0.72788494E-10  0.43457274E+16  0.24082443E+01  0.12106644E-08
   0.78416  350.0000     -7.65571912  0.80716423E+02 -0.15660322E-05  0.51958305E+21  0.76617518E-10  0.43562098E+16  0.23920009E+01  0.12050270E-08
   0.78466  350.0000     -7.67584890  0.80318386E+02 -0.12698917E-05  0.52051227E+21  0.80533497E-10  0.43658872E+16  0.23754715E+01  0.11990847E-08
   0.78516  350.0000     -7.69587658  0.79899571E+02 -0.97967716E-06  0.52134704E+21  0.84525947E-10  0.43747276E+16  0.23585324E+01  0.11928321E-08
   0.78566  350.0000     -7.71579687  0.79458969E+02 -0.69532669E-06  0.52209065E+21  0.88582979E-10  0.43827165E+16  0.23411184E+01  0.11862543E-08
   0.78616  350.0000     -7.73560410  0.78994769E+02 -0.41676127E-06  0.52274538E+21  0.92691122E-10  0.43898598E+16  0.23232325E+01  0.11793242E-08
   0.78666  350.0000     -7.75529207  0.78504363E+02 -0.14403411E-06  0.52331242E+21  0.96835422E-10  0.43961842E+16  0.23049473E+01  0.11720029E-08
   0.78716  350.0000     -7.77485383  0.77984494E+02  0.12252636E-06  0.52379195E+21  0.10099983E-09  0.44017355E+16  0.22863984E+01  0.11642417E-08
   0.78766  350.0000     -7.79428156  0.77431535E+02  0.38219920E-06  0.52418342E+21  0.10516785E-09  0.44065753E+16  0.22677714E+01  0.11559865E-08
   0.78816  350.0000     -7.81356654  0.76841874E+02  0.63379509E-06  0.52448582E+21  0.10932332E-09  0.44107761E+16  0.22492817E+01  0.11471833E-08
   0.78866  350.0000     -7.83269918  0.76212376E+02  0.87563418E-06  0.52469812E+21  0.11345124E-09  0.44144155E+16  0.22311505E+01  0.11377855E-08
   0.78916  350.0000     -7.85166922  0.75540869E+02  0.11055840E-05  0.52481959E+21  0.11753853E-09  0.44175711E+16  0.22135775E+01  0.11277604E-08
   0.78966  350.0000     -7.87046604  0.74826599E+02  0.13211582E-05  0.52485021E+21  0.12157463E-09  0.44203150E+16  0.21967149E+01  0.11170970E-08
   0.79016  350.0000     -7.88907904  0.74070583E+02  0.15196680E-05  0.52479098E+21  0.12555183E-09  0.44227098E+16  0.21806462E+01  0.11058103E-08
   0.79066  350.0000     -7.90749810  0.73275790E+02  0.16984133E-05  0.52464412E+21  0.12946548E-09  0.44248053E+16  0.21653733E+01  0.10939447E-08
   0.79116  350.0000     -7.92571410  0.72447122E+02  0.18548904E-05  0.52441324E+21  0.13331391E-09  0.44266367E+16  0.21508155E+01  0.10815734E-08
   0.79166  350.0000     -7.94371938  0.71591165E+02  0.19869962E-05  0.52410338E+21  0.13709827E-09  0.44282229E+16  0.21368208E+01  0.10687947E-08
   0.79216  350.0000     -7.96150806  0.70715765E+02  0.20932050E-05  0.52372102E+21  0.14082223E-09  0.44295667E+16  0.21231871E+01  0.10557258E-08
   0.79266  350.0000     -7.97907636  0.69829486E+02  0.21727053E-05  0.52327396E+21  0.14449168E-09  0.44306546E+16  0.21096889E+01  0.10424944E-08
   0.79316  350.0000     -7.99642263  0.68941039E+02  0.22254876E-05  0.52277119E+21  0.14811433E-09  0.44314575E+16  0.20961057E+01  0.10292306E-08
   0.79366  350.0000     -8.01354739  0.68058773E+02  0.22523828E-05  0.52222263E+21  0.15169934E-09  0.44319327E+16  0.20822446E+01  0.10160592E-08
   0.79416  350.0000     -8.03045317  0.67190281E+02  0.22550572E-05  0.52163880E+21  0.15525679E-09  0.44320263E+16  0.20679559E+01  0.10030933E-08
   0.79466  350.0000     -8.04714423  0.66342142E+02  0.22359723E-05  0.52103043E+21  0.15879726E-09  0.44316771E+16  0.20531394E+01  0.99043133E-09
   0.79516  350.0000     -8.06362639  0.65519802E+02  0.21983166E-05  0.52040804E+21  0.16233134E-09  0.44308211E+16  0.20377439E+01  0.97815450E-09
