#       Ef[Ry] T [K]            N         DOS(Ef)           S             s/t               R_H        kappa0         c                 chi
   0.48316  300.0000     16.66453983  0.22480164E+03  0.38780618E-05  0.40688708E+21 -0.69491169E-12  0.29595861E+16  0.56158984E+01  0.33560959E-08
   0.48366  300.0000     16.60840245  0.22428137E+03  0.40678328E-05  0.40529987E+21 -0.30462811E-11  0.29515303E+16  0.56169715E+01  0.33483286E-08
   0.48416  300.0000     16.55240523  0.22368787E+03  0.42218100E-05  0.40367280E+21 -0.52642419E-11  0.29433413E+16  0.56131034E+01  0.33394682E-08
   0.48466  300.0000     16.49656126  0.22306087E+03  0.43374513E-05  0.40203730E+21 -0.73156780E-11  0.29346045E+16  0.56021992E+01  0.33301076E-08
   0.48516  300.0000     16.44087561  0.22242321E+03  0.44192350E-05  0.40042333E+21 -0.91832044E-11  0.29249092E+16  0.55829983E+01  0.33205879E-08
   0.48566  300.0000     16.38535053  0.22177419E+03  0.44787041E-05  0.39885378E+21 -0.10868772E-10  0.29139268E+16  0.55554314E+01  0.33108986E-08
   0.48616  300.0000     16.32999159  0.22108755E+03  0.45330385E-05  0.39733985E+21 -0.12396020E-10  0.29014732E+16  0.55207546E+01  0.33006476E-08
   0.48666  300.0000     16.27481389  0.22031481E+03  0.46024502E-05  0.39587852E+21 -0.13810515E-10  0.28875443E+16  0.54814156E+01  0.32891113E-08
   0.48716  300.0000     16.21984654  0.21939375E+03  0.47069840E-05  0.39445242E+21 -0.15177334E-10  0.28723183E+16  0.54406640E+01  0.32753606E-08
   0.48766  300.0000     16.16513475  0.21826021E+03  0.48633798E-05  0.39303194E+21 -0.16575936E-10  0.28561304E+16  0.54019864E+01  0.32584379E-08
   0.48816  300.0000     16.11073865  0.21686087E+03  0.50825365E-05  0.39157910E+21 -0.18092817E-10  0.28394256E+16  0.53684974E+01  0.32375469E-08
   0.48866  300.0000     16.05672921  0.21516373E+03  0.53678838E-05  0.39005225E+21 -0.19812954E-10  0.28227040E+16  0.53424442E+01  0.32122101E-08
   0.48916  300.0000     16.00318206  0.21316427E+03  0.57147396E-05  0.38841117E+21 -0.21811283E-10  0.28064631E+16  0.53249450E+01  0.31823599E-08
   0.48966  300.0000     15.95017037  0.21088617E+03  0.61105631E-05  0.38662180E+21 -0.24145438E-10  0.27911458E+16  0.53160011E+01  0.31483499E-08
   0.49016  300.0000     15.89775823  0.20837757E+03  0.65359471E-05  0.38466033E+21 -0.26850490E-10  0.27770965E+16  0.53147219E+01  0.31108986E-08
   0.49066  300.0000     15.84599528  0.20570496E+03  0.69662199E-05  0.38251626E+21 -0.29935932E-10  0.27645285E+16  0.53196375E+01  0.30709988E-08
   0.49116  300.0000     15.79491289  0.20294686E+03  0.73735758E-05  0.38019419E+21 -0.33384698E-10  0.27535032E+16  0.53289718E+01  0.30298227E-08
   0.49166  300.0000     15.74452186  0.20018870E+03  0.77296591E-05  0.37771409E+21 -0.37154022E-10  0.27439262E+16  0.53408048E+01  0.29886457E-08
   0.49216  300.0000     15.69481117  0.19751896E+03  0.80084298E-05  0.37510982E+21 -0.41178162E-10  0.27355633E+16  0.53531312E+01  0.29487889E-08
   0.49266  300.0000     15.64574765  0.19502590E+03  0.81889614E-05  0.37242591E+21 -0.45373384E-10  0.27280787E+16  0.53638767E+01  0.29115696E-08
   0.49316  300.0000     15.59727646  0.19279368E+03  0.82576723E-05  0.36971286E+21 -0.49645531E-10  0.27210916E+16  0.53709463E+01  0.28782445E-08
   0.49366  300.0000     15.54932276  0.19089753E+03  0.82094890E-05  0.36702184E+21 -0.53900005E-10  0.27142415E+16  0.53723508E+01  0.28499365E-08
   0.49416  300.0000     15.50179459  0.18939802E+03  0.80476391E-05  0.36439967E+21 -0.58053109E-10  0.27072481E+16  0.53664041E+01  0.28275501E-08
   0.49466  300.0000     15.45458727  0.18833550E+03  0.77821265E-05  0.36188501E+21 -0.62042863E-10  0.26999535E+16  0.53519466E+01  0.28116876E-08
   0.49516  300.0000     15.40758903  0.18772583E+03  0.74272908E-05  0.35950654E+21 -0.65837039E-10  0.26923369E+16  0.53285272E+01  0.28025858E-08
   0.49566  300.0000     15.36068742  0.18755851E+03  0.69990699E-05  0.35728294E+21 -0.69436478E-10  0.26845030E+16  0.52964931E+01  0.28000878E-08
   0.49616  300.0000     15.31377585  0.18779755E+03  0.65125833E-05  0.35522458E+21 -0.72872725E-10  0.26766490E+16  0.52569558E+01  0.28036565E-08
   0.49666  300.0000     15.26675954  0.18838531E+03  0.59804701E-05  0.35333617E+21 -0.76200221E-10  0.26690214E+16  0.52116369E+01  0.28124312E-08
   0.49716  300.0000     15.21956022  0.18924844E+03  0.54121645E-05  0.35161961E+21 -0.79484448E-10  0.26618710E+16  0.51626171E+01  0.28253170E-08
   0.49766  300.0000     15.17211918  0.19030522E+03  0.48140450E-05  0.35007651E+21 -0.82788281E-10  0.26554176E+16  0.51120338E+01  0.28410939E-08
   0.49816  300.0000     15.12439839  0.19147281E+03  0.41902054E-05  0.34870987E+21 -0.86159258E-10  0.26498283E+16  0.50617941E+01  0.28585249E-08
   0.49866  300.0000     15.07638009  0.19267292E+03  0.35434947E-05  0.34752475E+21 -0.89620281E-10  0.26452118E+16  0.50133778E+01  0.28764416E-08
   0.49916  300.0000     15.02806513  0.19383488E+03  0.28764675E-05  0.34652809E+21 -0.93165507E-10  0.26416253E+16  0.49677984E+01  0.28937886E-08
   0.49966  300.0000     14.97947111  0.19489549E+03  0.21920031E-05  0.34572800E+21 -0.96761813E-10  0.26390884E+16  0.49257409E+01  0.29096227E-08
   0.50016  300.0000     14.93063067  0.19579677E+03  0.14935331E-05  0.34513296E+21 -0.10035482E-09  0.26375967E+16  0.48878266E+01  0.29230780E-08
   0.50066  300.0000     14.88159061  0.19648342E+03  0.78498929E-06  0.34475119E+21 -0.10387754E-09  0.26371296E+16  0.48548824E+01  0.29333291E-08
   0.50116  300.0000     14.83241126  0.19690271E+03  0.70654028E-07  0.34459033E+21 -0.10725943E-09  0.26376531E+16  0.48280630E+01  0.29395888E-08
   0.50166  300.0000     14.78316544  0.19700832E+03 -0.64492430E-06  0.34465732E+21 -0.11043412E-09  0.26391175E+16  0.48087122E+01  0.29411654E-08
   0.50216  300.0000     14.73393598  0.19676815E+03 -0.13568595E-05  0.34495831E+21 -0.11334485E-09  0.26414540E+16  0.47979597E+01  0.29375799E-08
   0.50266  300.0000     14.68481096  0.19617386E+03 -0.20596764E-05  0.34549849E+21 -0.11594719E-09  0.26445727E+16  0.47961728E+01  0.29287076E-08
   0.50316  300.0000     14.63587675  0.19524826E+03 -0.27469201E-05  0.34628163E+21 -0.11820946E-09  0.26483649E+16  0.48024801E+01  0.29148892E-08
   0.50366  300.0000     14.58720987  0.19404711E+03 -0.34107360E-05  0.34730929E+21 -0.12011182E-09  0.26527121E+16  0.48145837E+01  0.28969571E-08
   0.50416  300.0000     14.53886930  0.19265319E+03 -0.40416095E-05  0.34857964E+21 -0.12164477E-09  0.26575011E+16  0.48289791E+01  0.28761470E-08
   0.50466  300.0000     14.49089125  0.19116350E+03 -0.46284872E-05  0.35008611E+21 -0.12280786E-09  0.26626451E+16  0.48415474E+01  0.28539073E-08
   0.50516  300.0000     14.44328757  0.18967301E+03 -0.51594508E-05  0.35181615E+21 -0.12360856E-09  0.26681056E+16  0.48483388E+01  0.28316555E-08
   0.50566  300.0000     14.39604827  0.18825919E+03 -0.56229582E-05  0.35375048E+21 -0.12406087E-09  0.26739084E+16  0.48463061E+01  0.28105484E-08
   0.50616  300.0000     14.34914739  0.18697125E+03 -0.60094536E-05  0.35586334E+21 -0.12418327E-09  0.26801474E+16  0.48337865E+01  0.27913205E-08
   0.50666  300.0000     14.30255068  0.18582591E+03 -0.63129731E-05  0.35812382E+21 -0.12399611E-09  0.26869733E+16  0.48106427E+01  0.27742217E-08
   0.50716  300.0000     14.25622362  0.18480957E+03 -0.65323084E-05  0.36049820E+21 -0.12351895E-09  0.26945657E+16  0.47780895E+01  0.27590485E-08
   0.50766  300.0000     14.21013820  0.18388508E+03 -0.66713862E-05  0.36295304E+21 -0.12276871E-09  0.27030965E+16  0.47383096E+01  0.27452467E-08
   0.50816  300.0000     14.16427769  0.18300105E+03 -0.67387377E-05  0.36545817E+21 -0.12175927E-09  0.27126917E+16  0.46939821E+01  0.27320488E-08
   0.50866  300.0000     14.11863899  0.18210143E+03 -0.67461847E-05  0.36798914E+21 -0.12050278E-09  0.27234020E+16  0.46478310E+01  0.27186183E-08
   0.50916  300.0000     14.07323267  0.18113389E+03 -0.67070675E-05  0.37052862E+21 -0.11901249E-09  0.27351879E+16  0.46022654E+01  0.27041738E-08
   0.50966  300.0000     14.02808128  0.18005593E+03 -0.66344178E-05  0.37306641E+21 -0.11730629E-09  0.27479226E+16  0.45591505E+01  0.26880807E-08
   0.51016  300.0000     13.98321638  0.17883829E+03 -0.65394344E-05  0.37559846E+21 -0.11541009E-09  0.27614084E+16  0.45197180E+01  0.26699024E-08
   0.51066  300.0000     13.93867507  0.17746592E+03 -0.64304881E-05  0.37812507E+21 -0.11336018E-09  0.27754038E+16  0.44845982E+01  0.26494141E-08
   0.51116  300.0000     13.89449650  0.17593703E+03 -0.63127244E-05  0.38064868E+21 -0.11120384E-09  0.27896523E+16  0.44539312E+01  0.26265891E-08
   0.51166  300.0000     13.85071882  0.17426121E+03 -0.61882008E-05  0.38317181E+21 -0.10899794E-09  0.28039090E+16  0.44275013E+01  0.26015705E-08
   0.51216  300.0000     13.80737657  0.17245747E+03 -0.60564063E-05  0.38569531E+21 -0.10680544E-09  0.28179608E+16  0.44048438E+01  0.25746423E-08
   0.51266  300.0000     13.76449852  0.17055275E+03 -0.59149853E-05  0.38821720E+21 -0.10469038E-09  0.28316381E+16  0.43853003E+01  0.25462063E-08
   0.51316  300.0000     13.72210583  0.16858068E+03 -0.57604914E-05  0.39073203E+21 -0.10271200E-09  0.28448194E+16  0.43680325E+01  0.25167650E-08
   0.51366  300.0000     13.68021054  0.16658037E+03 -0.55890410E-05  0.39323081E+21 -0.10091907E-09  0.28574288E+16  0.43520249E+01  0.24869022E-08
   0.51416  300.0000     13.63881443  0.16459462E+03 -0.53967938E-05  0.39570129E+21 -0.99345426E-10  0.28694299E+16  0.43361072E+01  0.24572567E-08
   0.51466  300.0000     13.59790835  0.16266744E+03 -0.51802538E-05  0.39812856E+21 -0.98007485E-10  0.28808181E+16  0.43190137E+01  0.24284855E-08
   0.51516  300.0000     13.55747231  0.16084096E+03 -0.49364407E-05  0.40049565E+21 -0.96903900E-10  0.28916127E+16  0.42994765E+01  0.24012178E-08
   0.51566  300.0000     13.51747638  0.15915206E+03 -0.46630060E-05  0.40278429E+21 -0.96017302E-10  0.29018509E+16  0.42763427E+01  0.23760039E-08
   0.51616  300.0000     13.47788242  0.15762900E+03 -0.43583662E-05  0.40497552E+21 -0.95317597E-10  0.29115829E+16  0.42486981E+01  0.23532659E-08
   0.51666  300.0000     13.43864662  0.15628853E+03 -0.40218833E-05  0.40705044E+21 -0.94766269E-10  0.29208684E+16  0.42159842E+01  0.23332539E-08
   0.51716  300.0000     13.39972264  0.15513371E+03 -0.36540838E-05  0.40899081E+21 -0.94321085E-10  0.29297725E+16  0.41780969E+01  0.23160133E-08
   0.51766  300.0000     13.36106524  0.15415276E+03 -0.32568595E-05  0.41077989E+21 -0.93940617E-10  0.29383614E+16  0.41354514E+01  0.23013686E-08
   0.51816  300.0000     13.32263393  0.15331942E+03 -0.28335815E-05  0.41240318E+21 -0.93588056E-10  0.29466953E+16  0.40889984E+01  0.22889275E-08
   0.51866  300.0000     13.28439644  0.15259480E+03 -0.23890665E-05  0.41384932E+21 -0.93233873E-10  0.29548208E+16  0.40401722E+01  0.22781097E-08
   0.51916  300.0000     13.24633143  0.15193117E+03 -0.19293654E-05  0.41511085E+21 -0.92857098E-10  0.29627616E+16  0.39907587E+01  0.22682021E-08
   0.51966  300.0000     13.20843007  0.15127713E+03 -0.14613758E-05  0.41618490E+21 -0.92445242E-10  0.29705099E+16  0.39426868E+01  0.22584379E-08
   0.52016  300.0000     13.17069617  0.15058383E+03 -0.99229850E-06  0.41707359E+21 -0.91993174E-10  0.29780189E+16  0.38977699E+01  0.22480876E-08
   0.52066  300.0000     13.13314482  0.14981093E+03 -0.52898238E-06  0.41778406E+21 -0.91501426E-10  0.29852001E+16  0.38574516E+01  0.22365487E-08
   0.52116  300.0000     13.09579965  0.14893118E+03 -0.77223483E-07  0.41832799E+21 -0.90974409E-10  0.29919244E+16  0.38226115E+01  0.22234149E-08
   0.52166  300.0000     13.05868915  0.14793293E+03  0.35888894E-06  0.41872070E+21 -0.90418904E-10  0.29980309E+16  0.37934772E+01  0.22085119E-08
   0.52216  300.0000     13.02184278  0.14681991E+03  0.77747749E-06  0.41897966E+21 -0.89842982E-10  0.30033402E+16  0.37696590E+01  0.21918954E-08
   0.52266  300.0000     12.98528739  0.14560880E+03  0.11791404E-05  0.41912284E+21 -0.89255336E-10  0.30076724E+16  0.37502910E+01  0.21738146E-08
   0.52316  300.0000     12.94904444  0.14432516E+03  0.15669067E-05  0.41916692E+21 -0.88664952E-10  0.30108658E+16  0.37342425E+01  0.21546510E-08
   0.52366  300.0000     12.91312838  0.14299868E+03  0.19458553E-05  0.41912564E+21 -0.88080946E-10  0.30127948E+16  0.37203497E+01  0.21348478E-08
   0.52416  300.0000     12.87754621  0.14165879E+03  0.23224233E-05  0.41900860E+21 -0.87512433E-10  0.30133821E+16  0.37076186E+01  0.21148444E-08
   0.52466  300.0000     12.84229793  0.14033142E+03  0.27035054E-05  0.41882060E+21 -0.86968223E-10  0.30126039E+16  0.36953587E+01  0.20950278E-08
   0.52516  300.0000     12.80737771  0.13903736E+03  0.30955169E-05  0.41856179E+21 -0.86456268E-10  0.30104850E+16  0.36832270E+01  0.20757086E-08
   0.52566  300.0000     12.77277516  0.13779223E+03  0.35036208E-05  0.41822833E+21 -0.85982810E-10  0.30070875E+16  0.36711892E+01  0.20571200E-08
   0.52616  300.0000     12.73847654  0.13660762E+03  0.39312848E-05  0.41781349E+21 -0.85551408E-10  0.30024930E+16  0.36594249E+01  0.20394347E-08
   0.52666  300.0000     12.70446555  0.13549255E+03  0.43802302E-05  0.41730890E+21 -0.85162041E-10  0.29967872E+16  0.36482183E+01  0.20227877E-08
   0.52716  300.0000     12.67072381  0.13445496E+03  0.48507107E-05  0.41670537E+21 -0.84810553E-10  0.29900492E+16  0.36378686E+01  0.20072973E-08
   0.52766  300.0000     12.63723099  0.13350233E+03  0.53419536E-05  0.41599352E+21 -0.84488570E-10  0.29823479E+16  0.36286468E+01  0.19930754E-08
   0.52816  300.0000     12.60396497  0.13264173E+03  0.58525640E-05  0.41516383E+21 -0.84183894E-10  0.29737470E+16  0.36208017E+01  0.19802273E-08
   0.52866  300.0000     12.57090196  0.13187913E+03  0.63807235E-05  0.41420659E+21 -0.83881254E-10  0.29643120E+16  0.36146059E+01  0.19688424E-08
   0.52916  300.0000     12.53801690  0.13121853E+03  0.69241112E-05  0.41311182E+21 -0.83563193E-10  0.29541182E+16  0.36104211E+01  0.19589802E-08
   0.52966  300.0000     12.50528408  0.13066121E+03  0.74795740E-05  0.41186947E+21 -0.83210896E-10  0.29432541E+16  0.36087591E+01  0.19506598E-08
   0.53016  300.0000     12.47267782  0.13020552E+03  0.80426510E-05  0.41046990E+21 -0.82804826E-10  0.29318192E+16  0.36103178E+01  0.19438568E-08
   0.53066  300.0000     12.44017318  0.12984750E+03  0.86070763E-05  0.40890464E+21 -0.82325112E-10  0.29199179E+16  0.36159768E+01  0.19385118E-08
   0.53116  300.0000     12.40774633  0.12958244E+03  0.91643689E-05  0.40716733E+21 -0.81751663E-10  0.29076493E+16  0.36267382E+01  0.19345548E-08
   0.53166  300.0000     12.37537445  0.12940762E+03  0.97035932E-05  0.40525466E+21 -0.81063998E-10  0.28950967E+16  0.36436018E+01  0.19319448E-08
   0.53216  300.0000     12.34303480  0.12932584E+03  0.10211375E-04  0.40316728E+21 -0.80240765E-10  0.28823153E+16  0.36673767E+01  0.19307240E-08
   0.53266  300.0000     12.31070279  0.12934940E+03  0.10672266E-04  0.40091060E+21 -0.79258982E-10  0.28693200E+16  0.36984555E+01  0.19310757E-08
   0.53316  300.0000     12.27834929  0.12950309E+03  0.11069576E-04  0.39849525E+21 -0.78093147E-10  0.28560755E+16  0.37366102E+01  0.19333701E-08
   0.53366  300.0000     12.24593725  0.12982509E+03  0.11386715E-04  0.39593715E+21 -0.76714479E-10  0.28424895E+16  0.37808914E+01  0.19381773E-08
   0.53416  300.0000     12.21341865  0.13036446E+03  0.11609036E-04  0.39325692E+21 -0.75090632E-10  0.28284144E+16  0.38297032E+01  0.19462297E-08
   0.53466  300.0000     12.18073241  0.13117504E+03  0.11725941E-04  0.39047856E+21 -0.73186191E-10  0.28136582E+16  0.38810722E+01  0.19583310E-08
   0.53516  300.0000     12.14780432  0.13230682E+03  0.11732921E-04  0.38762745E+21 -0.70964038E-10  0.27980043E+16  0.39330671E+01  0.19752275E-08
   0.53566  300.0000     12.11454909  0.13379678E+03  0.11633119E-04  0.38472804E+21 -0.68387431E-10  0.27812373E+16  0.39842604E+01  0.19974712E-08
   0.53616  300.0000     12.08087463  0.13566151E+03  0.11438047E-04  0.38180146E+21 -0.65422363E-10  0.27631691E+16  0.40341085E+01  0.20253101E-08
   0.53666  300.0000     12.04668764  0.13789383E+03  0.11167223E-04  0.37886349E+21 -0.62039656E-10  0.27436609E+16  0.40831371E+01  0.20586367E-08
   0.53716  300.0000     12.01189949  0.14046439E+03  0.10846679E-04  0.37592323E+21 -0.58216280E-10  0.27226368E+16  0.41328662E+01  0.20970129E-08
   0.53766  300.0000     11.97643099  0.14332836E+03  0.10506500E-04  0.37298248E+21 -0.53935625E-10  0.27000887E+16  0.41854721E+01  0.21397696E-08
   0.53816  300.0000     11.94021504  0.14643574E+03  0.10177767E-04  0.37003586E+21 -0.49186782E-10  0.26760723E+16  0.42432564E+01  0.21861602E-08
   0.53866  300.0000     11.90319653  0.14974272E+03  0.98894682E-05  0.36707160E+21 -0.43963267E-10  0.26506978E+16  0.43080559E+01  0.22355304E-08
   0.53916  300.0000     11.86532945  0.15322117E+03  0.96659539E-05  0.36407271E+21 -0.38261802E-10  0.26241162E+16  0.43807469E+01  0.22874608E-08
   0.53966  300.0000     11.82657231  0.15686397E+03  0.95253664E-05  0.36101843E+21 -0.32081752E-10  0.25965052E+16  0.44609720E+01  0.23418447E-08
   0.54016  300.0000     11.78688266  0.16068505E+03  0.94791525E-05  0.35788578E+21 -0.25425487E-10  0.25680553E+16  0.45471313E+01  0.23988901E-08
   0.54066  300.0000     11.74621242  0.16471474E+03  0.95324971E-05  0.35465106E+21 -0.18299485E-10  0.25389583E+16  0.46366017E+01  0.24590500E-08
   0.54116  300.0000     11.70450465  0.16899203E+03  0.96853330E-05  0.35129120E+21 -0.10715576E-10  0.25093990E+16  0.47261003E+01  0.25229061E-08
   0.54166  300.0000     11.66169257  0.17355497E+03  0.99335600E-05  0.34778485E+21 -0.26915653E-11  0.24795512E+16  0.48121138E+01  0.25910270E-08
   0.54216  300.0000     11.61770104  0.17843076E+03  0.10270159E-04  0.34411319E+21  0.57493496E-11  0.24495767E+16  0.48913491E+01  0.26638184E-08
   0.54266  300.0000     11.57245049  0.18362603E+03  0.10685985E-04  0.34026063E+21  0.14580573E-10  0.24196275E+16  0.49611856E+01  0.27413793E-08
   0.54316  300.0000     11.52586316  0.18911850E+03  0.11170137E-04  0.33621538E+21  0.23775148E-10  0.23898472E+16  0.50200994E+01  0.28233772E-08
   0.54366  300.0000     11.47787111  0.19485131E+03  0.11709935E-04  0.33197021E+21  0.33309083E-10  0.23603667E+16  0.50679971E+01  0.29089631E-08
   0.54416  300.0000     11.42842512  0.20073170E+03  0.12290694E-04  0.32752349E+21  0.43163992E-10  0.23312943E+16  0.51063698E+01  0.29967523E-08
   0.54466  300.0000     11.37750324  0.20663552E+03  0.12895572E-04  0.32288038E+21  0.53328211E-10  0.23026985E+16  0.51381788E+01  0.30848913E-08
   0.54516  300.0000     11.32511747  0.21241771E+03  0.13505838E-04  0.31805383E+21  0.63795969E-10  0.22745900E+16  0.51674434E+01  0.31712144E-08
   0.54566  300.0000     11.27131714  0.21792723E+03  0.14101711E-04  0.31306499E+21  0.74564825E-10  0.22469104E+16  0.51986036E+01  0.32534668E-08
   0.54616  300.0000     11.21618839  0.22302324E+03  0.14663767E-04  0.30794251E+21  0.85632108E-10  0.22195348E+16  0.52358252E+01  0.33295459E-08
   0.54666  300.0000     11.15984982  0.22758873E+03  0.15174580E-04  0.30272075E+21  0.96991419E-10  0.21922903E+16  0.52824546E+01  0.33977047E-08
   0.54716  300.0000     11.10244541  0.23153876E+03  0.15620178E-04  0.29743706E+21  0.10863009E-09  0.21649867E+16  0.53407647E+01  0.34566753E-08
   0.54766  300.0000     11.04413600  0.23482314E+03  0.15990904E-04  0.29212885E+21  0.12052808E-09  0.21374519E+16  0.54119950E+01  0.35057083E-08
   0.54816  300.0000     10.98509078  0.23742529E+03  0.16281514E-04  0.28683088E+21  0.13265816E-09  0.21095600E+16  0.54965522E+01  0.35445561E-08
   0.54866  300.0000     10.92547905  0.23936021E+03  0.16490604E-04  0.28157354E+21  0.14498698E-09  0.20812480E+16  0.55941899E+01  0.35734429E-08
   0.54916  300.0000     10.86546254  0.24067369E+03  0.16619653E-04  0.27638188E+21  0.15747634E-09  0.20525187E+16  0.57040366E+01  0.35930519E-08
   0.54966  300.0000     10.80518766  0.24144280E+03  0.16672033E-04  0.27127573E+21  0.17008430E-09  0.20234315E+16  0.58244581E+01  0.36045341E-08
   0.55016  300.0000     10.74477751  0.24177655E+03  0.16652204E-04  0.26627027E+21  0.18276611E-09  0.19940864E+16  0.59528457E+01  0.36095167E-08
   0.55066  300.0000     10.68432413  0.24181411E+03  0.16565194E-04  0.26137709E+21  0.19547523E-09  0.19646051E+16  0.60854732E+01  0.36100774E-08
   0.55116  300.0000     10.62388155  0.24171897E+03  0.16416346E-04  0.25660525E+21  0.20816448E-09  0.19351115E+16  0.62175452E+01  0.36086570E-08
   0.55166  300.0000     10.56346094  0.24166830E+03  0.16211256E-04  0.25196239E+21  0.22078755E-09  0.19057152E+16  0.63434869E+01  0.36079006E-08
   0.55216  300.0000     10.50302895  0.24183846E+03  0.15955907E-04  0.24745557E+21  0.23330069E-09  0.18764970E+16  0.64574397E+01  0.36104409E-08
   0.55266  300.0000     10.44250996  0.24238857E+03  0.15656957E-04  0.24309188E+21  0.24566442E-09  0.18474998E+16  0.65538701E+01  0.36186537E-08
   0.55316  300.0000     10.38179237  0.24344473E+03  0.15322149E-04  0.23887860E+21  0.25784555E-09  0.18187251E+16  0.66281775E+01  0.36344212E-08
   0.55366  300.0000     10.32073860  0.24508699E+03  0.14960689E-04  0.23482279E+21  0.26981953E-09  0.17901372E+16  0.66771941E+01  0.36589387E-08
   0.55416  300.0000     10.25919772  0.24734126E+03  0.14583397E-04  0.23093053E+21  0.28157355E-09  0.17616750E+16  0.66994835E+01  0.36925931E-08
   0.55466  300.0000     10.19701933  0.25017746E+03  0.14202503E-04  0.22720580E+21  0.29310961E-09  0.17332663E+16  0.66953707E+01  0.37349351E-08
   0.55516  300.0000     10.13406717  0.25351401E+03  0.13831104E-04  0.22364952E+21  0.30444719E-09  0.17048430E+16  0.66666866E+01  0.37847469E-08
   0.55566  300.0000     10.07023083  0.25722755E+03  0.13482478E-04  0.22025878E+21  0.31562419E-09  0.16763510E+16  0.66163030E+01  0.38401868E-08
   0.55616  300.0000     10.00543472  0.26116465E+03  0.13169516E-04  0.21702654E+21  0.32669597E-09  0.16477541E+16  0.65476257E+01  0.38989645E-08
   0.55666  300.0000      9.93964426  0.26515221E+03  0.12904462E-04  0.21394176E+21  0.33773260E-09  0.16190327E+16  0.64642437E+01  0.39584953E-08
   0.55716  300.0000      9.87286987  0.26900436E+03  0.12698952E-04  0.21098981E+21  0.34881559E-09  0.15901787E+16  0.63698477E+01  0.40160045E-08
   0.55766  300.0000      9.80516955  0.27252681E+03  0.12564200E-04  0.20815302E+21  0.36003489E-09  0.15611899E+16  0.62683482E+01  0.40685918E-08
   0.55816  300.0000      9.73665041  0.27552208E+03  0.12511137E-04  0.20541128E+21  0.37148707E-09  0.15320647E+16  0.61639612E+01  0.41133086E-08
   0.55866  300.0000      9.66746842  0.27779914E+03  0.12550386E-04  0.20274264E+21  0.38327429E-09  0.15027974E+16  0.60610013E+01  0.41473031E-08
   0.55916  300.0000      9.59782492  0.27918856E+03  0.12692164E-04  0.20012391E+21  0.39550376E-09  0.14733752E+16  0.59632947E+01  0.41680460E-08
   0.55966  300.0000      9.52795916  0.27955933E+03  0.12946247E-04  0.19753112E+21  0.40828741E-09  0.14437753E+16  0.58734200E+01  0.41735813E-08
   0.56016  300.0000      9.45813704  0.27883033E+03  0.13322132E-04  0.19493984E+21  0.42174164E-09  0.14139669E+16  0.57922024E+01  0.41626980E-08
   0.56066  300.0000      9.38863834  0.27697061E+03  0.13829338E-04  0.19232521E+21  0.43598785E-09  0.13839177E+16  0.57188263E+01  0.41349339E-08
   0.56116  300.0000      9.31974534  0.27398839E+03  0.14477626E-04  0.18966163E+21  0.45115368E-09  0.13536053E+16  0.56515823E+01  0.40904118E-08
   0.56166  300.0000      9.25173507  0.26991535E+03  0.15276881E-04  0.18692249E+21  0.46737501E-09  0.13230314E+16  0.55888456E+01  0.40296048E-08
   0.56216  300.0000      9.18487495  0.26479524E+03  0.16236543E-04  0.18408007E+21  0.48479835E-09  0.12922324E+16  0.55297357E+01  0.39531659E-08
   0.56266  300.0000      9.11942026  0.25868205E+03  0.17364713E-04  0.18110592E+21  0.50358327E-09  0.12612826E+16  0.54741360E+01  0.38619013E-08
   0.56316  300.0000      9.05561088  0.25164635E+03  0.18667236E-04  0.17797181E+21  0.52390520E-09  0.12302905E+16  0.54221844E+01  0.37568643E-08
   0.56366  300.0000      8.99366610  0.24378341E+03  0.20147061E-04  0.17465097E+21  0.54595871E-09  0.11993887E+16  0.53736386E+01  0.36394775E-08
   0.56416  300.0000      8.93377787  0.23521692E+03  0.21804066E-04  0.17111946E+21  0.56996162E-09  0.11687238E+16  0.53274984E+01  0.35115870E-08
   0.56466  300.0000      8.87610391  0.22609578E+03  0.23635285E-04  0.16735737E+21  0.59615961E-09  0.11384486E+16  0.52820291E+01  0.33754163E-08
   0.56516  300.0000      8.82076242  0.21658549E+03  0.25635312E-04  0.16334961E+21  0.62483095E-09  0.11087206E+16  0.52350883E+01  0.32334358E-08
   0.56566  300.0000      8.76782933  0.20685696E+03  0.27796551E-04  0.15908662E+21  0.65629052E-09  0.10797020E+16  0.51845742E+01  0.30881972E-08
   0.56616  300.0000      8.71733831  0.19707554E+03  0.30108976E-04  0.15456499E+21  0.69089255E-09  0.10515595E+16  0.51288558E+01  0.29421689E-08
   0.56666  300.0000      8.66928337  0.18739176E+03  0.32559243E-04  0.14978837E+21  0.72903170E-09  0.10244552E+16  0.50671104E+01  0.27975984E-08
   0.56716  300.0000      8.62362344  0.17793499E+03  0.35129176E-04  0.14476888E+21  0.77114249E-09  0.99852804E+15  0.49995267E+01  0.26564169E-08
   0.56766  300.0000      8.58028811  0.16881063E+03  0.37793841E-04  0.13952873E+21  0.81769727E-09  0.97386487E+15  0.49273429E+01  0.25201981E-08
   0.56816  300.0000      8.53918351  0.16010108E+03  0.40519584E-04  0.13410165E+21  0.86920263E-09  0.95047022E+15  0.48527134E+01  0.23901719E-08
   0.56866  300.0000      8.50019767  0.15186983E+03  0.43262416E-04  0.12853344E+21  0.92619378E-09  0.92824420E+15  0.47784335E+01  0.22672863E-08
   0.56916  300.0000      8.46320448  0.14416772E+03  0.45967093E-04  0.12288110E+21  0.98922450E-09  0.90697904E+15  0.47075808E+01  0.21523005E-08
   0.56966  300.0000      8.42806596  0.13703985E+03  0.48567063E-04  0.11721019E+21  0.10588498E-08  0.88637919E+15  0.46431367E+01  0.20458875E-08
   0.57016  300.0000      8.39463291  0.13053201E+03  0.50985368E-04  0.11159078E+21  0.11355969E-08  0.86610163E+15  0.45876445E+01  0.19487310E-08
   0.57066  300.0000      8.36274403  0.12469565E+03  0.53136556E-04  0.10609266E+21  0.12199200E-08  0.84580678E+15  0.45429428E+01  0.18615992E-08
   0.57116  300.0000      8.33222416  0.11959068E+03  0.54929808E-04  0.10078052E+21  0.13121345E-08  0.82520848E+15  0.45100051E+01  0.17853864E-08
   0.57166  300.0000      8.30288205  0.11528554E+03  0.56273588E-04  0.95709983E+20  0.14123313E-08  0.80411381E+15  0.44889068E+01  0.17211143E-08
   0.57216  300.0000      8.27450855  0.11185450E+03  0.57082038E-04  0.90924733E+20  0.15202726E-08  0.78244876E+15  0.44789259E+01  0.16698918E-08
   0.57266  300.0000      8.24687569  0.10937270E+03  0.57282742E-04  0.86454937E+20  0.16352847E-08  0.76026905E+15  0.44787530E+01  0.16328407E-08
   0.57316  300.0000      8.21973725  0.10790995E+03  0.56824689E-04  0.82317068E+20  0.17561627E-08  0.73775595E+15  0.44867523E+01  0.16110031E-08
   0.57366  300.0000      8.19283087  0.10752471E+03  0.55684471E-04  0.78515061E+20  0.18811087E-08  0.71519768E+15  0.45012020E+01  0.16052518E-08
   0.57416  300.0000      8.16588153  0.10825912E+03  0.53868690E-04  0.75042641E+20  0.20077110E-08  0.69295768E+15  0.45204701E+01  0.16162159E-08
   0.57466  300.0000      8.13860611  0.11013521E+03  0.51411333E-04  0.71886492E+20  0.21329607E-08  0.67143430E+15  0.45431346E+01  0.16442243E-08
   0.57516  300.0000      8.11071883  0.11315162E+03  0.48366287E-04  0.69029719E+20  0.22532853E-08  0.65101877E+15  0.45681012E+01  0.16892567E-08
   0.57566  300.0000      8.08193753  0.11728017E+03  0.44796636E-04  0.66455105E+20  0.23645751E-08  0.63205827E+15  0.45947783E+01  0.17508924E-08
   0.57616  300.0000      8.05199085  0.12246225E+03  0.40763401E-04  0.64147730E+20  0.24621958E-08  0.61482869E+15  0.46233220E+01  0.18282564E-08
   0.57666  300.0000      8.02062617  0.12860611E+03  0.36316756E-04  0.62096805E+20  0.25410097E-08  0.59951846E+15  0.46548990E+01  0.19199790E-08
   0.57716  300.0000      7.98761797  0.13558704E+03  0.31492502E-04  0.60296659E+20  0.25954679E-08  0.58622238E+15  0.46918451E+01  0.20241983E-08
   0.57766  300.0000      7.95277555  0.14325263E+03  0.26315580E-04  0.58746963E+20  0.26198656E-08  0.57494377E+15  0.47375807E+01  0.21386391E-08
   0.57816  300.0000      7.91594865  0.15143427E+03  0.20810667E-04  0.57452242E+20  0.26088475E-08  0.56560363E+15  0.47961937E+01  0.22607839E-08
   0.57866  300.0000      7.87702947  0.15996383E+03  0.15017456E-04  0.56420763E+20  0.25581940E-08  0.55805621E+15  0.48717157E+01  0.23881229E-08
   0.57916  300.0000      7.83595024  0.16869245E+03  0.90059161E-05  0.55662891E+20  0.24657950E-08  0.55210990E+15  0.49672609E+01  0.25184337E-08
   0.57966  300.0000      7.79267625  0.17750652E+03  0.28857046E-05  0.55189122E+20  0.23325656E-08  0.54755163E+15  0.50842785E+01  0.26500202E-08
   0.58016  300.0000      7.74719576  0.18633675E+03 -0.31949389E-05  0.55008025E+20  0.21629618E-08  0.54417190E+15  0.52221524E+01  0.27818480E-08
   0.58066  300.0000      7.69950870  0.19515839E+03 -0.90621072E-05  0.55124351E+20  0.19647982E-08  0.54178736E+15  0.53782492E+01  0.29135475E-08
   0.58116  300.0000      7.64961635  0.20398347E+03 -0.14537865E-04  0.55537523E+20  0.17482997E-08  0.54025902E+15  0.55483472E+01  0.30452985E-08
   0.58166  300.0000      7.59751367  0.21284841E+03 -0.19464388E-04  0.56240647E+20  0.15246161E-08  0.53950436E+15  0.57272601E+01  0.31776444E-08
   0.58216  300.0000      7.54318488  0.22180045E+03 -0.23723972E-04  0.57220153E+20  0.13042413E-08  0.53950269E+15  0.59094573E+01  0.33112907E-08
   0.58266  300.0000      7.48660232  0.23088567E+03 -0.27250514E-04  0.58456114E+20  0.10957746E-08  0.54029282E+15  0.60895468E+01  0.34469252E-08
   0.58316  300.0000      7.42772793  0.24013975E+03 -0.30031406E-04  0.59923252E+20  0.90527121E-09  0.54196301E+15  0.62625796E+01  0.35850806E-08
   0.58366  300.0000      7.36651674  0.24958156E+03 -0.32101539E-04  0.61592555E+20  0.73618500E-09  0.54463341E+15  0.64241999E+01  0.37260387E-08
   0.58416  300.0000      7.30292163  0.25920875E+03 -0.33532335E-04  0.63433361E+20  0.58973394E-09  0.54843274E+15  0.65707062E+01  0.38697645E-08
   0.58466  300.0000      7.23689909  0.26899425E+03 -0.34418690E-04  0.65415697E+20  0.46546655E-09  0.55347102E+15  0.66991091E+01  0.40158536E-08
   0.58516  300.0000      7.16841587  0.27888228E+03 -0.34865940E-04  0.67512581E+20  0.36184784E-09  0.55981186E+15  0.68072836E+01  0.41634734E-08
   0.58566  300.0000      7.09745676  0.28878331E+03 -0.34978111E-04  0.69701978E+20  0.27675583E-09  0.56744793E+15  0.68942698E+01  0.43112874E-08
   0.58616  300.0000      7.02403373  0.29856872E+03 -0.34848133E-04  0.71968082E+20  0.20784669E-09  0.57628417E+15  0.69606953E+01  0.44573751E-08
   0.58666  300.0000      6.94819617  0.30806755E+03 -0.34550393E-04  0.74301626E+20  0.15279069E-09  0.58613272E+15  0.70091799E+01  0.45991845E-08
   0.58716  300.0000      6.87004133  0.31706890E+03 -0.34135943E-04  0.76699058E+20  0.10940298E-09  0.59672275E+15  0.70445178E+01  0.47335669E-08
   0.58766  300.0000      6.78972316  0.32533270E+03 -0.33630716E-04  0.79160585E+20  0.75700678E-10  0.60772563E+15  0.70734421E+01  0.48569383E-08
   0.58816  300.0000      6.70745723  0.33261015E+03 -0.33037065E-04  0.81687328E+20  0.49916563E-10  0.61879299E+15  0.71038764E+01  0.49655845E-08
   0.58866  300.0000      6.62351953  0.33867198E+03 -0.32338585E-04  0.84278093E+20  0.30493512E-10  0.62960083E+15  0.71437239E+01  0.50560824E-08
   0.58916  300.0000      6.53823762  0.34333995E+03 -0.31507539E-04  0.86926431E+20  0.16075327E-10  0.63989028E+15  0.71994083E+01  0.51257713E-08
   0.58966  300.0000      6.45197423  0.34651506E+03 -0.30513428E-04  0.89618651E+20  0.55000163E-11  0.64949510E+15  0.72745056E+01  0.51731729E-08
   0.59016  300.0000      6.36510497  0.34819496E+03 -0.29330784E-04  0.92333229E+20 -0.22055742E-11  0.65834969E+15  0.73688574E+01  0.51982524E-08
   0.59066  300.0000      6.27799360  0.34847544E+03 -0.27944518E-04  0.95041646E+20 -0.78339131E-11  0.66647742E+15  0.74784673E+01  0.52024397E-08
   0.59116  300.0000      6.19096919  0.34753437E+03 -0.26352032E-04  0.97710290E+20 -0.12010586E-10  0.67396542E+15  0.75962669E+01  0.51883903E-08
   0.59166  300.0000      6.10430908  0.34560187E+03 -0.24562426E-04  0.10030284E+21 -0.15213748E-10  0.68093512E+15  0.77135623E+01  0.51595398E-08
   0.59216  300.0000      6.01823031  0.34292406E+03 -0.22593864E-04  0.10278256E+21 -0.17797385E-10  0.68751724E+15  0.78217702E+01  0.51195624E-08
   0.59266  300.0000      5.93289007  0.33972850E+03 -0.20470354E-04  0.10511410E+21 -0.20016512E-10  0.69383614E+15  0.79140174E+01  0.50718554E-08
   0.59316  300.0000      5.84839382  0.33619779E+03 -0.18218937E-04  0.10726476E+21 -0.22052979E-10  0.70000469E+15  0.79862939E+01  0.50191449E-08
   0.59366  300.0000      5.76480869  0.33245474E+03 -0.15867862E-04  0.10920514E+21 -0.24040600E-10  0.70612757E+15  0.80380241E+01  0.49632644E-08
   0.59416  300.0000      5.68217896  0.32855971E+03 -0.13445967E-04  0.11090958E+21 -0.26087638E-10  0.71230899E+15  0.80720640E+01  0.49051149E-08
   0.59466  300.0000      5.60054087  0.32451908E+03 -0.10983249E-04  0.11235646E+21 -0.28294233E-10  0.71865985E+15  0.80941958E+01  0.48447918E-08
   0.59516  300.0000      5.51993399  0.32030323E+03 -0.85123506E-05  0.11352885E+21 -0.30762711E-10  0.72529870E+15  0.81122048E+01  0.47818528E-08
   0.59566  300.0000      5.44040730  0.31587132E+03 -0.60704786E-05  0.11441560E+21 -0.33599971E-10  0.73234234E+15  0.81346353E+01  0.47156881E-08
   0.59616  300.0000      5.36201845  0.31119952E+03 -0.37009957E-05  0.11501298E+21 -0.36912665E-10  0.73988473E+15  0.81693667E+01  0.46459422E-08
   0.59666  300.0000      5.28482603  0.30630799E+03 -0.14538808E-05  0.11532652E+21 -0.40797100E-10  0.74796770E+15  0.82222234E+01  0.45729158E-08
   0.59716  300.0000      5.20887593  0.30128121E+03  0.61561090E-06  0.11537257E+21 -0.45326370E-10  0.75655141E+15  0.82958703E+01  0.44978702E-08
   0.59766  300.0000      5.13418371  0.29627750E+03  0.24503477E-05  0.11517898E+21 -0.50537162E-10  0.76549430E+15  0.83892063E+01  0.44231692E-08
   0.59816  300.0000      5.06071634  0.29152573E+03  0.39965490E-05  0.11478436E+21 -0.56418435E-10  0.77455066E+15  0.84973502E+01  0.43522293E-08
   0.59866  300.0000      4.98837630  0.28730950E+03  0.52101545E-05  0.11423583E+21 -0.62903961E-10  0.78338882E+15  0.86121860E+01  0.42892846E-08
   0.59916  300.0000      4.91699091  0.28394132E+03  0.60633195E-05  0.11358538E+21 -0.69870675E-10  0.79162746E+15  0.87233628E+01  0.42390007E-08
   0.59966  300.0000      4.84630916  0.28172949E+03  0.65498274E-05  0.11288553E+21 -0.77144457E-10  0.79888284E+15  0.88196301E+01  0.42059799E-08
   0.60016  300.0000      4.77600730  0.28094146E+03  0.66882104E-05  0.11218474E+21 -0.84514008E-10  0.80481783E+15  0.88903735E+01  0.41942152E-08
   0.60066  300.0000      4.70570356  0.28176829E+03  0.65216607E-05  0.11152356E+21 -0.91751565E-10  0.80918364E+15  0.89271600E+01  0.42065591E-08
   0.60116  300.0000      4.63498109  0.28429580E+03  0.61144395E-05  0.11093176E+21 -0.98636949E-10  0.81184699E+15  0.89250355E+01  0.42442926E-08
   0.60166  300.0000      4.56341663  0.28848759E+03  0.55453042E-05  0.11042699E+21 -0.10497999E-09  0.81279946E+15  0.88833194E+01  0.43068725E-08
   0.60216  300.0000      4.49061166  0.29418322E+03  0.48991763E-05  0.11001490E+21 -0.11063663E-09  0.81214908E+15  0.88057375E+01  0.43919033E-08
   0.60266  300.0000      4.41622204  0.30111174E+03  0.42585918E-05  0.10969053E+21 -0.11551602E-09  0.81009696E+15  0.86998841E+01  0.44953403E-08
   0.60316  300.0000      4.33998250  0.30891809E+03  0.36963669E-05  0.10944069E+21 -0.11957854E-09  0.80690353E+15  0.85761462E+01  0.46118824E-08
   0.60366  300.0000      4.26172352  0.31719774E+03  0.32705119E-05  0.10924704E+21 -0.12282657E-09  0.80284890E+15  0.84463075E+01  0.47354904E-08
   0.60416  300.0000      4.18137896  0.32553431E+03  0.30218944E-05  0.10908918E+21 -0.12529102E-09  0.79819274E+15  0.83220817E+01  0.48599483E-08
   0.60466  300.0000      4.09898450  0.33353504E+03  0.29745922E-05  0.10894753E+21 -0.12701664E-09  0.79313995E+15  0.82138055E+01  0.49793923E-08
   0.60516  300.0000      4.01466798  0.34085974E+03  0.31383594E-05  0.10880539E+21 -0.12804915E-09  0.78781804E+15  0.81294665E+01  0.50887438E-08
   0.60566  300.0000      3.92863349  0.34724099E+03  0.35122827E-05  0.10864988E+21 -0.12842644E-09  0.78227099E+15  0.80741477E+01  0.51840104E-08
   0.60616  300.0000      3.84114168  0.35249477E+03  0.40886266E-05  0.10847169E+21 -0.12817491E-09  0.77647026E+15  0.80498792E+01  0.52624449E-08
   0.60666  300.0000      3.75248850  0.35652241E+03  0.48560711E-05  0.10826388E+21 -0.12731066E-09  0.77033923E+15  0.80558244E+01  0.53225741E-08
   0.60716  300.0000      3.66298441  0.35930510E+03  0.58019052E-05  0.10802019E+21 -0.12584383E-09  0.76378385E+15  0.80887158E+01  0.53641172E-08
   0.60766  300.0000      3.57293572  0.36089235E+03  0.69131220E-05  0.10773341E+21 -0.12378379E-09  0.75672079E+15  0.81434837E+01  0.53878135E-08
   0.60816  300.0000      3.48262951  0.36138544E+03  0.81766590E-05  0.10739430E+21 -0.12114294E-09  0.74909624E+15  0.82140508E+01  0.53951749E-08
   0.60866  300.0000      3.39232311  0.36091761E+03  0.95791939E-05  0.10699128E+21 -0.11793765E-09  0.74089205E+15  0.82942378E+01  0.53881907E-08
   0.60916  300.0000      3.30223869  0.35963374E+03  0.11106929E-04  0.10651087E+21 -0.11418615E-09  0.73212050E+15  0.83786683E+01  0.53690236E-08
   0.60966  300.0000      3.21256260  0.35767298E+03  0.12745675E-04  0.10593857E+21 -0.10990413E-09  0.72281276E+15  0.84634991E+01  0.53397511E-08
   0.61016  300.0000      3.12344834  0.35515785E+03  0.14481317E-04  0.10525981E+21 -0.10509952E-09  0.71300684E+15  0.85468070E+01  0.53022023E-08
   0.61066  300.0000      3.03502123  0.35219161E+03  0.16300538E-04  0.10446073E+21 -0.99767931E-10  0.70273977E+15  0.86285293E+01  0.52579190E-08
   0.61116  300.0000      2.94738264  0.34886409E+03  0.18191502E-04  0.10352867E+21 -0.93889694E-10  0.69204573E+15  0.87099573E+01  0.52082419E-08
   0.61166  300.0000      2.86061195  0.34526382E+03  0.20144209E-04  0.10245227E+21 -0.87428443E-10  0.68095893E+15  0.87928819E+01  0.51544929E-08
   0.61216  300.0000      2.77476501  0.34149311E+03  0.22150343E-04  0.10122156E+21 -0.80330570E-10  0.66951862E+15  0.88785736E+01  0.50981996E-08
   0.61266  300.0000      2.68986890  0.33768145E+03  0.24202604E-04  0.99827997E+20 -0.72524052E-10  0.65777301E+15  0.89668292E+01  0.50412947E-08
   0.61316  300.0000      2.60591413  0.33399274E+03  0.26293619E-04  0.98264657E+20 -0.63915067E-10  0.64578071E+15  0.90553259E+01  0.49862254E-08
   0.61366  300.0000      2.52284599  0.33062324E+03  0.28414575E-04  0.96526622E+20 -0.54381174E-10  0.63360893E+15  0.91394558E+01  0.49359216E-08
   0.61416  300.0000      2.44055788  0.32778931E+03  0.30553619E-04  0.94611446E+20 -0.43760570E-10  0.62132918E+15  0.92127006E+01  0.48936134E-08
   0.61466  300.0000      2.35888866  0.32570670E+03  0.32694094E-04  0.92519731E+20 -0.31837969E-10  0.60901088E+15  0.92674528E+01  0.48625219E-08
   0.61516  300.0000      2.27762592  0.32456576E+03  0.34812662E-04  0.90255746E+20 -0.18328725E-10  0.59671285E+15  0.92960648E+01  0.48454887E-08
   0.61566  300.0000      2.19651532  0.32450812E+03  0.36877641E-04  0.87828091E+20 -0.28640748E-11  0.58447244E+15  0.92918274E+01  0.48446282E-08
   0.61616  300.0000      2.11527503  0.32560990E+03  0.38848136E-04  0.85250331E+20  0.15018386E-10  0.57229257E+15  0.92496071E+01  0.48610768E-08
   0.61666  300.0000      2.03361327  0.32787449E+03  0.40674916E-04  0.82541452E+20  0.35873696E-10  0.56012865E+15  0.91659940E+01  0.48948852E-08
   0.61716  300.0000      1.95124636  0.33123413E+03  0.42304123E-04  0.79725894E+20  0.60332368E-10  0.54787943E+15  0.90390179E+01  0.49450418E-08
   0.61766  300.0000      1.86791584  0.33555611E+03  0.43684656E-04  0.76832839E+20  0.89062869E-10  0.53538700E+15  0.88677027E+01  0.50095652E-08
   0.61816  300.0000      1.78340403  0.34064730E+03  0.44779174E-04  0.73894578E+20  0.12271386E-09  0.52245015E+15  0.86518513E+01  0.50855723E-08
   0.61866  300.0000      1.69754920  0.34625190E+03  0.45577143E-04  0.70943952E+20  0.16184403E-09  0.50885193E+15  0.83924055E+01  0.51692442E-08
   0.61916  300.0000      1.61026241  0.35204160E+03  0.46106649E-04  0.68011234E+20  0.20685674E-09  0.49439709E+15  0.80924539E+01  0.52556794E-08
   0.61966  300.0000      1.52154709  0.35760411E+03  0.46440615E-04  0.65121037E+20  0.25796370E-09  0.47895093E+15  0.77585517E+01  0.53387229E-08
   0.62016  300.0000      1.43152063  0.36244100E+03  0.46693874E-04  0.62289929E+20  0.31519975E-09  0.46246947E+15  0.74016914E+01  0.54109335E-08
   0.62066  300.0000      1.34043421  0.36598545E+03  0.47010356E-04  0.59525278E+20  0.37849755E-09  0.44501343E+15  0.70372432E+01  0.54638492E-08
   0.62116  300.0000      1.24868515  0.36764408E+03  0.47543598E-04  0.56825529E+20  0.44780935E-09  0.42674323E+15  0.66835641E+01  0.54886110E-08
   0.62166  300.0000      1.15681626  0.36685704E+03  0.48436365E-04  0.54181741E+20  0.52324602E-09  0.40789791E+15  0.63595449E+01  0.54768613E-08
   0.62216  300.0000      1.06549926  0.36316364E+03  0.49805008E-04  0.51579971E+20  0.60520065E-09  0.38876439E+15  0.60817840E+01  0.54217219E-08
   0.62266  300.0000      0.97550257  0.35625930E+03  0.51731394E-04  0.49004036E+20  0.69443541E-09  0.36964391E+15  0.58621210E+01  0.53186460E-08
   0.62316  300.0000      0.88764692  0.34603441E+03  0.54262079E-04  0.46438215E+20  0.79212826E-09  0.35082078E+15  0.57059825E+01  0.51659972E-08
   0.62366  300.0000      0.80275414  0.33259113E+03  0.57412506E-04  0.43869639E+20  0.89988951E-09  0.33253644E+15  0.56116640E+01  0.49653005E-08
   0.62416  300.0000      0.72159438  0.31623767E+03  0.61173890E-04  0.41290133E+20  0.10197649E-08  0.31497041E+15  0.55705079E+01  0.47211574E-08
   0.62466  300.0000      0.64483761  0.29746109E+03  0.65521244E-04  0.38697355E+20  0.11542420E-08  0.29823001E+15  0.55679365E+01  0.44408392E-08
   0.62516  300.0000      0.57301436  0.27688055E+03  0.70421715E-04  0.36095101E+20  0.13062769E-08  0.28235030E+15  0.55852894E+01  0.41335893E-08
   0.62566  300.0000      0.50649017  0.25518610E+03  0.75842689E-04  0.33492758E+20  0.14793572E-08  0.26730463E+15  0.56022780E+01  0.38097097E-08
   0.62616  300.0000      0.44545614  0.23307176E+03  0.81758988E-04  0.30904065E+20  0.16776177E-08  0.25302333E+15  0.55996661E+01  0.34795617E-08
   0.62666  300.0000      0.38993599  0.21117336E+03  0.88158460E-04  0.28345516E+20  0.19060291E-08  0.23941589E+15  0.55616786E+01  0.31526373E-08
   0.62716  300.0000      0.33980697  0.19002027E+03  0.95045327E-04  0.25834758E+20  0.21706797E-08  0.22639118E+15  0.54777095E+01  0.28368398E-08
   0.62766  300.0000      0.29483049  0.17000666E+03  0.10244105E-03  0.23389304E+20  0.24791744E-08  0.21387131E+15  0.53431035E+01  0.25380537E-08
   0.62816  300.0000      0.25468740  0.15138334E+03  0.11038281E-03  0.21025703E+20  0.28411795E-08  0.20179757E+15  0.51590034E+01  0.22600236E-08
   0.62866  300.0000      0.21901286  0.13426793E+03  0.11892010E-03  0.18759155E+20  0.32691465E-08  0.19012920E+15  0.49314278E+01  0.20045052E-08
   0.62916  300.0000      0.18742689  0.11866843E+03  0.12810991E-03  0.16603428E+20  0.37792616E-08  0.17883788E+15  0.46698439E+01  0.17716180E-08
   0.62966  300.0000      0.15955806  0.10451442E+03  0.13801080E-03  0.14570896E+20  0.43926767E-08  0.16790104E+15  0.43855317E+01  0.15603107E-08
   0.63016  300.0000      0.13505884  0.91689994E+02  0.14867603E-03  0.12672533E+20  0.51370926E-08  0.15729680E+15  0.40900097E+01  0.13688530E-08
   0.63066  300.0000      0.11361323  0.80063834E+02  0.16014523E-03  0.10917758E+20  0.60487690E-08  0.14700215E+15  0.37937221E+01  0.11952844E-08
   0.63116  300.0000      0.09493740  0.69512863E+02  0.17243400E-03  0.93141104E+19  0.71750145E-08  0.13699500E+15  0.35051116E+01  0.10377675E-08
   0.63166  300.0000      0.07877557  0.59937654E+02  0.18552018E-03  0.78667735E+19  0.85771438E-08  0.12725950E+15  0.32301374E+01  0.89481781E-09
   0.63216  300.0000      0.06489312  0.51268845E+02  0.19932482E-03  0.65780675E+19  0.10333705E-07  0.11779319E+15  0.29722423E+01  0.76539993E-09
   0.63266  300.0000      0.05306911  0.43465207E+02  0.21368455E-03  0.54470286E+19  0.12543373E-07  0.10861401E+15  0.27327200E+01  0.64889829E-09
   0.63316  300.0000      0.04309022  0.36505324E+02  0.22830974E-03  0.44692246E+19  0.15326007E-07  0.99764984E+14  0.25113724E+01  0.54499321E-09
   0.63366  300.0000      0.03474722  0.30376032E+02  0.24271927E-03  0.36369046E+19  0.18818476E-07  0.91314869E+14  0.23072907E+01  0.45348812E-09
   0.63416  300.0000      0.02783431  0.25061161E+02  0.25613843E-03  0.29395059E+19  0.23158076E-07  0.83354417E+14  0.21195721E+01  0.37414165E-09
   0.63466  300.0000      0.02215099  0.20533590E+02  0.26734307E-03  0.23644560E+19  0.28439393E-07  0.75989036E+14  0.19478186E+01  0.30654890E-09
   0.63516  300.0000      0.01750530  0.16752140E+02  0.27443793E-03  0.18981369E+19  0.34619593E-07  0.69329759E+14  0.17923498E+01  0.25009509E-09
   0.63566  300.0000      0.01371719  0.13663151E+02  0.27458814E-03  0.15268611E+19  0.41337141E-07  0.63484635E+14  0.16541549E+01  0.20397913E-09
   0.63616  300.0000      0.01062112  0.11205327E+02  0.26381671E-03  0.12377279E+19  0.47623542E-07  0.58552271E+14  0.15346746E+01  0.16728593E-09
   0.63666  300.0000      0.00806717  0.93160196E+01  0.23717950E-03  0.10192866E+19  0.51592478E-07  0.54618299E+14  0.14355227E+01  0.13908019E-09
   0.63716  300.0000      0.00592058  0.79373911E+01  0.18987900E-03  0.86199145E+18  0.50469597E-07  0.51754673E+14  0.13582279E+01  0.11849845E-09
   0.63766  300.0000      0.00405994  0.70215569E+01  0.11978319E-03  0.75847828E+18  0.41632050E-07  0.50021000E+14  0.13040357E+01  0.10482583E-09
   0.63816  300.0000      0.00237413  0.65344097E+01  0.30635817E-04  0.70371703E+18  0.24840649E-07  0.49466884E+14  0.12737750E+01  0.97553138E-10
   0.63866  300.0000      0.00075854  0.64582453E+01 -0.66757551E-04  0.69509977E+18  0.39001589E-08  0.50134214E+14  0.12677678E+01  0.96416068E-10
   0.63916  300.0000     -0.00088922  0.67934653E+01 -0.15794659E-03  0.73251433E+18 -0.14959218E-07  0.52058561E+14  0.12857576E+01  0.10142062E-09
   0.63966  300.0000     -0.00267405  0.75595931E+01 -0.23116767E-03  0.81844017E+18 -0.27157670E-07  0.55269044E+14  0.13268331E+01  0.11285825E-09
   0.64016  300.0000     -0.00470813  0.87956718E+01 -0.28148176E-03  0.95808498E+18 -0.31992318E-07  0.59786302E+14  0.13893401E+01  0.13131184E-09
   0.64066  300.0000     -0.00711584  0.10559873E+02 -0.31024822E-03  0.11595616E+19 -0.31467184E-07  0.65618436E+14  0.14707864E+01  0.15764985E-09
   0.64116  300.0000     -0.01003834  0.12927880E+02 -0.32203605E-03  0.14340835E+19 -0.28112679E-07  0.72755075E+14  0.15677647E+01  0.19300217E-09
   0.64166  300.0000     -0.01363755  0.15989368E+02 -0.32188650E-03  0.17961316E+19 -0.23791593E-07  0.81160097E+14  0.16759366E+01  0.23870757E-09
   0.64216  300.0000     -0.01809894  0.19841785E+02 -0.31397264E-03  0.22635192E+19 -0.19535481E-07  0.90763953E+14  0.17901344E+01  0.29622085E-09
   0.64266  300.0000     -0.02363236  0.24580777E+02 -0.30130919E-03  0.28572528E+19 -0.15788965E-07  0.10145710E+15  0.19046365E+01  0.36696993E-09
   0.64316  300.0000     -0.03047003  0.30287159E+02 -0.28592560E-03  0.36010725E+19 -0.12673257E-07  0.11308647E+15  0.20136509E+01  0.45216133E-09
   0.64366  300.0000     -0.03886089  0.37011405E+02 -0.26914281E-03  0.45205579E+19 -0.10160405E-07  0.12545707E+15  0.21119807E+01  0.55254856E-09
   0.64416  300.0000     -0.04906109  0.44757992E+02 -0.25181177E-03  0.56417279E+19 -0.81672314E-08  0.13834052E+15  0.21957673E+01  0.66819846E-09
   0.64466  300.0000     -0.06132079  0.53473159E+02 -0.23448297E-03  0.69891475E+19 -0.65996973E-08  0.15149108E+15  0.22631265E+01  0.79830843E-09
   0.64516  300.0000     -0.07586879  0.63039791E+02 -0.21751625E-03  0.85836746E+19 -0.53712412E-08  0.16466815E+15  0.23144702E+01  0.94113005E-09
   0.64566  300.0000     -0.09289709  0.73281733E+02 -0.20114837E-03  0.10440103E+20 -0.44087356E-08  0.17766227E+15  0.23523791E+01  0.10940335E-08
   0.64616  300.0000     -0.11254751  0.83977016E+02 -0.18553365E-03  0.12565050E+20 -0.36530563E-08  0.19032007E+15  0.23810467E+01  0.12537049E-08
   0.64666  300.0000     -0.13490263  0.94876518E+02 -0.17076876E-03  0.14955430E+20 -0.30575776E-08  0.20256344E+15  0.24054901E+01  0.14164251E-08
   0.64716  300.0000     -0.15998134  0.10572315E+03 -0.15690867E-03  0.17597810E+20 -0.25860758E-08  0.21439917E+15  0.24307994E+01  0.15783561E-08
   0.64766  300.0000     -0.18773898  0.11626765E+03 -0.14397783E-03  0.20468761E+20 -0.22106569E-08  0.22591710E+15  0.24616352E+01  0.17357764E-08
   0.64816  300.0000     -0.21807072  0.12627967E+03 -0.13197864E-03  0.23536207E+20 -0.19099378E-08  0.23727704E+15  0.25020136E+01  0.18852473E-08
   0.64866  300.0000     -0.25081738  0.13555564E+03 -0.12089782E-03  0.26761588E+20 -0.16675414E-08  0.24868641E+15  0.25552597E+01  0.20237295E-08
   0.64916  300.0000     -0.28577292  0.14392546E+03 -0.11071122E-03  0.30102567E+20 -0.14708961E-08  0.26037226E+15  0.26239625E+01  0.21486838E-08
   0.64966  300.0000     -0.32269367  0.15125962E+03 -0.10138692E-03  0.33515910E+20 -0.13103041E-08  0.27255208E+15  0.27098293E+01  0.22581765E-08
   0.65016  300.0000     -0.36130944  0.15747611E+03 -0.92887252E-04  0.36960181E+20 -0.11782330E-08  0.28540814E+15  0.28134538E+01  0.23509834E-08
   0.65066  300.0000     -0.40133600  0.16254565E+03 -0.85169712E-04  0.40397923E+20 -0.10687858E-08  0.29906892E+15  0.29340928E+01  0.24266673E-08
   0.65116  300.0000     -0.44248863  0.16649332E+03 -0.78187444E-04  0.43797167E+20 -0.97731205E-09  0.31359979E+15  0.30695523E+01  0.24856027E-08
   0.65166  300.0000     -0.48449544  0.16939591E+03 -0.71889395E-04  0.47132179E+20 -0.90012447E-09  0.32900258E+15  0.32162360E+01  0.25289358E-08
   0.65216  300.0000     -0.52710952  0.17137487E+03 -0.66220616E-04  0.50383537E+20 -0.83429491E-09  0.34522311E+15  0.33693534E+01  0.25584799E-08
   0.65266  300.0000     -0.57011882  0.17258582E+03 -0.61123013E-04  0.53537656E+20 -0.77750571E-09  0.36216405E+15  0.35232517E+01  0.25765584E-08
   0.65316  300.0000     -0.61335313  0.17320545E+03 -0.56536801E-04  0.56585939E+20 -0.72793761E-09  0.37970082E+15  0.36718380E+01  0.25858089E-08
   0.65366  300.0000     -0.65668755  0.17341682E+03 -0.52402676E-04  0.59523766E+20 -0.68417973E-09  0.39769767E+15  0.38090597E+01  0.25889645E-08
   0.65416  300.0000     -0.70004211  0.17339427E+03 -0.48664350E-04  0.62349521E+20 -0.64515208E-09  0.41602119E+15  0.39294063E+01  0.25886278E-08
   0.65466  300.0000     -0.74337792  0.17328945E+03 -0.45270863E-04  0.65063797E+20 -0.61003629E-09  0.43454945E+15  0.40283759E+01  0.25870630E-08
   0.65516  300.0000     -0.78668989  0.17321985E+03 -0.42178029E-04  0.67668880E+20 -0.57821387E-09  0.45317591E+15  0.41028451E+01  0.25860240E-08
   0.65566  300.0000     -0.82999721  0.17326114E+03 -0.39348666E-04  0.70168468E+20 -0.54921360E-09  0.47180886E+15  0.41512950E+01  0.25866404E-08
   0.65616  300.0000     -0.87333236  0.17344378E+03 -0.36751688E-04  0.72567532E+20 -0.52266930E-09  0.49036853E+15  0.41738730E+01  0.25893670E-08
   0.65666  300.0000     -0.91672986  0.17375413E+03 -0.34360569E-04  0.74872190E+20 -0.49828805E-09  0.50878402E+15  0.41722935E+01  0.25940002E-08
   0.65716  300.0000     -0.96021578  0.17413968E+03 -0.32151810E-04  0.77089500E+20 -0.47582728E-09  0.52699203E+15  0.41495867E+01  0.25997561E-08
   0.65766  300.0000     -1.00379914  0.17451791E+03 -0.30103964E-04  0.79227120E+20 -0.45507874E-09  0.54493788E+15  0.41097155E+01  0.26054028E-08
   0.65816  300.0000     -1.04746571  0.17478767E+03 -0.28197460E-04  0.81292899E+20 -0.43585732E-09  0.56257831E+15  0.40571024E+01  0.26094301E-08
   0.65866  300.0000     -1.09117496  0.17484141E+03 -0.26415097E-04  0.83294475E+20 -0.41799375E-09  0.57988433E+15  0.39961395E+01  0.26102325E-08
   0.65916  300.0000     -1.13485981  0.17457631E+03 -0.24742858E-04  0.85238984E+20 -0.40133057E-09  0.59684296E+15  0.39307795E+01  0.26062748E-08
   0.65966  300.0000     -1.17842901  0.17390254E+03 -0.23170622E-04  0.87132927E+20 -0.38572088E-09  0.61345665E+15  0.38642919E+01  0.25962159E-08
   0.66016  300.0000     -1.22177096  0.17274790E+03 -0.21692462E-04  0.88982186E+20 -0.37102915E-09  0.62974082E+15  0.37992138E+01  0.25789781E-08
   0.66066  300.0000     -1.26475841  0.17105940E+03 -0.20306408E-04  0.90792161E+20 -0.35713281E-09  0.64572007E+15  0.37374530E+01  0.25537703E-08
   0.66116  300.0000     -1.30725330  0.16880326E+03 -0.19013749E-04  0.92567942E+20 -0.34392382E-09  0.66142423E+15  0.36804436E+01  0.25200881E-08
   0.66166  300.0000     -1.34911148  0.16596502E+03 -0.17818011E-04  0.94314475E+20 -0.33130931E-09  0.67688482E+15  0.36292470E+01  0.24777155E-08
   0.66216  300.0000     -1.39018775  0.16255086E+03 -0.16723788E-04  0.96036682E+20 -0.31921152E-09  0.69213263E+15  0.35845284E+01  0.24267450E-08
   0.66266  300.0000     -1.43034129  0.15859005E+03 -0.15735617E-04  0.97739519E+20 -0.30756720E-09  0.70719639E+15  0.35464141E+01  0.23676136E-08
   0.66316  300.0000     -1.46944170  0.15413722E+03 -0.14857001E-04  0.99427965E+20 -0.29632697E-09  0.72210260E+15  0.35143057E+01  0.23011366E-08
   0.66366  300.0000     -1.50737550  0.14927242E+03 -0.14089734E-04  0.10110694E+21 -0.28545528E-09  0.73687642E+15  0.34867743E+01  0.22285093E-08
   0.66416  300.0000     -1.54405204  0.14409764E+03 -0.13433594E-04  0.10278121E+21 -0.27493100E-09  0.75154342E+15  0.34616317E+01  0.21512543E-08
   0.66466  300.0000     -1.57940818  0.13872926E+03 -0.12886453E-04  0.10445520E+21 -0.26474861E-09  0.76613149E+15  0.34362072E+01  0.20711090E-08
   0.66516  300.0000     -1.61341061  0.13328794E+03 -0.12444726E-04  0.10613299E+21 -0.25491981E-09  0.78067243E+15  0.34077626E+01  0.19898747E-08
   0.66566  300.0000     -1.64605564  0.12788810E+03 -0.12104029E-04  0.10781822E+21 -0.24547512E-09  0.79520228E+15  0.33739207E+01  0.19092598E-08
   0.66616  300.0000     -1.67736648  0.12262944E+03 -0.11859845E-04  0.10951423E+21 -0.23646475E-09  0.80975994E+15  0.33329884E+01  0.18307524E-08
   0.66666  300.0000     -1.70738883  0.11759163E+03 -0.11707987E-04  0.11122425E+21 -0.22795862E-09  0.82438402E+15  0.32841048E+01  0.17555423E-08
   0.66716  300.0000     -1.73618560  0.11283268E+03 -0.11644738E-04  0.11295168E+21 -0.22004466E-09  0.83910840E+15  0.32272170E+01  0.16844952E-08
   0.66766  300.0000     -1.76383157  0.10838994E+03 -0.11666579E-04  0.11470034E+21 -0.21282497E-09  0.85395762E+15  0.31629343E+01  0.16181689E-08
   0.66816  300.0000     -1.79040859  0.10428294E+03 -0.11769588E-04  0.11647467E+21 -0.20640941E-09  0.86894347E+15  0.30923265E+01  0.15568550E-08
   0.66866  300.0000     -1.81600147  0.10051671E+03 -0.11948657E-04  0.11827969E+21 -0.20090602E-09  0.88406414E+15  0.30167280E+01  0.15006284E-08
   0.66916  300.0000     -1.84069484  0.97084991E+02 -0.12196779E-04  0.12012079E+21 -0.19640897E-09  0.89930688E+15  0.29375811E+01  0.14493957E-08
   0.66966  300.0000     -1.86457063  0.93972973E+02 -0.12504652E-04  0.12200328E+21 -0.19298514E-09  0.91465365E+15  0.28563314E+01  0.14029360E-08
   0.67016  300.0000     -1.88770622  0.91159568E+02 -0.12860780E-04  0.12393185E+21 -0.19066183E-09  0.93008848E+15  0.27743635E+01  0.13609342E-08
   0.67066  300.0000     -1.91017319  0.88619393E+02 -0.13252112E-04  0.12591013E+21 -0.18941855E-09  0.94560426E+15  0.26929594E+01  0.13230116E-08
   0.67116  300.0000     -1.93203638  0.86324664E+02 -0.13665059E-04  0.12794032E+21 -0.18918575E-09  0.96120707E+15  0.26132625E+01  0.12887533E-08
   0.67166  300.0000     -1.95335360  0.84247010E+02 -0.14086657E-04  0.13002316E+21 -0.18985142E-09  0.97691705E+15  0.25362427E+01  0.12577357E-08
   0.67216  300.0000     -1.97417568  0.82359065E+02 -0.14505598E-04  0.13215807E+21 -0.19127471E-09  0.99276604E+15  0.24626673E+01  0.12295503E-08
   0.67266  300.0000     -1.99454684  0.80635688E+02 -0.14912915E-04  0.13434349E+21 -0.19330306E-09  0.10087929E+16  0.23930884E+01  0.12038217E-08
   0.67316  300.0000     -2.01450538  0.79054686E+02 -0.15302265E-04  0.13657732E+21 -0.19578857E-09  0.10250380E+16  0.23278488E+01  0.11802187E-08
   0.67366  300.0000     -2.03408446  0.77597109E+02 -0.15669795E-04  0.13885734E+21 -0.19859980E-09  0.10415370E+16  0.22671053E+01  0.11584583E-08
   0.67416  300.0000     -2.05331290  0.76247227E+02 -0.16013713E-04  0.14118166E+21 -0.20162707E-09  0.10583158E+16  0.22108595E+01  0.11383058E-08
   0.67466  300.0000     -2.07221598  0.74992326E+02 -0.16333655E-04  0.14354900E+21 -0.20478196E-09  0.10753870E+16  0.21589900E+01  0.11195712E-08
   0.67516  300.0000     -2.09081614  0.73822410E+02 -0.16629982E-04  0.14595880E+21 -0.20799319E-09  0.10927480E+16  0.21112814E+01  0.11021053E-08
   0.67566  300.0000     -2.10913362  0.72729798E+02 -0.16903149E-04  0.14841116E+21 -0.21120192E-09  0.11103834E+16  0.20674524E+01  0.10857936E-08
   0.67616  300.0000     -2.12718699  0.71708613E+02 -0.17153255E-04  0.15090651E+21 -0.21435867E-09  0.11282693E+16  0.20271859E+01  0.10705481E-08
   0.67666  300.0000     -2.14499349  0.70754193E+02 -0.17379870E-04  0.15344520E+21 -0.21742293E-09  0.11463806E+16  0.19901606E+01  0.10562995E-08
   0.67716  300.0000     -2.16256931  0.69862513E+02 -0.17582150E-04  0.15602710E+21 -0.22036501E-09  0.11646970E+16  0.19560807E+01  0.10429874E-08
   0.67766  300.0000     -2.17992966  0.69029736E+02 -0.17759125E-04  0.15865133E+21 -0.22316871E-09  0.11832071E+16  0.19246969E+01  0.10305548E-08
   0.67816  300.0000     -2.19708877  0.68252015E+02 -0.17910032E-04  0.16131624E+21 -0.22583311E-09  0.12019087E+16  0.18958138E+01  0.10189441E-08
   0.67866  300.0000     -2.21405993  0.67525539E+02 -0.18034498E-04  0.16401966E+21 -0.22837227E-09  0.12208045E+16  0.18692816E+01  0.10080984E-08
   0.67916  300.0000     -2.23085551  0.66846775E+02 -0.18132533E-04  0.16675918E+21 -0.23081216E-09  0.12398972E+16  0.18449788E+01  0.99796507E-09
   0.67966  300.0000     -2.24748705  0.66212761E+02 -0.18204328E-04  0.16953253E+21 -0.23318533E-09  0.12591846E+16  0.18227905E+01  0.98849978E-09
   0.68016  300.0000     -2.26396544  0.65621294E+02 -0.18250025E-04  0.17233761E+21 -0.23552428E-09  0.12786573E+16  0.18025945E+01  0.97966968E-09
   0.68066  300.0000     -2.28030112  0.65070954E+02 -0.18269596E-04  0.17517252E+21 -0.23785505E-09  0.12983012E+16  0.17842572E+01  0.97145358E-09
   0.68116  300.0000     -2.29650427  0.64560926E+02 -0.18262954E-04  0.17803521E+21 -0.24019235E-09  0.13181016E+16  0.17676408E+01  0.96383930E-09
   0.68166  300.0000     -2.31258490  0.64090712E+02 -0.18230304E-04  0.18092321E+21 -0.24253722E-09  0.13380502E+16  0.17526176E+01  0.95681941E-09
   0.68216  300.0000     -2.32855291  0.63659834E+02 -0.18172599E-04  0.18383339E+21 -0.24487725E-09  0.13581490E+16  0.17390851E+01  0.95038677E-09
   0.68266  300.0000     -2.34441804  0.63267630E+02 -0.18091971E-04  0.18676191E+21 -0.24718898E-09  0.13784131E+16  0.17269746E+01  0.94453150E-09
   0.68316  300.0000     -2.36018987  0.62913218E+02 -0.17991950E-04  0.18970442E+21 -0.24944153E-09  0.13988684E+16  0.17162520E+01  0.93924043E-09
   0.68366  300.0000     -2.37587772  0.62595611E+02 -0.17877404E-04  0.19265647E+21 -0.25160065E-09  0.14195469E+16  0.17069093E+01  0.93449883E-09
   0.68416  300.0000     -2.39149067  0.62313946E+02 -0.17754168E-04  0.19561404E+21 -0.25363248E-09  0.14404799E+16  0.16989499E+01  0.93029381E-09
   0.68466  300.0000     -2.40703765  0.62067740E+02 -0.17628434E-04  0.19857402E+21 -0.25550658E-09  0.14616905E+16  0.16923726E+01  0.92661817E-09
   0.68516  300.0000     -2.42252750  0.61857093E+02 -0.17506023E-04  0.20153466E+21 -0.25719808E-09  0.14831892E+16  0.16871588E+01  0.92347339E-09
   0.68566  300.0000     -2.43796922  0.61682774E+02 -0.17391695E-04  0.20449569E+21 -0.25868863E-09  0.15049714E+16  0.16832657E+01  0.92087096E-09
   0.68616  300.0000     -2.45337203  0.61546187E+02 -0.17288659E-04  0.20745829E+21 -0.25996653E-09  0.15270184E+16  0.16806260E+01  0.91883183E-09
   0.68666  300.0000     -2.46874561  0.61449226E+02 -0.17198390E-04  0.21042481E+21 -0.26102604E-09  0.15493012E+16  0.16791526E+01  0.91738429E-09
   0.68716  300.0000     -2.48410013  0.61394075E+02 -0.17120759E-04  0.21339843E+21 -0.26186638E-09  0.15717846E+16  0.16787456E+01  0.91656093E-09
   0.68766  300.0000     -2.49944632  0.61382993E+02 -0.17054434E-04  0.21638276E+21 -0.26249068E-09  0.15944329E+16  0.16792998E+01  0.91639548E-09
   0.68816  300.0000     -2.51479548  0.61418123E+02 -0.16997393E-04  0.21938145E+21 -0.26290526E-09  0.16172129E+16  0.16807094E+01  0.91691995E-09
   0.68866  300.0000     -2.53015939  0.61501343E+02 -0.16947432E-04  0.22239794E+21 -0.26311895E-09  0.16400969E+16  0.16828709E+01  0.91816235E-09
   0.68916  300.0000     -2.54555028  0.61634147E+02 -0.16902535E-04  0.22543526E+21 -0.26314260E-09  0.16630637E+16  0.16856835E+01  0.92014500E-09
   0.68966  300.0000     -2.56098069  0.61817567E+02 -0.16861040E-04  0.22849596E+21 -0.26298842E-09  0.16860978E+16  0.16890476E+01  0.92288330E-09
   0.69016  300.0000     -2.57646333  0.62052098E+02 -0.16821599E-04  0.23158213E+21 -0.26266912E-09  0.17091874E+16  0.16928648E+01  0.92638464E-09
   0.69066  300.0000     -2.59201098  0.62337608E+02 -0.16782959E-04  0.23469547E+21 -0.26219679E-09  0.17323220E+16  0.16970373E+01  0.93064707E-09
   0.69116  300.0000     -2.60763631  0.62673204E+02 -0.16743675E-04  0.23783741E+21 -0.26158167E-09  0.17554894E+16  0.17014734E+01  0.93565722E-09
   0.69166  300.0000     -2.62335161  0.63057033E+02 -0.16701839E-04  0.24100906E+21 -0.26083095E-09  0.17786744E+16  0.17060966E+01  0.94138747E-09
   0.69216  300.0000     -2.63916859  0.63486056E+02 -0.16654941E-04  0.24421120E+21 -0.25994794E-09  0.18018594E+16  0.17108599E+01  0.94779241E-09
   0.69266  300.0000     -2.65509804  0.63955838E+02 -0.16599922E-04  0.24744404E+21 -0.25893185E-09  0.18250267E+16  0.17157613E+01  0.95480586E-09
   0.69316  300.0000     -2.67114942  0.64460474E+02 -0.16533433E-04  0.25070702E+21 -0.25777823E-09  0.18481623E+16  0.17208540E+01  0.96233964E-09
   0.69366  300.0000     -2.68733058  0.64992747E+02 -0.16452252E-04  0.25399858E+21 -0.25648030E-09  0.18712589E+16  0.17262459E+01  0.97028602E-09
   0.69416  300.0000     -2.70364743  0.65544577E+02 -0.16353704E-04  0.25731612E+21 -0.25503066E-09  0.18943175E+16  0.17320837E+01  0.97852437E-09
   0.69466  300.0000     -2.72010381  0.66107702E+02 -0.16235983E-04  0.26065614E+21 -0.25342330E-09  0.19173458E+16  0.17385232E+01  0.98693134E-09
   0.69516  300.0000     -2.73670157  0.66674444E+02 -0.16098250E-04  0.26401446E+21 -0.25165524E-09  0.19403548E+16  0.17456960E+01  0.99539231E-09
   0.69566  300.0000     -2.75344079  0.67238345E+02 -0.15940513E-04  0.26738652E+21 -0.24972757E-09  0.19633557E+16  0.17536816E+01  0.10038109E-08
   0.69616  300.0000     -2.77032010  0.67794509E+02 -0.15763386E-04  0.27076762E+21 -0.24764555E-09  0.19863571E+16  0.17624961E+01  0.10121139E-08
   0.69666  300.0000     -2.78733712  0.68339581E+02 -0.15567855E-04  0.27415302E+21 -0.24541793E-09  0.20093654E+16  0.17721007E+01  0.10202514E-08
   0.69716  300.0000     -2.80448879  0.68871465E+02 -0.15355157E-04  0.27753794E+21 -0.24305574E-09  0.20323863E+16  0.17824227E+01  0.10281919E-08
   0.69766  300.0000     -2.82177164  0.69388913E+02 -0.15126803E-04  0.28091765E+21 -0.24057099E-09  0.20554258E+16  0.17933824E+01  0.10359170E-08
   0.69816  300.0000     -2.83918198  0.69891199E+02 -0.14884670E-04  0.28428745E+21 -0.23797560E-09  0.20784914E+16  0.18049130E+01  0.10434157E-08
   0.69866  300.0000     -2.85671595  0.70377956E+02 -0.14631092E-04  0.28764293E+21 -0.23528095E-09  0.21015905E+16  0.18169687E+01  0.10506826E-08
   0.69916  300.0000     -2.87436967  0.70849231E+02 -0.14368846E-04  0.29098013E+21 -0.23249785E-09  0.21247279E+16  0.18295195E+01  0.10577183E-08
   0.69966  300.0000     -2.89213932  0.71305666E+02 -0.14101012E-04  0.29429581E+21 -0.22963705E-09  0.21479032E+16  0.18425375E+01  0.10645325E-08
   0.70016  300.0000     -2.91002138  0.71748683E+02 -0.13830726E-04  0.29758760E+21 -0.22671013E-09  0.21711083E+16  0.18559816E+01  0.10711464E-08
   0.70066  300.0000     -2.92801274  0.72180550E+02 -0.13560901E-04  0.30085403E+21 -0.22373036E-09  0.21943277E+16  0.18697902E+01  0.10775938E-08
   0.70116  300.0000     -2.94611097  0.72604258E+02 -0.13293999E-04  0.30409446E+21 -0.22071343E-09  0.22175402E+16  0.18838832E+01  0.10839194E-08
   0.70166  300.0000     -2.96431447  0.73023231E+02 -0.13031931E-04  0.30730879E+21 -0.21767747E-09  0.22407217E+16  0.18981750E+01  0.10901743E-08
   0.70216  300.0000     -2.98262248  0.73440964E+02 -0.12776094E-04  0.31049732E+21 -0.21464232E-09  0.22638489E+16  0.19125901E+01  0.10964107E-08
   0.70266  300.0000     -3.00103512  0.73860705E+02 -0.12527509E-04  0.31366053E+21 -0.21162766E-09  0.22869013E+16  0.19270773E+01  0.11026770E-08
   0.70316  300.0000     -3.01955324  0.74285267E+02 -0.12286974E-04  0.31679904E+21 -0.20865064E-09  0.23098607E+16  0.19416157E+01  0.11090154E-08
   0.70366  300.0000     -3.03817835  0.74716977E+02 -0.12055142E-04  0.31991366E+21 -0.20572330E-09  0.23327098E+16  0.19562135E+01  0.11154604E-08
   0.70416  300.0000     -3.05691248  0.75157746E+02 -0.11832489E-04  0.32300547E+21 -0.20285057E-09  0.23554291E+16  0.19709012E+01  0.11220407E-08
   0.70466  300.0000     -3.07575811  0.75609168E+02 -0.11619185E-04  0.32607585E+21 -0.20002921E-09  0.23779950E+16  0.19857232E+01  0.11287801E-08
   0.70516  300.0000     -3.09471807  0.76072621E+02 -0.11414922E-04  0.32912640E+21 -0.19724803E-09  0.24003799E+16  0.20007322E+01  0.11356990E-08
   0.70566  300.0000     -3.11379553  0.76549311E+02 -0.11218793E-04  0.33215878E+21 -0.19448913E-09  0.24225539E+16  0.20159862E+01  0.11428156E-08
   0.70616  300.0000     -3.13299392  0.77040285E+02 -0.11029280E-04  0.33517429E+21 -0.19173018E-09  0.24444891E+16  0.20315497E+01  0.11501454E-08
   0.70666  300.0000     -3.15231693  0.77546414E+02 -0.10844397E-04  0.33817366E+21 -0.18894697E-09  0.24661643E+16  0.20474960E+01  0.11577015E-08
   0.70716  300.0000     -3.17176845  0.78068397E+02 -0.10661964E-04  0.34115669E+21 -0.18611626E-09  0.24875680E+16  0.20639097E+01  0.11654943E-08
   0.70766  300.0000     -3.19135250  0.78606814E+02 -0.10479939E-04  0.34412224E+21 -0.18321827E-09  0.25087005E+16  0.20808863E+01  0.11735324E-08
   0.70816  300.0000     -3.21107327  0.79162214E+02 -0.10296733E-04  0.34706826E+21 -0.18023878E-09  0.25295718E+16  0.20985298E+01  0.11818240E-08
   0.70866  300.0000     -3.23093507  0.79735244E+02 -0.10111423E-04  0.34999201E+21 -0.17717038E-09  0.25501993E+16  0.21169480E+01  0.11903789E-08
   0.70916  300.0000     -3.25094243  0.80326774E+02 -0.99238276E-05  0.35289044E+21 -0.17401296E-09  0.25706030E+16  0.21362486E+01  0.11992099E-08
   0.70966  300.0000     -3.27110010  0.80937992E+02 -0.97344497E-05  0.35576044E+21 -0.17077318E-09  0.25908021E+16  0.21565364E+01  0.12083349E-08
   0.71016  300.0000     -3.29141320  0.81570476E+02 -0.95443197E-05  0.35859911E+21 -0.16746304E-09  0.26108113E+16  0.21779122E+01  0.12177773E-08
   0.71066  300.0000     -3.31188728  0.82226223E+02 -0.93547871E-05  0.36140400E+21 -0.16409778E-09  0.26306396E+16  0.22004731E+01  0.12275670E-08
   0.71116  300.0000     -3.33252845  0.82907677E+02 -0.91673031E-05  0.36417319E+21 -0.16069346E-09  0.26502888E+16  0.22243134E+01  0.12377406E-08
   0.71166  300.0000     -3.35334350  0.83617741E+02 -0.89832245E-05  0.36690536E+21 -0.15726472E-09  0.26697536E+16  0.22495245E+01  0.12483412E-08
   0.71216  300.0000     -3.37433999  0.84359816E+02 -0.88036501E-05  0.36959981E+21 -0.15382307E-09  0.26890207E+16  0.22761934E+01  0.12594198E-08
   0.71266  300.0000     -3.39552640  0.85137847E+02 -0.86292869E-05  0.37225650E+21 -0.15037580E-09  0.27080690E+16  0.23043992E+01  0.12710351E-08
   0.71316  300.0000     -3.41691228  0.85956380E+02 -0.84603386E-05  0.37487589E+21 -0.14692578E-09  0.27268700E+16  0.23342084E+01  0.12832551E-08
   0.71366  300.0000     -3.43850840  0.86820595E+02 -0.82964175E-05  0.37745888E+21 -0.14347172E-09  0.27453883E+16  0.23656698E+01  0.12961571E-08
   0.71416  300.0000     -3.46032687  0.87736309E+02 -0.81364986E-05  0.38000655E+21 -0.14000886E-09  0.27635851E+16  0.23988106E+01  0.13098279E-08
   0.71466  300.0000     -3.48238137  0.88709906E+02 -0.79789499E-05  0.38251976E+21 -0.13652978E-09  0.27814220E+16  0.24336350E+01  0.13243629E-08
   0.71516  300.0000     -3.50468722  0.89748237E+02 -0.78216668E-05  0.38499879E+21 -0.13302521E-09  0.27988665E+16  0.24701241E+01  0.13398643E-08
   0.71566  300.0000     -3.52726148  0.90858502E+02 -0.76623176E-05  0.38744296E+21 -0.12948472E-09  0.28158976E+16  0.25082339E+01  0.13564396E-08
   0.71616  300.0000     -3.55012308  0.92048156E+02 -0.74986665E-05  0.38985044E+21 -0.12589744E-09  0.28325092E+16  0.25478923E+01  0.13742001E-08
   0.71666  300.0000     -3.57329282  0.93324855E+02 -0.73289111E-05  0.39221820E+21 -0.12225259E-09  0.28487101E+16  0.25889897E+01  0.13932601E-08
   0.71716  300.0000     -3.59679342  0.94696425E+02 -0.71519505E-05  0.39454227E+21 -0.11854019E-09  0.28645218E+16  0.26313671E+01  0.14137365E-08
   0.71766  300.0000     -3.62064959  0.96170787E+02 -0.69675179E-05  0.39681812E+21 -0.11475172E-09  0.28799728E+16  0.26748048E+01  0.14357474E-08
   0.71816  300.0000     -3.64488803  0.97755777E+02 -0.67761455E-05  0.39904114E+21 -0.11088091E-09  0.28950927E+16  0.27190145E+01  0.14594100E-08
   0.71866  300.0000     -3.66953732  0.99458777E+02 -0.65789827E-05  0.40120711E+21 -0.10692435E-09  0.29099068E+16  0.27636416E+01  0.14848343E-08
   0.71916  300.0000     -3.69462779  0.10128617E+03 -0.63775296E-05  0.40331245E+21 -0.10288201E-09  0.29244335E+16  0.28082770E+01  0.15121157E-08
   0.71966  300.0000     -3.72019117  0.10324265E+03 -0.61733648E-05  0.40535435E+21 -0.98757524E-10  0.29386837E+16  0.28524756E+01  0.15413243E-08
   0.72016  300.0000     -3.74626008  0.10533059E+03 -0.59679335E-05  0.40733078E+21 -0.94558059E-10  0.29526629E+16  0.28957756E+01  0.15724954E-08
   0.72066  300.0000     -3.77286737  0.10754938E+03 -0.57624297E-05  0.40924034E+21 -0.90293970E-10  0.29663740E+16  0.29377139E+01  0.16056200E-08
   0.72116  300.0000     -3.80004535  0.10989499E+03 -0.55577732E-05  0.41108215E+21 -0.85978104E-10  0.29798213E+16  0.29778372E+01  0.16406380E-08
   0.72166  300.0000     -3.82782478  0.11235939E+03 -0.53546691E-05  0.41285565E+21 -0.81624951E-10  0.29930127E+16  0.30157211E+01  0.16774293E-08
   0.72216  300.0000     -3.85623388  0.11492975E+03 -0.51537295E-05  0.41456052E+21 -0.77249751E-10  0.30059631E+16  0.30510106E+01  0.17158026E-08
   0.72266  300.0000     -3.88529694  0.11758724E+03 -0.49556412E-05  0.41619663E+21 -0.72867752E-10  0.30186963E+16  0.30834985E+01  0.17554768E-08
   0.72316  300.0000     -3.91503260  0.12030554E+03 -0.47613581E-05  0.41776405E+21 -0.68493757E-10  0.30312448E+16  0.31132380E+01  0.17960586E-08
   0.72366  300.0000     -3.94545187  0.12304949E+03 -0.45722885E-05  0.41926319E+21 -0.64141999E-10  0.30436493E+16  0.31406646E+01  0.18370235E-08
   0.72416  300.0000     -3.97655582  0.12577492E+03 -0.43904432E-05  0.42069509E+21 -0.59826226E-10  0.30559554E+16  0.31666771E+01  0.18777118E-08
   0.72466  300.0000     -4.00833350  0.12843034E+03 -0.42185011E-05  0.42206179E+21 -0.55559812E-10  0.30682078E+16  0.31926208E+01  0.19173549E-08
   0.72516  300.0000     -4.04076061  0.13096126E+03 -0.40597527E-05  0.42336681E+21 -0.51355668E-10  0.30804431E+16  0.32201269E+01  0.19551394E-08
   0.72566  300.0000     -4.07379949  0.13331685E+03 -0.39178887E-05  0.42461563E+21 -0.47225875E-10  0.30926811E+16  0.32508110E+01  0.19903064E-08
   0.72616  300.0000     -4.10740108  0.13545768E+03 -0.37966213E-05  0.42581615E+21 -0.43181066E-10  0.31049158E+16  0.32858911E+01  0.20222671E-08
   0.72666  300.0000     -4.14150860  0.13736239E+03 -0.36991682E-05  0.42697882E+21 -0.39229710E-10  0.31171095E+16  0.33258428E+01  0.20507028E-08
   0.72716  300.0000     -4.17606254  0.13903091E+03 -0.36276750E-05  0.42811648E+21 -0.35377504E-10  0.31291903E+16  0.33702280E+01  0.20756123E-08
   0.72766  300.0000     -4.21100596  0.14048275E+03 -0.35826908E-05  0.42924375E+21 -0.31626994E-10  0.31410564E+16  0.34177875E+01  0.20972871E-08
   0.72816  300.0000     -4.24628857  0.14175063E+03 -0.35628168E-05  0.43037600E+21 -0.27977522E-10  0.31525855E+16  0.34667877E+01  0.21162154E-08
   0.72866  300.0000     -4.28186903  0.14287148E+03 -0.35646150E-05  0.43152804E+21 -0.24425509E-10  0.31636481E+16  0.35155031E+01  0.21329487E-08
   0.72916  300.0000     -4.31771482  0.14387810E+03 -0.35827966E-05  0.43271283E+21 -0.20965031E-10  0.31741221E+16  0.35626517E+01  0.21479767E-08
   0.72966  300.0000     -4.35380056  0.14479414E+03 -0.36106467E-05  0.43394020E+21 -0.17588614E-10  0.31839044E+16  0.36076313E+01  0.21616524E-08
   0.73016  300.0000     -4.39010553  0.14563360E+03 -0.36405996E-05  0.43521607E+21 -0.14288155E-10  0.31929201E+16  0.36504934E+01  0.21741849E-08
   0.73066  300.0000     -4.42661161  0.14640407E+03 -0.36648593E-05  0.43654189E+21 -0.11055851E-10  0.32011255E+16  0.36917081E+01  0.21856873E-08
   0.73116  300.0000     -4.46330232  0.14711175E+03 -0.36759706E-05  0.43791462E+21 -0.78850343E-11  0.32085071E+16  0.37318386E+01  0.21962524E-08
   0.73166  300.0000     -4.50016302  0.14776600E+03 -0.36672706E-05  0.43932698E+21 -0.47708145E-11  0.32150763E+16  0.37712572E+01  0.22060197E-08
   0.73216  300.0000     -4.53718211  0.14838187E+03 -0.36331811E-05  0.44076805E+21 -0.17103882E-11  0.32208621E+16  0.38099833E+01  0.22152142E-08
   0.73266  300.0000     -4.57435249  0.14898026E+03 -0.35693405E-05  0.44222399E+21  0.12970867E-11  0.32259026E+16  0.38476616E+01  0.22241476E-08
   0.73316  300.0000     -4.61167285  0.14958609E+03 -0.34725994E-05  0.44367878E+21  0.42511216E-11  0.32302372E+16  0.38836433E+01  0.22331922E-08
   0.73366  300.0000     -4.64914834  0.15022553E+03 -0.33409130E-05  0.44511499E+21  0.71509715E-11  0.32338998E+16  0.39171157E+01  0.22427384E-08
   0.73416  300.0000     -4.68679046  0.15092297E+03 -0.31731598E-05  0.44651446E+21  0.99969606E-11  0.32369134E+16  0.39472307E+01  0.22531506E-08
   0.73466  300.0000     -4.72461635  0.15169850E+03 -0.29689100E-05  0.44785886E+21  0.12791764E-10  0.32392875E+16  0.39732077E+01  0.22647285E-08
   0.73516  300.0000     -4.76264738  0.15256576E+03 -0.27281715E-05  0.44913002E+21  0.15541354E-10  0.32410174E+16  0.39944090E+01  0.22776761E-08
   0.73566  300.0000     -4.80090738  0.15353054E+03 -0.24511564E-05  0.45031008E+21  0.18255425E-10  0.32420880E+16  0.40103912E+01  0.22920794E-08
   0.73616  300.0000     -4.83942055  0.15458983E+03 -0.21381244E-05  0.45138142E+21  0.20947261E-10  0.32424805E+16  0.40209381E+01  0.23078936E-08
   0.73666  300.0000     -4.87820919  0.15573157E+03 -0.17893462E-05  0.45232642E+21  0.23633178E-10  0.32421810E+16  0.40260698E+01  0.23249389E-08
   0.73716  300.0000     -4.91729151  0.15693526E+03 -0.14052020E-05  0.45312736E+21  0.26331727E-10  0.32411894E+16  0.40260216E+01  0.23429089E-08
   0.73766  300.0000     -4.95667969  0.15817321E+03 -0.98638145E-06  0.45376634E+21  0.29062845E-10  0.32395253E+16  0.40211933E+01  0.23613904E-08
   0.73816  300.0000     -4.99637823  0.15941233E+03 -0.53412780E-06  0.45422552E+21  0.31847067E-10  0.32372306E+16  0.40120824E+01  0.23798895E-08
   0.73866  300.0000     -5.03638289  0.16061591E+03 -0.50469489E-07  0.45448758E+21  0.34704854E-10  0.32343694E+16  0.39992263E+01  0.23978580E-08
   0.73916  300.0000     -5.07667998  0.16174507E+03  0.46159287E-06  0.45453633E+21  0.37655995E-10  0.32310248E+16  0.39831761E+01  0.24147153E-08
   0.73966  300.0000     -5.11724588  0.16275959E+03  0.99794267E-06  0.45435740E+21  0.40719084E-10  0.32272953E+16  0.39645104E+01  0.24298612E-08
   0.74016  300.0000     -5.15804680  0.16361840E+03  0.15532298E-05  0.45393901E+21  0.43911010E-10  0.32232902E+16  0.39438802E+01  0.24426824E-08
   0.74066  300.0000     -5.19903864  0.16428000E+03  0.21207696E-05  0.45327274E+21  0.47246429E-10  0.32191235E+16  0.39220595E+01  0.24525596E-08
   0.74116  300.0000     -5.24016694  0.16470333E+03  0.26924793E-05  0.45235453E+21  0.50737216E-10  0.32149052E+16  0.38999752E+01  0.24588795E-08
   0.74166  300.0000     -5.28136719  0.16484938E+03  0.32589066E-05  0.45118558E+21  0.54391877E-10  0.32107288E+16  0.38786921E+01  0.24610599E-08
   0.74216  300.0000     -5.32256563  0.16468371E+03  0.38094315E-05  0.44977340E+21  0.58214991E-10  0.32066573E+16  0.38593412E+01  0.24585866E-08
   0.74266  300.0000     -5.36368082  0.16417981E+03  0.43327114E-05  0.44813260E+21  0.62206701E-10  0.32027083E+16  0.38429915E+01  0.24510638E-08
   0.74316  300.0000     -5.40462607  0.16332283E+03  0.48173919E-05  0.44628523E+21  0.66362278E-10  0.31988430E+16  0.38304823E+01  0.24382700E-08
   0.74366  300.0000     -5.44531279  0.16211308E+03  0.52530331E-05  0.44426037E+21  0.70671724E-10  0.31949646E+16  0.38222473E+01  0.24202094E-08
   0.74416  300.0000     -5.48565464  0.16056822E+03  0.56311205E-05  0.44209290E+21  0.75119379E-10  0.31909273E+16  0.38181839E+01  0.23971460E-08
   0.74466  300.0000     -5.52557187  0.15872344E+03  0.59459591E-05  0.43982131E+21  0.79683572E-10  0.31865578E+16  0.38176181E+01  0.23696050E-08
   0.74516  300.0000     -5.56499552  0.15662901E+03  0.61952240E-05  0.43748501E+21  0.84336397E-10  0.31816859E+16  0.38193917E+01  0.23383370E-08
   0.74566  300.0000     -5.60387063  0.15434575E+03  0.63799869E-05  0.43512146E+21  0.89043704E-10  0.31761766E+16  0.38220541E+01  0.23042498E-08
   0.74616  300.0000     -5.64215815  0.15193949E+03  0.65041750E-05  0.43276379E+21  0.93765369E-10  0.31699561E+16  0.38240909E+01  0.22683263E-08
   0.74666  300.0000     -5.67983561  0.14947605E+03  0.65735950E-05  0.43043938E+21  0.98455908E-10  0.31630238E+16  0.38241128E+01  0.22315493E-08
   0.74716  300.0000     -5.71689661  0.14701763E+03  0.65948002E-05  0.42816958E+21  0.10306553E-09  0.31554481E+16  0.38209513E+01  0.21948472E-08
   0.74766  300.0000     -5.75334958  0.14462083E+03  0.65741072E-05  0.42597048E+21  0.10754173E-09  0.31473482E+16  0.38136587E+01  0.21590651E-08
   0.74816  300.0000     -5.78921635  0.14233575E+03  0.65169828E-05  0.42385416E+21  0.11183147E-09  0.31388697E+16  0.38014542E+01  0.21249508E-08
   0.74866  300.0000     -5.82453036  0.14020528E+03  0.64278737E-05  0.42183018E+21  0.11588363E-09  0.31301602E+16  0.37836724E+01  0.20931448E-08
   0.74916  300.0000     -5.85933478  0.13826396E+03  0.63104073E-05  0.41990667E+21  0.11965141E-09  0.31213519E+16  0.37597580E+01  0.20641624E-08
   0.74966  300.0000     -5.89368016  0.13653605E+03  0.61678119E-05  0.41809102E+21  0.12309413E-09  0.31125526E+16  0.37293232E+01  0.20383662E-08
   0.75016  300.0000     -5.92762162  0.13503334E+03  0.60033743E-05  0.41638999E+21  0.12617807E-09  0.31038456E+16  0.36922525E+01  0.20159321E-08
   0.75066  300.0000     -5.96121541  0.13375308E+03  0.58207709E-05  0.41480942E+21  0.12887630E-09  0.30952974E+16  0.36488187E+01  0.19968189E-08
   0.75116  300.0000     -5.99451521  0.13267702E+03  0.56241578E-05  0.41335367E+21  0.13116772E-09  0.30869687E+16  0.35997657E+01  0.19807541E-08
   0.75166  300.0000     -6.02756821  0.13177204E+03  0.54179680E-05  0.41202502E+21  0.13303584E-09  0.30789275E+16  0.35463207E+01  0.19672437E-08
   0.75216  300.0000     -6.06041174  0.13099281E+03  0.52064394E-05  0.41082326E+21  0.13446776E-09  0.30712585E+16  0.34901187E+01  0.19556104E-08
   0.75266  300.0000     -6.09307066  0.13028601E+03  0.49929671E-05  0.40974566E+21  0.13545407E-09  0.30640682E+16  0.34330455E+01  0.19450585E-08
   0.75316  300.0000     -6.12555612  0.12959580E+03  0.47794256E-05  0.40878735E+21  0.13598965E-09  0.30574831E+16  0.33770294E+01  0.19347543E-08
   0.75366  300.0000     -6.15786552  0.12886940E+03  0.45656422E-05  0.40794224E+21  0.13607526E-09  0.30516398E+16  0.33238235E+01  0.19239097E-08
   0.75416  300.0000     -6.18998404  0.12806205E+03  0.43491934E-05  0.40720428E+21  0.13571952E-09  0.30466707E+16  0.32748192E+01  0.19118567E-08
   0.75466  300.0000     -6.22188701  0.12714068E+03  0.41256370E-05  0.40656875E+21  0.13494043E-09  0.30426864E+16  0.32309248E+01  0.18981014E-08
   0.75516  300.0000     -6.25354320  0.12608571E+03  0.38891780E-05  0.40603340E+21  0.13376614E-09  0.30397622E+16  0.31925221E+01  0.18823516E-08
   0.75566  300.0000     -6.28491821  0.12489127E+03  0.36336272E-05  0.40559893E+21  0.13223457E-09  0.30379321E+16  0.31594986E+01  0.18645197E-08
   0.75616  300.0000     -6.31597773  0.12356383E+03  0.33534072E-05  0.40526893E+21  0.13039174E-09  0.30371923E+16  0.31313380E+01  0.18447021E-08
   0.75666  300.0000     -6.34669040  0.12211997E+03  0.30443433E-05  0.40504918E+21  0.12828895E-09  0.30375124E+16  0.31072383E+01  0.18231465E-08
   0.75716  300.0000     -6.37703000  0.12058368E+03  0.27040609E-05  0.40494670E+21  0.12597893E-09  0.30388507E+16  0.30862320E+01  0.18002111E-08
   0.75766  300.0000     -6.40697694  0.11898377E+03  0.23319569E-05  0.40496884E+21  0.12351122E-09  0.30411666E+16  0.30672877E+01  0.17763258E-08
   0.75816  300.0000     -6.43651918  0.11735140E+03  0.19288638E-05  0.40512271E+21  0.12092749E-09  0.30444268E+16  0.30493865E+01  0.17519558E-08
   0.75866  300.0000     -6.46565255  0.11571797E+03  0.14966131E-05  0.40541504E+21  0.11825717E-09  0.30486047E+16  0.30315795E+01  0.17275701E-08
   0.75916  300.0000     -6.49438057  0.11411327E+03  0.10377086E-05  0.40585236E+21  0.11551449E-09  0.30536728E+16  0.30130293E+01  0.17036133E-08
   0.75966  300.0000     -6.52271381  0.11256384E+03  0.55523156E-06  0.40644124E+21  0.11269743E-09  0.30595943E+16  0.29930430E+01  0.16804816E-08
   0.76016  300.0000     -6.55066894  0.11109166E+03  0.52968945E-07  0.40718844E+21  0.10978895E-09  0.30663169E+16  0.29710959E+01  0.16585033E-08
   0.76066  300.0000     -6.57826746  0.10971315E+03 -0.46435214E-06  0.40810066E+21  0.10676071E-09  0.30737725E+16  0.29468483E+01  0.16379234E-08
   0.76116  300.0000     -6.60553419  0.10843848E+03 -0.99089072E-06  0.40918391E+21  0.10357840E-09  0.30818834E+16  0.29201560E+01  0.16188936E-08
   0.76166  300.0000     -6.63249566  0.10727113E+03 -0.15197191E-05  0.41044258E+21  0.10020805E-09  0.30905747E+16  0.28910797E+01  0.16014660E-08
   0.76216  300.0000     -6.65917844  0.10620784E+03 -0.20431197E-05  0.41187844E+21  0.96622145E-10  0.30997876E+16  0.28598889E+01  0.15855920E-08
   0.76266  300.0000     -6.68560746  0.10523895E+03 -0.25531361E-05  0.41348974E+21  0.92804692E-10  0.31094927E+16  0.28270550E+01  0.15711274E-08
   0.76316  300.0000     -6.71180454  0.10434945E+03 -0.30422881E-05  0.41527081E+21  0.88754636E-10  0.31196983E+16  0.27932203E+01  0.15578478E-08
   0.76366  300.0000     -6.73778724  0.10352053E+03 -0.35043157E-05  0.41721200E+21  0.84487469E-10  0.31304517E+16  0.27591354E+01  0.15454728E-08
   0.76416  300.0000     -6.76356816  0.10273191E+03 -0.39348067E-05  0.41930038E+21  0.80035123E-10  0.31418331E+16  0.27255696E+01  0.15336994E-08
   0.76466  300.0000     -6.78915492  0.10196413E+03 -0.43315812E-05  0.42152089E+21  0.75444441E-10  0.31539421E+16  0.26932114E+01  0.15222370E-08
   0.76516  300.0000     -6.81455057  0.10120064E+03 -0.46947562E-05  0.42385784E+21  0.70774461E-10  0.31668782E+16  0.26625880E+01  0.15108388E-08
   0.76566  300.0000     -6.83975456  0.10042908E+03 -0.50264637E-05  0.42629666E+21  0.66092772E-10  0.31807196E+16  0.26340222E+01  0.14993202E-08
   0.76616  300.0000     -6.86476379  0.99641748E+02 -0.53302517E-05  0.42882539E+21  0.61471203E-10  0.31955026E+16  0.26076346E+01  0.14875659E-08
   0.76666  300.0000     -6.88957382  0.98835253E+02 -0.56102451E-05  0.43143587E+21  0.56981325E-10  0.32112057E+16  0.25833770E+01  0.14755256E-08
   0.76716  300.0000     -6.91417984  0.98009915E+02 -0.58701872E-05  0.43412413E+21  0.52690278E-10  0.32277436E+16  0.25610794E+01  0.14632040E-08
   0.76766  300.0000     -6.93857747  0.97168970E+02 -0.61125254E-05  0.43689005E+21  0.48657446E-10  0.32449712E+16  0.25404917E+01  0.14506495E-08
   0.76816  300.0000     -6.96276347  0.96317840E+02 -0.63377254E-05  0.43973604E+21  0.44932180E-10  0.32627010E+16  0.25213163E+01  0.14379428E-08
   0.76866  300.0000     -6.98673612  0.95463398E+02 -0.65439853E-05  0.44266516E+21  0.41552524E-10  0.32807298E+16  0.25032359E+01  0.14251867E-08
   0.76916  300.0000     -7.01049552  0.94613185E+02 -0.67274494E-05  0.44567891E+21  0.38544655E-10  0.32988688E+16  0.24859418E+01  0.14124938E-08
   0.76966  300.0000     -7.03404368  0.93774577E+02 -0.68829001E-05  0.44877533E+21  0.35922820E-10  0.33169708E+16  0.24691663E+01  0.13999741E-08
   0.77016  300.0000     -7.05738432  0.92954035E+02 -0.70047706E-05  0.45194775E+21  0.33689661E-10  0.33349470E+16  0.24527114E+01  0.13877241E-08
   0.77066  300.0000     -7.08052263  0.92156609E+02 -0.70882213E-05  0.45518456E+21  0.31837061E-10  0.33527699E+16  0.24364654E+01  0.13758192E-08
   0.77116  300.0000     -7.10346485  0.91385819E+02 -0.71300134E-05  0.45846987E+21  0.30347722E-10  0.33704631E+16  0.24203997E+01  0.13643120E-08
   0.77166  300.0000     -7.12621794  0.90643894E+02 -0.71289943E-05  0.46178490E+21  0.29197565E-10  0.33880816E+16  0.24045476E+01  0.13532357E-08
   0.77216  300.0000     -7.14878932  0.89932224E+02 -0.70861433E-05  0.46510969E+21  0.28358834E-10  0.34056889E+16  0.23889728E+01  0.13426110E-08
   0.77266  300.0000     -7.17118666  0.89251846E+02 -0.70042499E-05  0.46842470E+21  0.27803518E-10  0.34233367E+16  0.23737383E+01  0.13324536E-08
   0.77316  300.0000     -7.19341793  0.88603813E+02 -0.68873663E-05  0.47171203E+21  0.27506537E-10  0.34410507E+16  0.23588841E+01  0.13227790E-08
   0.77366  300.0000     -7.21549137  0.87989374E+02 -0.67401872E-05  0.47495622E+21  0.27448203E-10  0.34588240E+16  0.23444158E+01  0.13136059E-08
   0.77416  300.0000     -7.23741554  0.87409975E+02 -0.65674805E-05  0.47814438E+21  0.27615611E-10  0.34766184E+16  0.23303039E+01  0.13049560E-08
   0.77466  300.0000     -7.25919940  0.86867129E+02 -0.63736556E-05  0.48126599E+21  0.28002864E-10  0.34943719E+16  0.23164893E+01  0.12968518E-08
   0.77516  300.0000     -7.28085227  0.86362213E+02 -0.61625114E-05  0.48431237E+21  0.28610223E-10  0.35120089E+16  0.23028930E+01  0.12893138E-08
   0.77566  300.0000     -7.30238376  0.85896251E+02 -0.59371598E-05  0.48727601E+21  0.29442397E-10  0.35294517E+16  0.22894241E+01  0.12823574E-08
   0.77616  300.0000     -7.32380368  0.85469721E+02 -0.57000801E-05  0.49015013E+21  0.30506314E-10  0.35466292E+16  0.22759880E+01  0.12759897E-08
   0.77666  300.0000     -7.34512189  0.85082387E+02 -0.54532364E-05  0.49292831E+21  0.31808747E-10  0.35634808E+16  0.22624917E+01  0.12702071E-08
   0.77716  300.0000     -7.36634805  0.84733127E+02 -0.51981913E-05  0.49560446E+21  0.33354210E-10  0.35799579E+16  0.22488512E+01  0.12649930E-08
   0.77766  300.0000     -7.38749144  0.84419745E+02 -0.49361836E-05  0.49817285E+21  0.35143445E-10  0.35960214E+16  0.22350007E+01  0.12603144E-08
   0.77816  300.0000     -7.40856063  0.84138768E+02 -0.46681737E-05  0.50062828E+21  0.37172730E-10  0.36116405E+16  0.22209060E+01  0.12561197E-08
   0.77866  300.0000     -7.42956312  0.83885270E+02 -0.43948846E-05  0.50296612E+21  0.39434001E-10  0.36267904E+16  0.22065789E+01  0.12523352E-08
   0.77916  300.0000     -7.45050502  0.83652807E+02 -0.41168742E-05  0.50518241E+21  0.41915620E-10  0.36414522E+16  0.21920878E+01  0.12488647E-08
   0.77966  300.0000     -7.47139063  0.83433557E+02 -0.38346507E-05  0.50727384E+21  0.44603506E-10  0.36556133E+16  0.21775601E+01  0.12455915E-08
   0.78016  300.0000     -7.49222217  0.83218748E+02 -0.35488220E-05  0.50923782E+21  0.47482304E-10  0.36692668E+16  0.21631691E+01  0.12423846E-08
   0.78066  300.0000     -7.51299962  0.82999382E+02 -0.32602381E-05  0.51107263E+21  0.50536410E-10  0.36824097E+16  0.21491047E+01  0.12391096E-08
   0.78116  300.0000     -7.53372078  0.82767158E+02 -0.29700814E-05  0.51277761E+21  0.53750781E-10  0.36950389E+16  0.21355316E+01  0.12356427E-08
   0.78166  300.0000     -7.55438156  0.82515399E+02 -0.26798629E-05  0.51435351E+21  0.57111537E-10  0.37071461E+16  0.21225448E+01  0.12318842E-08
   0.78216  300.0000     -7.57497648  0.82239722E+02 -0.23913131E-05  0.51580269E+21  0.60606420E-10  0.37187119E+16  0.21101376E+01  0.12277686E-08
   0.78266  300.0000     -7.59549927  0.81938258E+02 -0.21061874E-05  0.51712925E+21  0.64225043E-10  0.37297031E+16  0.20981913E+01  0.12232680E-08
   0.78316  300.0000     -7.61594349  0.81611362E+02 -0.18260320E-05  0.51833881E+21  0.67958863E-10  0.37400721E+16  0.20864920E+01  0.12183877E-08
   0.78366  300.0000     -7.63630299  0.81260902E+02 -0.15519713E-05  0.51943818E+21  0.71800763E-10  0.37497612E+16  0.20747676E+01  0.12131556E-08
   0.78416  300.0000     -7.65657218  0.80889355E+02 -0.12845690E-05  0.52043462E+21  0.75744222E-10  0.37587093E+16  0.20627334E+01  0.12076087E-08
   0.78466  300.0000     -7.67674609  0.80498908E+02 -0.10237980E-05  0.52133517E+21  0.79782187E-10  0.37668609E+16  0.20501352E+01  0.12017797E-08
   0.78516  300.0000     -7.69682016  0.80090755E+02 -0.76912364E-06  0.52214586E+21  0.83905882E-10  0.37741747E+16  0.20367819E+01  0.11956863E-08
   0.78566  300.0000     -7.71678998  0.79664636E+02 -0.51968433E-06  0.52287116E+21  0.88103817E-10  0.37806308E+16  0.20225652E+01  0.11893248E-08
   0.78616  300.0000     -7.73665083  0.79218630E+02 -0.27453226E-06  0.52351365E+21  0.92361256E-10  0.37862343E+16  0.20074681E+01  0.11826663E-08
   0.78666  300.0000     -7.75639734  0.78749178E+02 -0.32894817E-07  0.52407391E+21  0.96660270E-10  0.37910161E+16  0.19915648E+01  0.11756577E-08
   0.78716  300.0000     -7.77602305  0.78251317E+02  0.20557990E-06  0.52455076E+21  0.10098040E-09  0.37950298E+16  0.19750132E+01  0.11682251E-08
   0.78766  300.0000     -7.79552014  0.77719090E+02  0.44062245E-06  0.52494168E+21  0.10529980E-09  0.37983474E+16  0.19580409E+01  0.11602794E-08
   0.78816  300.0000     -7.81487921  0.77146144E+02  0.67120811E-06  0.52524336E+21  0.10959671E-09  0.38010523E+16  0.19409232E+01  0.11517258E-08
   0.78866  300.0000     -7.83408931  0.76526481E+02  0.89550618E-06  0.52545234E+21  0.11385093E-09  0.38032325E+16  0.19239546E+01  0.11424748E-08
   0.78916  300.0000     -7.85313815  0.75855300E+02  0.11109248E-05  0.52556564E+21  0.11804513E-09  0.38049744E+16  0.19074134E+01  0.11324546E-08
   0.78966  300.0000     -7.87201243  0.75129846E+02  0.13142551E-05  0.52558130E+21  0.12216579E-09  0.38063572E+16  0.18915240E+01  0.11216242E-08
   0.79016  300.0000     -7.89069854  0.74350131E+02  0.15019063E-05  0.52549886E+21  0.12620366E-09  0.38074486E+16  0.18764226E+01  0.11099837E-08
   0.79066  300.0000     -7.90918323  0.73519354E+02  0.16702053E-05  0.52531961E+21  0.13015381E-09  0.38083030E+16  0.18621355E+01  0.10975810E-08
   0.79116  300.0000     -7.92745449  0.72643920E+02  0.18157203E-05  0.52504680E+21  0.13401537E-09  0.38089603E+16  0.18485749E+01  0.10845115E-08
   0.79166  300.0000     -7.94550223  0.71733005E+02  0.19355607E-05  0.52468564E+21  0.13779107E-09  0.38094458E+16  0.18355560E+01  0.10709123E-08
   0.79216  300.0000     -7.96331896  0.70797736E+02  0.20276171E-05  0.52424331E+21  0.14148680E-09  0.38097706E+16  0.18228322E+01  0.10569495E-08
   0.79266  300.0000     -7.98090007  0.69850157E+02  0.20907187E-05  0.52372883E+21  0.14511118E-09  0.38099310E+16  0.18101389E+01  0.10428030E-08
   0.79316  300.0000     -7.99824401  0.68902188E+02  0.21247065E-05  0.52315292E+21  0.14867513E-09  0.38099083E+16  0.17972363E+01  0.10286506E-08
   0.79366  300.0000     -8.01535205  0.67964767E+02  0.21304321E-05  0.52252773E+21  0.15219137E-09  0.38096692E+16  0.17839409E+01  0.10146557E-08
   0.79416  300.0000     -8.03222806  0.67047297E+02  0.21097053E-05  0.52186650E+21  0.15567388E-09  0.38091671E+16  0.17701404E+01  0.10009587E-08
   0.79466  300.0000     -8.04887800  0.66157402E+02  0.20652176E-05  0.52118301E+21  0.15913720E-09  0.38083450E+16  0.17557932E+01  0.98767333E-09
   0.79516  300.0000     -8.06530955  0.65300952E+02  0.20004634E-05  0.52049096E+21  0.16259579E-09  0.38071402E+16  0.17409158E+01  0.97488726E-09
